2023-09-04 22:29:11,594 [INFO] Activator:176 - 


2023-09-04 22:29:11,597 [INFO] Activator:177 - !SESSION log4j initialized
2023-09-04 22:29:15,772 [INFO] LogOutputStream:77 - [STDOUT_REDIRECT] 
2023-09-04 22:29:26,105 [INFO] ApplicationProperties:184 - Using Application install path: D:\Programs\STM32CubeIDE_1.13.1\STM32CubeIDE\plugins\com.st.stm32cube.common.mx_6.9.1.202307191849
2023-09-04 22:29:26,120 [INFO] DbMcusXml:78 - Set database path to: D:\Programs\STM32CubeIDE_1.13.1\STM32CubeIDE\plugins\com.st.stm32cube.common.mx_6.9.1.202307191849\\db\/mcu/
2023-09-04 22:29:26,120 [INFO] ApiDb:274 - Set plugin database path to: D:\Programs\STM32CubeIDE_1.13.1\STM32CubeIDE\plugins\com.st.stm32cube.common.mx_6.9.1.202307191849\\db\/plugins/boardmanager/
2023-09-04 22:29:26,120 [WARN] ApiDb:259 - Overriding images path with different value:  => D:\Programs\STM32CubeIDE_1.13.1\STM32CubeIDE\plugins\com.st.stm32cube.common.mx_6.9.1.202307191849\\db\/plugins/mcufinder/images/
2023-09-04 22:29:26,126 [INFO] ApiDb:250 - Set database path to: C:\Users\baris\.stmcufinder\plugins\mcufinder//mcu/
2023-09-04 22:29:26,127 [INFO] DbMcusAds:125 - Set database path to: C:\Users\baris\.stmcufinder\plugins\mcufinder//mcu/
2023-09-04 22:29:26,139 [INFO] CrossReferenceDbSqlite:203 - Set database path to: C:\Users\baris\.stmcufinder\plugins\mcufinder//mcu/cs/
2023-09-04 22:29:26,218 [INFO] RulesReader:64 - Compatibility file has been processed (293 Rules)
2023-09-04 22:29:26,274 [INFO] DbMcusXml:78 - Set database path to: D:\Programs\STM32CubeIDE_1.13.1\STM32CubeIDE\plugins\com.st.stm32cube.common.mx_6.9.1.202307191849\\db\/mcu/
2023-09-04 22:29:26,274 [INFO] ApiDb:274 - Set plugin database path to: D:\Programs\STM32CubeIDE_1.13.1\STM32CubeIDE\plugins\com.st.stm32cube.common.mx_6.9.1.202307191849\\db\/plugins/boardmanager/
2023-09-04 22:29:26,274 [INFO] ApiDb:261 - Set plugin images path to: D:\Programs\STM32CubeIDE_1.13.1\STM32CubeIDE\plugins\com.st.stm32cube.common.mx_6.9.1.202307191849\\db\/plugins/mcufinder/images/
2023-09-04 22:29:26,275 [WARN] DbFile:41 - Overriding database path with different value: C:\Users\baris\.stmcufinder\plugins\mcufinder/ => C:\Users\baris\.stmcufinder\plugins\mcufinder
2023-09-04 22:29:26,275 [INFO] ApiDb:250 - Set database path to: C:\Users\baris\.stmcufinder\plugins\mcufinder//mcu/
2023-09-04 22:29:26,275 [WARN] DbFile:41 - Overriding database path with different value: C:\Users\baris\.stmcufinder\plugins\mcufinder/ => C:\Users\baris\.stmcufinder\plugins\mcufinder
2023-09-04 22:29:26,275 [INFO] DbMcusAds:125 - Set database path to: C:\Users\baris\.stmcufinder\plugins\mcufinder//mcu/
2023-09-04 22:29:26,275 [WARN] DbFile:41 - Overriding database path with different value: C:\Users\baris\.stmcufinder\plugins\mcufinder/ => C:\Users\baris\.stmcufinder\plugins\mcufinder
2023-09-04 22:29:26,275 [WARN] DbFile:41 - Overriding database path with different value: C:\Users\baris\.stmcufinder\plugins\mcufinder/ => C:\Users\baris\.stmcufinder\plugins\mcufinder
2023-09-04 22:29:26,275 [INFO] CrossReferenceDbSqlite:203 - Set database path to: C:\Users\baris\.stmcufinder\plugins\mcufinder//mcu/cs/
2023-09-04 22:29:26,326 [INFO] MainPanel:262 - HeapMemory: 268435456
2023-09-04 22:29:26,408 [INFO] DbMcusXml:78 - Set database path to: D:\Programs\STM32CubeIDE_1.13.1\STM32CubeIDE\plugins\com.st.stm32cube.common.mx_6.9.1.202307191849\\db\/mcu/
2023-09-04 22:29:26,408 [INFO] ApiDb:274 - Set plugin database path to: D:\Programs\STM32CubeIDE_1.13.1\STM32CubeIDE\plugins\com.st.stm32cube.common.mx_6.9.1.202307191849\\db\/plugins/boardmanager/
2023-09-04 22:29:26,408 [INFO] ApiDb:261 - Set plugin images path to: D:\Programs\STM32CubeIDE_1.13.1\STM32CubeIDE\plugins\com.st.stm32cube.common.mx_6.9.1.202307191849\\db\/plugins/mcufinder/images/
2023-09-04 22:29:26,409 [WARN] DbFile:41 - Overriding database path with different value: C:\Users\baris\.stmcufinder\plugins\mcufinder/ => C:\Users\baris\.stmcufinder\plugins\mcufinder
2023-09-04 22:29:26,409 [INFO] ApiDb:250 - Set database path to: C:\Users\baris\.stmcufinder\plugins\mcufinder//mcu/
2023-09-04 22:29:26,409 [WARN] DbFile:41 - Overriding database path with different value: C:\Users\baris\.stmcufinder\plugins\mcufinder/ => C:\Users\baris\.stmcufinder\plugins\mcufinder
2023-09-04 22:29:26,409 [INFO] DbMcusAds:125 - Set database path to: C:\Users\baris\.stmcufinder\plugins\mcufinder//mcu/
2023-09-04 22:29:26,409 [WARN] DbFile:41 - Overriding database path with different value: C:\Users\baris\.stmcufinder\plugins\mcufinder/ => C:\Users\baris\.stmcufinder\plugins\mcufinder
2023-09-04 22:29:26,409 [WARN] DbFile:41 - Overriding database path with different value: C:\Users\baris\.stmcufinder\plugins\mcufinder/ => C:\Users\baris\.stmcufinder\plugins\mcufinder
2023-09-04 22:29:26,409 [INFO] CrossReferenceDbSqlite:203 - Set database path to: C:\Users\baris\.stmcufinder\plugins\mcufinder//mcu/cs/
2023-09-04 22:29:26,424 [INFO] ApplicationProperties:184 - Using Application install path: D:\Programs\STM32CubeIDE_1.13.1\STM32CubeIDE\plugins\com.st.stm32cube.common.mx_6.9.1.202307191849
2023-09-04 22:29:26,425 [INFO] PluginManage:196 - Search for loadable plugins [exclusion list=, ]
2023-09-04 22:29:26,426 [INFO] PluginManage:310 - Check plugin analytics
2023-09-04 22:29:26,555 [INFO] AnalyticsPlugin:253 - Accepted Software Licenses: 
2023-09-04 22:29:26,555 [INFO] AnalyticsPlugin:255 - Accepted CMSIS Pack Licenses: 
2023-09-04 22:29:26,555 [INFO] AnalyticsPlugin:257 - Accepted Firmware Licenses: FW.F4.1.27.0,FW.F7.1.17.0
2023-09-04 22:29:26,558 [INFO] PluginManage:359 - Loaded plugin analytics (category:tool,tabindex:-1)
2023-09-04 22:29:26,558 [INFO] PluginManage:310 - Check plugin cadmodel
2023-09-04 22:29:26,571 [INFO] CADModel:105 - Init CAD model plugin
2023-09-04 22:29:26,571 [INFO] PluginManage:359 - Loaded plugin cadmodel (category:power,tabindex:5)
2023-09-04 22:29:26,572 [INFO] PluginManage:310 - Check plugin clock
2023-09-04 22:29:26,588 [INFO] PluginManage:359 - Loaded plugin clock (category:base,tabindex:2)
2023-09-04 22:29:26,588 [INFO] PluginManage:310 - Check plugin ddr
2023-09-04 22:29:26,590 [INFO] PluginManage:359 - Loaded plugin ddr (category:tool,tabindex:6)
2023-09-04 22:29:26,590 [INFO] PluginManage:310 - Check plugin filemanager
2023-09-04 22:29:26,691 [INFO] PluginManage:359 - Loaded plugin filemanager (category:base,tabindex:10)
2023-09-04 22:29:26,691 [INFO] PluginManage:310 - Check plugin ipmanager
2023-09-04 22:29:26,696 [INFO] PluginManage:359 - Loaded plugin ipmanager (category:base,tabindex:5)
2023-09-04 22:29:26,696 [INFO] PluginManage:310 - Check plugin lpbam
2023-09-04 22:29:26,709 [INFO] PluginManage:359 - Loaded plugin lpbam (category:base,tabindex:0)
2023-09-04 22:29:26,709 [INFO] PluginManage:310 - Check plugin memorymap
2023-09-04 22:29:26,727 [INFO] PluginManage:359 - Loaded plugin memorymap (category:base,tabindex:4)
2023-09-04 22:29:26,727 [INFO] PluginManage:310 - Check plugin pinoutandconfiguration
2023-09-04 22:29:26,740 [INFO] PluginManage:359 - Loaded plugin pinoutandconfiguration (category:base,tabindex:1)
2023-09-04 22:29:26,740 [INFO] PluginManage:310 - Check plugin pinoutconfig
2023-09-04 22:29:26,812 [WARN] SupportedApi:132 - Cannot load RTOS API schema: s4s-elt-must-match.1: The content of 'definitions' must match (annotation?, (simpleType | complexType)?, (unique | key | keyref)*)). A problem was found starting at: attribute.
2023-09-04 22:29:26,910 [INFO] PluginManage:359 - Loaded plugin pinoutconfig (category:base,tabindex:0)
2023-09-04 22:29:26,910 [INFO] PluginManage:310 - Check plugin power
2023-09-04 22:29:26,926 [INFO] PluginManage:359 - Loaded plugin power (category:power,tabindex:4)
2023-09-04 22:29:26,926 [INFO] PluginManage:310 - Check plugin projectmanager
2023-09-04 22:29:26,935 [INFO] PluginManage:359 - Loaded plugin projectmanager (category:projectmanager,tabindex:3)
2023-09-04 22:29:26,936 [INFO] PluginManage:310 - Check plugin thirdparty
2023-09-04 22:29:27,111 [INFO] PluginManage:359 - Loaded plugin thirdparty (category:base,tabindex:-1)
2023-09-04 22:29:27,111 [WARN] IntegrityCheckThread:84 - waiting for thirdparty lock release [integrity check]
2023-09-04 22:29:27,112 [INFO] PluginManage:310 - Check plugin tools
2023-09-04 22:29:27,112 [INFO] IntegrityCheckThread:86 - entering critical section [integrity check]
2023-09-04 22:29:27,112 [INFO] ThirdPartyUpdaterWithRetryManager:70 - Updater plugin not ready yet. [1/15]
2023-09-04 22:29:27,136 [INFO] PluginManage:359 - Loaded plugin tools (category:base,tabindex:7)
2023-09-04 22:29:27,136 [INFO] PluginManage:310 - Check plugin tutovideos
2023-09-04 22:29:27,286 [INFO] PluginManage:359 - Loaded plugin tutovideos (category:base,tabindex:-1)
2023-09-04 22:29:27,286 [INFO] PluginManage:310 - Check plugin updater
2023-09-04 22:29:27,295 [INFO] PluginManage:359 - Loaded plugin updater (category:base,tabindex:12)
2023-09-04 22:29:27,295 [INFO] PluginManage:310 - Check plugin userauth
2023-09-04 22:29:27,299 [INFO] UserAuth:113 - Init User Auth plugin
2023-09-04 22:29:27,300 [INFO] PluginManage:359 - Loaded plugin userauth (category:base,tabindex:14)
2023-09-04 22:29:27,300 [INFO] PluginManage:283 - PluginManage : Loaded plugins [17]
2023-09-04 22:29:27,455 [INFO] PinOutPanel:1499 - setPackage(No Configuration,No Configuration)
2023-09-04 22:29:27,522 [INFO] CADModel:165 - CPN selected for project level
2023-09-04 22:29:27,523 [INFO] CADModel:114 - Register for checkConnection events
2023-09-04 22:29:27,543 [INFO] IPUIPlugin:80 - create IPUIPlugin
2023-09-04 22:29:27,543 [INFO] PluginManager:220 - loadIPPluginJar : add adc
2023-09-04 22:29:27,567 [INFO] IPUIPlugin:80 - create IPUIPlugin
2023-09-04 22:29:27,568 [INFO] PluginManager:220 - loadIPPluginJar : add aes
2023-09-04 22:29:27,599 [INFO] IPUIPlugin:80 - create IPUIPlugin
2023-09-04 22:29:27,599 [INFO] PluginManager:220 - loadIPPluginJar : add can
2023-09-04 22:29:27,617 [INFO] IPUIPlugin:80 - create IPUIPlugin
2023-09-04 22:29:27,617 [INFO] PluginManager:220 - loadIPPluginJar : add comp
2023-09-04 22:29:27,644 [INFO] IPUIPlugin:80 - create IPUIPlugin
2023-09-04 22:29:27,644 [INFO] PluginManager:220 - loadIPPluginJar : add cryp
2023-09-04 22:29:27,666 [INFO] IPUIPlugin:80 - create IPUIPlugin
2023-09-04 22:29:27,666 [INFO] PluginManager:220 - loadIPPluginJar : add dfsdm
2023-09-04 22:29:27,678 [INFO] IPUIPlugin:80 - create IPUIPlugin
2023-09-04 22:29:27,679 [INFO] PluginManager:220 - loadIPPluginJar : add dma
2023-09-04 22:29:27,710 [INFO] IPUIPlugin:80 - create IPUIPlugin
2023-09-04 22:29:27,710 [INFO] PluginManager:220 - loadIPPluginJar : add dma3
2023-09-04 22:29:27,729 [INFO] IPUIPlugin:80 - create IPUIPlugin
2023-09-04 22:29:27,729 [INFO] PluginManager:220 - loadIPPluginJar : add fatfs
2023-09-04 22:29:27,764 [INFO] IPUIPlugin:80 - create IPUIPlugin
2023-09-04 22:29:27,764 [INFO] PluginManager:220 - loadIPPluginJar : add fmc
2023-09-04 22:29:27,775 [INFO] IPUIPlugin:80 - create IPUIPlugin
2023-09-04 22:29:27,775 [INFO] PluginManager:220 - loadIPPluginJar : add freertos
2023-09-04 22:29:27,790 [INFO] IPUIPlugin:80 - create IPUIPlugin
2023-09-04 22:29:27,790 [INFO] PluginManager:220 - loadIPPluginJar : add genericplugin
2023-09-04 22:29:27,850 [INFO] IPUIPlugin:80 - create IPUIPlugin
2023-09-04 22:29:27,850 [INFO] PluginManager:220 - loadIPPluginJar : add gfxmmu
2023-09-04 22:29:27,930 [INFO] IPUIPlugin:80 - create IPUIPlugin
2023-09-04 22:29:27,930 [INFO] PluginManager:220 - loadIPPluginJar : add gic
2023-09-04 22:29:27,940 [INFO] IPUIPlugin:80 - create IPUIPlugin
2023-09-04 22:29:27,940 [INFO] PluginManager:220 - loadIPPluginJar : add gpio
2023-09-04 22:29:27,998 [INFO] IPUIPlugin:80 - create IPUIPlugin
2023-09-04 22:29:27,998 [INFO] PluginManager:220 - loadIPPluginJar : add gtzc
2023-09-04 22:29:28,019 [INFO] IPUIPlugin:80 - create IPUIPlugin
2023-09-04 22:29:28,019 [INFO] PluginManager:220 - loadIPPluginJar : add hash
2023-09-04 22:29:28,051 [INFO] IPUIPlugin:80 - create IPUIPlugin
2023-09-04 22:29:28,051 [INFO] PluginManager:220 - loadIPPluginJar : add i2c
2023-09-04 22:29:28,076 [INFO] IPUIPlugin:80 - create IPUIPlugin
2023-09-04 22:29:28,076 [INFO] PluginManager:220 - loadIPPluginJar : add i2s
2023-09-04 22:29:28,101 [INFO] IPUIPlugin:80 - create IPUIPlugin
2023-09-04 22:29:28,101 [INFO] PluginManager:220 - loadIPPluginJar : add i3c
2023-09-04 22:29:28,168 [INFO] IPUIPlugin:80 - create IPUIPlugin
2023-09-04 22:29:28,168 [INFO] PluginManager:220 - loadIPPluginJar : add ipddr
2023-09-04 22:29:28,228 [INFO] IPUIPlugin:80 - create IPUIPlugin
2023-09-04 22:29:28,228 [INFO] PluginManager:220 - loadIPPluginJar : add linkedlist
2023-09-04 22:29:28,251 [INFO] IPUIPlugin:80 - create IPUIPlugin
2023-09-04 22:29:28,251 [INFO] PluginManager:220 - loadIPPluginJar : add lorawan
2023-09-04 22:29:28,274 [INFO] IPUIPlugin:80 - create IPUIPlugin
2023-09-04 22:29:28,274 [INFO] PluginManager:220 - loadIPPluginJar : add ltdc
2023-09-04 22:29:28,285 [INFO] IPUIPlugin:80 - create IPUIPlugin
2023-09-04 22:29:28,285 [INFO] PluginManager:220 - loadIPPluginJar : add mdma
2023-09-04 22:29:28,293 [INFO] IPUIPlugin:80 - create IPUIPlugin
2023-09-04 22:29:28,293 [INFO] PluginManager:220 - loadIPPluginJar : add nvic
2023-09-04 22:29:28,317 [INFO] IPUIPlugin:80 - create IPUIPlugin
2023-09-04 22:29:28,317 [INFO] PluginManager:220 - loadIPPluginJar : add opamp
2023-09-04 22:29:28,354 [INFO] IPUIPlugin:80 - create IPUIPlugin
2023-09-04 22:29:28,354 [INFO] PluginManager:220 - loadIPPluginJar : add openamp
2023-09-04 22:29:28,383 [INFO] IPUIPlugin:80 - create IPUIPlugin
2023-09-04 22:29:28,383 [INFO] PluginManager:220 - loadIPPluginJar : add pdm2pcm
2023-09-04 22:29:28,394 [INFO] IPUIPlugin:80 - create IPUIPlugin
2023-09-04 22:29:28,396 [INFO] PluginManager:220 - loadIPPluginJar : add plateformsettings
2023-09-04 22:29:28,409 [INFO] IPUIPlugin:80 - create IPUIPlugin
2023-09-04 22:29:28,409 [INFO] PluginManager:220 - loadIPPluginJar : add quadspi
2023-09-04 22:29:28,422 [INFO] IPUIPlugin:80 - create IPUIPlugin
2023-09-04 22:29:28,422 [INFO] PluginManager:220 - loadIPPluginJar : add resmgrutility
2023-09-04 22:29:28,452 [INFO] IPUIPlugin:80 - create IPUIPlugin
2023-09-04 22:29:28,453 [INFO] PluginManager:220 - loadIPPluginJar : add sai
2023-09-04 22:29:28,477 [INFO] IPUIPlugin:80 - create IPUIPlugin
2023-09-04 22:29:28,477 [INFO] PluginManager:220 - loadIPPluginJar : add spi
2023-09-04 22:29:28,515 [INFO] IPUIPlugin:80 - create IPUIPlugin
2023-09-04 22:29:28,516 [INFO] PluginManager:220 - loadIPPluginJar : add stm32_wpan
2023-09-04 22:29:28,531 [INFO] IPUIPlugin:80 - create IPUIPlugin
2023-09-04 22:29:28,531 [INFO] PluginManager:220 - loadIPPluginJar : add tim
2023-09-04 22:29:28,565 [INFO] IPUIPlugin:80 - create IPUIPlugin
2023-09-04 22:29:28,565 [INFO] PluginManager:220 - loadIPPluginJar : add touchsensing
2023-09-04 22:29:28,580 [INFO] IPUIPlugin:80 - create IPUIPlugin
2023-09-04 22:29:28,580 [INFO] PluginManager:220 - loadIPPluginJar : add tracer_emb
2023-09-04 22:29:28,595 [INFO] IPUIPlugin:80 - create IPUIPlugin
2023-09-04 22:29:28,595 [INFO] PluginManager:220 - loadIPPluginJar : add ts
2023-09-04 22:29:28,608 [INFO] IPUIPlugin:80 - create IPUIPlugin
2023-09-04 22:29:28,608 [INFO] PluginManager:220 - loadIPPluginJar : add tsc
2023-09-04 22:29:28,622 [INFO] IPUIPlugin:80 - create IPUIPlugin
2023-09-04 22:29:28,622 [INFO] PluginManager:220 - loadIPPluginJar : add ucpd
2023-09-04 22:29:28,650 [INFO] IPUIPlugin:80 - create IPUIPlugin
2023-09-04 22:29:28,650 [INFO] PluginManager:220 - loadIPPluginJar : add usart
2023-09-04 22:29:28,677 [INFO] IPUIPlugin:80 - create IPUIPlugin
2023-09-04 22:29:28,678 [INFO] PluginManager:220 - loadIPPluginJar : add usbx
2023-09-04 22:29:28,784 [INFO] CADModel:165 - CPN selected for project level
2023-09-04 22:29:28,784 [INFO] CADModel:114 - Register for checkConnection events
2023-09-04 22:29:28,784 [FATAL] Updater:308 - Updater called before beeing initialized
2023-09-04 22:29:28,784 [ERROR] CADModel:125 - Updater not yet initialized, retry later 
2023-09-04 22:29:28,871 [INFO] CADModel:165 - CPN selected for project level
2023-09-04 22:29:28,871 [INFO] CADModel:114 - Register for checkConnection events
2023-09-04 22:29:28,871 [FATAL] Updater:308 - Updater called before beeing initialized
2023-09-04 22:29:28,871 [ERROR] CADModel:125 - Updater not yet initialized, retry later 
2023-09-04 22:29:28,874 [FATAL] Updater:308 - Updater called before beeing initialized
2023-09-04 22:29:28,937 [FATAL] Updater:308 - Updater called before beeing initialized
2023-09-04 22:29:28,946 [INFO] DbMcusAds:53 - JSON generation date=Tue Mar 07 11:50:55 TRT 2023 (1678179055114)
2023-09-04 22:29:28,946 [FATAL] Updater:308 - Updater called before beeing initialized
2023-09-04 22:29:29,003 [WARN] DetailPanel:346 - Failed to get advertising image, set to default
2023-09-04 22:29:29,088 [FATAL] Updater:308 - Updater called before beeing initialized
2023-09-04 22:29:29,090 [FATAL] Updater:308 - Updater called before beeing initialized
2023-09-04 22:29:29,090 [FATAL] Updater:308 - Updater called before beeing initialized
2023-09-04 22:29:29,090 [WARN] DetailPanel:346 - Failed to get advertising image, set to default
2023-09-04 22:29:29,091 [FATAL] Updater:308 - Updater called before beeing initialized
2023-09-04 22:29:29,126 [ERROR] Updater:1120 - MainUpdater not yet initialized. External WinMGr cannot be set.
2023-09-04 22:29:29,134 [INFO] Updater:1056 - Updater Version found : 6.9.1
2023-09-04 22:29:29,149 [INFO] ApplicationProperties:184 - Using Application install path: D:\Programs\STM32CubeIDE_1.13.1\STM32CubeIDE\plugins\com.st.stm32cube.common.mx_6.9.1.202307191849
2023-09-04 22:29:29,447 [INFO] MainUpdater:2868 - connection check result : 10
2023-09-04 22:29:29,448 [INFO] MainUpdater:285 - Updater Check For Update Now.
2023-09-04 22:29:29,448 [INFO] MicroXplorer:498 - Change Database Version : DB.6.0.91
2023-09-04 22:29:29,459 [INFO] McuFinderGlobals:63 - Set McuFinder mode to 2 (CubeIDE integrated)
2023-09-04 22:29:29,615 [INFO] CheckServerUpdateThread:120 - End of CheckServer Thread
2023-09-04 22:29:30,220 [WARN] PackLoader:240 - Cannot read IP mode file for STMicroelectronics.X-CUBE-SMBUS.2.1.0
2023-09-04 22:29:30,253 [WARN] PackLoader:240 - Cannot read IP mode file for STMicroelectronics.X-CUBE-AZRTOS-F7.1.1.0
2023-09-04 22:29:30,267 [WARN] PackLoader:240 - Cannot read IP mode file for STMicroelectronics.FP-SNS-MOTENV1.4.3.2
2023-09-04 22:29:30,281 [WARN] PackLoader:240 - Cannot read IP mode file for STMicroelectronics.X-CUBE-BLE1.6.2.4
2023-09-04 22:29:30,290 [WARN] PackLoader:240 - Cannot read IP mode file for STMicroelectronics.FP-SNS-FLIGHT1.5.0.2
2023-09-04 22:29:30,301 [WARN] PackLoader:240 - Cannot read IP mode file for STMicroelectronics.X-CUBE-DISPLAY.3.0.0
2023-09-04 22:29:30,313 [WARN] PackLoader:240 - Cannot read IP mode file for STMicroelectronics.X-CUBE-BLE1.7.0.0
2023-09-04 22:29:30,323 [WARN] PackLoader:240 - Cannot read IP mode file for STMicroelectronics.X-CUBE-TOUCHGFX.4.22.0
2023-09-04 22:29:30,338 [INFO] LogOutputStream:77 - [STDOUT_REDIRECT] 1 : Invalid condition id : UX_CORESTACK_Condition cause : null
2023-09-04 22:29:30,338 [INFO] LogOutputStream:77 - [STDOUT_REDIRECT] 1 : Invalid condition id : UX_CORESTACK_Condition cause : null
2023-09-04 22:29:30,339 [INFO] LogOutputStream:77 - [STDOUT_REDIRECT] 1 : Invalid condition id : UX_CORESTACK_Condition cause : null
2023-09-04 22:29:30,339 [INFO] LogOutputStream:77 - [STDOUT_REDIRECT] 1 : Invalid condition id : UX_CORESTACK_Condition cause : null
2023-09-04 22:29:30,340 [INFO] LogOutputStream:77 - [STDOUT_REDIRECT] 1 : Invalid condition id : UX_CORESTACK_Condition cause : null
2023-09-04 22:29:30,342 [WARN] PackLoader:240 - Cannot read IP mode file for STMicroelectronics.X-CUBE-AZRTOS-WL.2.0.0
2023-09-04 22:29:30,354 [WARN] PackLoader:240 - Cannot read IP mode file for WES.I-CUBE-Cesium.1.3.0
2023-09-04 22:29:30,363 [WARN] PackLoader:240 - Cannot read IP mode file for STMicroelectronics.X-CUBE-BLE2.3.3.0
2023-09-04 22:29:30,371 [WARN] PackLoader:240 - Cannot read IP mode file for STMicroelectronics.X-CUBE-TOUCHGFX.4.21.3
2023-09-04 22:29:30,379 [WARN] PackLoader:240 - Cannot read IP mode file for STMicroelectronics.X-CUBE-ALGOBUILD.1.3.0
2023-09-04 22:29:30,399 [WARN] PackLoader:240 - Cannot read IP mode file for STMicroelectronics.X-CUBE-AZRTOS-G0.1.1.0
2023-09-04 22:29:30,413 [WARN] PackLoader:240 - Cannot read IP mode file for STMicroelectronics.X-CUBE-NFC4.3.0.0
2023-09-04 22:29:30,423 [WARN] PackLoader:240 - Cannot read IP mode file for STMicroelectronics.FP-ATR-SIGFOX1.3.2.0
2023-09-04 22:29:30,462 [WARN] PackLoader:240 - Cannot read IP mode file for STMicroelectronics.X-CUBE-MEMS1.9.5.0
2023-09-04 22:29:30,573 [WARN] PackLoader:240 - Cannot read IP mode file for SEGGER.I-CUBE-embOS.1.3.1
2023-09-04 22:29:30,621 [WARN] PackLoader:240 - Cannot read IP mode file for STMicroelectronics.X-CUBE-GNSS1.6.0.0
2023-09-04 22:29:30,647 [WARN] PackLoader:240 - Cannot read IP mode file for STMicroelectronics.X-CUBE-AZRTOS-F4.1.1.0
2023-09-04 22:29:30,659 [WARN] PackLoader:240 - Cannot read IP mode file for wolfSSL.I-CUBE-wolfSSL.5.6.0
2023-09-04 22:29:30,681 [WARN] PackLoader:240 - Cannot read IP mode file for STMicroelectronics.X-CUBE-AZRTOS-L5.2.0.0
2023-09-04 22:29:30,716 [WARN] PackLoader:240 - Cannot read IP mode file for STMicroelectronics.X-CUBE-MEMS1.9.6.0
2023-09-04 22:29:30,803 [WARN] PackLoader:240 - Cannot read IP mode file for emotas.I-CUBE-CANOPEN.1.1.3
2023-09-04 22:29:30,815 [WARN] PackLoader:240 - Cannot read IP mode file for STMicroelectronics.X-CUBE-BLEMGR.2.0.0
2023-09-04 22:29:30,838 [WARN] ConditionMgr:438 - getConditionDescription Invalid condition id : UX DEVICE CLASS RTOS Condition cause : null
2023-09-04 22:29:30,838 [WARN] ConditionMgr:438 - getConditionDescription Invalid condition id : UX DEVICE CLASS RTOS Condition cause : null
2023-09-04 22:29:30,839 [WARN] PackLoader:240 - Cannot read IP mode file for STMicroelectronics.X-CUBE-AZRTOS-H7.3.1.0
2023-09-04 22:29:30,840 [WARN] ConditionMgr:1039 - genDependencies : Invalid condition id : UX DEVICE CLASS RTOS Condition cause : null
2023-09-04 22:29:30,840 [WARN] ConditionMgr:1039 - genDependencies : Invalid condition id : UX DEVICE CLASS RTOS Condition cause : null
2023-09-04 22:29:30,840 [WARN] ConditionMgr:1039 - genDependencies : Invalid condition id : UX DEVICE CLASS RTOS Condition cause : null
2023-09-04 22:29:30,841 [WARN] ConditionMgr:1039 - genDependencies : Invalid condition id : UX DEVICE CLASS RTOS Condition cause : null
2023-09-04 22:29:30,841 [WARN] ConditionMgr:1039 - genDependencies : Invalid condition id : UX DEVICE CLASS RTOS Condition cause : null
2023-09-04 22:29:30,851 [WARN] PackLoader:240 - Cannot read IP mode file for STMicroelectronics.X-CUBE-NFC7.1.0.1
2023-09-04 22:29:30,862 [WARN] PackLoader:240 - Cannot read IP mode file for STMicroelectronics.X-CUBE-NFC7.1.0.0
2023-09-04 22:29:30,873 [WARN] PackLoader:240 - Cannot read IP mode file for STMicroelectronics.X-CUBE-EEPRMA1.4.1.0
2023-09-04 22:29:30,884 [WARN] PackLoader:240 - Cannot read IP mode file for STMicroelectronics.X-CUBE-AI.8.1.0
2023-09-04 22:29:30,906 [WARN] ConditionMgr:438 - getConditionDescription Invalid condition id : LAN8742 Phy interface Condition cause : null
2023-09-04 22:29:30,906 [WARN] PackLoader:240 - Cannot read IP mode file for STMicroelectronics.X-CUBE-AZRTOS-L4.2.0.0
2023-09-04 22:29:30,907 [WARN] ConditionMgr:1039 - genDependencies : Invalid condition id : LAN8742 Phy interface Condition cause : null
2023-09-04 22:29:30,907 [WARN] ConditionMgr:1039 - genDependencies : Invalid condition id : LAN8742 Phy interface Condition cause : null
2023-09-04 22:29:30,908 [WARN] ConditionMgr:1039 - genDependencies : Invalid condition id : LAN8742 Phy interface Condition cause : null
2023-09-04 22:29:30,921 [WARN] PackLoader:240 - Cannot read IP mode file for STMicroelectronics.X-CUBE-SFXS2LP1.4.0.0
2023-09-04 22:29:30,932 [WARN] PackLoader:240 - Cannot read IP mode file for STMicroelectronics.X-CUBE-ISPU.1.1.0
2023-09-04 22:29:30,943 [WARN] PackLoader:240 - Cannot read IP mode file for STMicroelectronics.X-CUBE-AI.8.0.0
2023-09-04 22:29:30,966 [WARN] ConditionMgr:438 - getConditionDescription Invalid condition id : UX DEVICE CLASS RTOS Condition cause : null
2023-09-04 22:29:30,967 [WARN] ConditionMgr:438 - getConditionDescription Invalid condition id : UX DEVICE CLASS RTOS Condition cause : null
2023-09-04 22:29:30,969 [WARN] PackLoader:240 - Cannot read IP mode file for STMicroelectronics.X-CUBE-AZRTOS-WB.2.0.0
2023-09-04 22:29:30,969 [WARN] ConditionMgr:1039 - genDependencies : Invalid condition id : UX DEVICE CLASS RTOS Condition cause : null
2023-09-04 22:29:30,969 [WARN] ConditionMgr:1039 - genDependencies : Invalid condition id : UX DEVICE CLASS RTOS Condition cause : null
2023-09-04 22:29:30,970 [WARN] ConditionMgr:1039 - genDependencies : Invalid condition id : UX DEVICE CLASS RTOS Condition cause : null
2023-09-04 22:29:30,970 [WARN] ConditionMgr:1039 - genDependencies : Invalid condition id : UX DEVICE CLASS RTOS Condition cause : null
2023-09-04 22:29:30,970 [WARN] ConditionMgr:1039 - genDependencies : Invalid condition id : UX DEVICE CLASS RTOS Condition cause : null
2023-09-04 22:29:30,985 [WARN] PackLoader:240 - Cannot read IP mode file for STMicroelectronics.X-CUBE-FREERTOS.1.0.1
2023-09-04 22:29:31,018 [WARN] PackLoader:240 - Cannot read IP mode file for STMicroelectronics.X-CUBE-AZRTOS-L5.1.1.0
2023-09-04 22:29:31,039 [WARN] PackLoader:240 - Cannot read IP mode file for STMicroelectronics.X-CUBE-SUBG2.5.0.0
2023-09-04 22:29:31,057 [WARN] PackLoader:240 - Cannot read IP mode file for STMicroelectronics.X-CUBE-TOF1.3.3.1
2023-09-04 22:29:31,081 [WARN] PackLoader:240 - Cannot read IP mode file for STMicroelectronics.X-CUBE-AZRTOS-G4.2.0.0
2023-09-04 22:29:31,094 [WARN] PackLoader:240 - Cannot read IP mode file for STMicroelectronics.X-CUBE-TOF1.3.3.0
2023-09-04 22:29:31,113 [WARN] PackLoader:240 - Cannot read IP mode file for STMicroelectronics.X-CUBE-AZRTOS-G4.1.0.0
2023-09-04 22:29:31,132 [WARN] PackLoader:240 - Cannot read IP mode file for STMicroelectronics.X-CUBE-AZRTOS-L4.1.0.0
2023-09-04 22:29:31,143 [WARN] PackLoader:240 - Cannot read IP mode file for STMicroelectronics.X-CUBE-FREERTOS.1.1.0
2023-09-04 22:29:31,156 [WARN] PackLoader:240 - Cannot read IP mode file for STMicroelectronics.X-CUBE-AZRTOS-WL.1.0.0
2023-09-04 22:29:31,166 [WARN] PackLoader:240 - Cannot read IP mode file for portGmbH.I-Cube-SoM-uGOAL.1.1.0
2023-09-04 22:29:31,175 [WARN] PackLoader:240 - Cannot read IP mode file for STMicroelectronics.X-CUBE-ALS.1.0.1
2023-09-04 22:29:31,189 [WARN] PackLoader:240 - Cannot read IP mode file for STMicroelectronics.X-CUBE-AZRTOS-WB.1.1.0
2023-09-04 22:29:31,198 [WARN] PackLoader:240 - Cannot read IP mode file for STMicroelectronics.FP-ATR-ASTRA1.2.0.0
2023-09-04 22:29:31,199 [INFO] ThirdParty:978 - Integrity check success = true
2023-09-04 22:29:31,199 [INFO] IntegrityCheckThread:100 - exiting critical section [integrity check]
2023-09-04 22:29:31,199 [INFO] IntegrityCheckThread:103 - End integrity checks thread
2023-09-04 22:29:50,224 [ERROR] LogOutputStream:75 - [STDERR_REDIRECT] SLF4J: Failed to load class "org.slf4j.impl.StaticLoggerBinder".
2023-09-04 22:29:50,225 [ERROR] LogOutputStream:75 - [STDERR_REDIRECT] SLF4J: Defaulting to no-operation (NOP) logger implementation
2023-09-04 22:29:50,225 [ERROR] LogOutputStream:75 - [STDERR_REDIRECT] SLF4J: See http://www.slf4j.org/codes.html#StaticLoggerBinder for further details.
