2023-08-25 14:07:20,418 [INFO] Activator:176 - 


2023-08-25 14:07:20,423 [INFO] Activator:177 - !SESSION log4j initialized
2023-08-25 14:07:26,675 [INFO] LogOutputStream:77 - [STDOUT_REDIRECT] 
2023-08-25 14:07:28,600 [INFO] ApplicationProperties:184 - Using Application install path: D:\Programs\STM32CubeIDE_1.13.1\STM32CubeIDE\plugins\com.st.stm32cube.common.mx_6.9.1.202307191849
2023-08-25 14:07:28,618 [INFO] DbMcusXml:78 - Set database path to: D:\Programs\STM32CubeIDE_1.13.1\STM32CubeIDE\plugins\com.st.stm32cube.common.mx_6.9.1.202307191849\\db\/mcu/
2023-08-25 14:07:28,618 [INFO] ApiDb:274 - Set plugin database path to: D:\Programs\STM32CubeIDE_1.13.1\STM32CubeIDE\plugins\com.st.stm32cube.common.mx_6.9.1.202307191849\\db\/plugins/boardmanager/
2023-08-25 14:07:28,619 [WARN] ApiDb:259 - Overriding images path with different value:  => D:\Programs\STM32CubeIDE_1.13.1\STM32CubeIDE\plugins\com.st.stm32cube.common.mx_6.9.1.202307191849\\db\/plugins/mcufinder/images/
2023-08-25 14:07:28,631 [INFO] ApiDb:250 - Set database path to: C:\Users\baris\.stmcufinder\plugins\mcufinder//mcu/
2023-08-25 14:07:28,633 [INFO] DbMcusAds:125 - Set database path to: C:\Users\baris\.stmcufinder\plugins\mcufinder//mcu/
2023-08-25 14:07:28,636 [INFO] CrossReferenceDbSqlite:203 - Set database path to: C:\Users\baris\.stmcufinder\plugins\mcufinder//mcu/cs/
2023-08-25 14:07:28,755 [INFO] RulesReader:64 - Compatibility file has been processed (293 Rules)
2023-08-25 14:07:49,911 [INFO] DbMcusXml:78 - Set database path to: D:\Programs\STM32CubeIDE_1.13.1\STM32CubeIDE\plugins\com.st.stm32cube.common.mx_6.9.1.202307191849\\db\/mcu/
2023-08-25 14:07:49,911 [INFO] ApiDb:274 - Set plugin database path to: D:\Programs\STM32CubeIDE_1.13.1\STM32CubeIDE\plugins\com.st.stm32cube.common.mx_6.9.1.202307191849\\db\/plugins/boardmanager/
2023-08-25 14:07:49,911 [INFO] ApiDb:261 - Set plugin images path to: D:\Programs\STM32CubeIDE_1.13.1\STM32CubeIDE\plugins\com.st.stm32cube.common.mx_6.9.1.202307191849\\db\/plugins/mcufinder/images/
2023-08-25 14:07:49,911 [WARN] DbFile:41 - Overriding database path with different value: C:\Users\baris\.stmcufinder\plugins\mcufinder/ => C:\Users\baris\.stmcufinder\plugins\mcufinder
2023-08-25 14:07:49,912 [INFO] ApiDb:250 - Set database path to: C:\Users\baris\.stmcufinder\plugins\mcufinder//mcu/
2023-08-25 14:07:49,912 [WARN] DbFile:41 - Overriding database path with different value: C:\Users\baris\.stmcufinder\plugins\mcufinder/ => C:\Users\baris\.stmcufinder\plugins\mcufinder
2023-08-25 14:07:49,912 [INFO] DbMcusAds:125 - Set database path to: C:\Users\baris\.stmcufinder\plugins\mcufinder//mcu/
2023-08-25 14:07:49,912 [WARN] DbFile:41 - Overriding database path with different value: C:\Users\baris\.stmcufinder\plugins\mcufinder/ => C:\Users\baris\.stmcufinder\plugins\mcufinder
2023-08-25 14:07:49,912 [WARN] DbFile:41 - Overriding database path with different value: C:\Users\baris\.stmcufinder\plugins\mcufinder/ => C:\Users\baris\.stmcufinder\plugins\mcufinder
2023-08-25 14:07:49,922 [INFO] CrossReferenceDbSqlite:203 - Set database path to: C:\Users\baris\.stmcufinder\plugins\mcufinder//mcu/cs/
2023-08-25 14:07:50,043 [INFO] MainPanel:262 - HeapMemory: 268435456
2023-08-25 14:07:50,160 [INFO] DbMcusXml:78 - Set database path to: D:\Programs\STM32CubeIDE_1.13.1\STM32CubeIDE\plugins\com.st.stm32cube.common.mx_6.9.1.202307191849\\db\/mcu/
2023-08-25 14:07:50,160 [INFO] ApiDb:274 - Set plugin database path to: D:\Programs\STM32CubeIDE_1.13.1\STM32CubeIDE\plugins\com.st.stm32cube.common.mx_6.9.1.202307191849\\db\/plugins/boardmanager/
2023-08-25 14:07:50,160 [INFO] ApiDb:261 - Set plugin images path to: D:\Programs\STM32CubeIDE_1.13.1\STM32CubeIDE\plugins\com.st.stm32cube.common.mx_6.9.1.202307191849\\db\/plugins/mcufinder/images/
2023-08-25 14:07:50,160 [WARN] DbFile:41 - Overriding database path with different value: C:\Users\baris\.stmcufinder\plugins\mcufinder/ => C:\Users\baris\.stmcufinder\plugins\mcufinder
2023-08-25 14:07:50,160 [INFO] ApiDb:250 - Set database path to: C:\Users\baris\.stmcufinder\plugins\mcufinder//mcu/
2023-08-25 14:07:50,161 [WARN] DbFile:41 - Overriding database path with different value: C:\Users\baris\.stmcufinder\plugins\mcufinder/ => C:\Users\baris\.stmcufinder\plugins\mcufinder
2023-08-25 14:07:50,161 [INFO] DbMcusAds:125 - Set database path to: C:\Users\baris\.stmcufinder\plugins\mcufinder//mcu/
2023-08-25 14:07:50,161 [WARN] DbFile:41 - Overriding database path with different value: C:\Users\baris\.stmcufinder\plugins\mcufinder/ => C:\Users\baris\.stmcufinder\plugins\mcufinder
2023-08-25 14:07:50,161 [WARN] DbFile:41 - Overriding database path with different value: C:\Users\baris\.stmcufinder\plugins\mcufinder/ => C:\Users\baris\.stmcufinder\plugins\mcufinder
2023-08-25 14:07:50,161 [INFO] CrossReferenceDbSqlite:203 - Set database path to: C:\Users\baris\.stmcufinder\plugins\mcufinder//mcu/cs/
2023-08-25 14:07:50,179 [INFO] ApplicationProperties:184 - Using Application install path: D:\Programs\STM32CubeIDE_1.13.1\STM32CubeIDE\plugins\com.st.stm32cube.common.mx_6.9.1.202307191849
2023-08-25 14:07:50,180 [INFO] PluginManage:196 - Search for loadable plugins [exclusion list=, ]
2023-08-25 14:07:50,182 [INFO] PluginManage:310 - Check plugin analytics
2023-08-25 14:07:50,373 [INFO] AnalyticsPlugin:253 - Accepted Software Licenses: 
2023-08-25 14:07:50,373 [INFO] AnalyticsPlugin:255 - Accepted CMSIS Pack Licenses: 
2023-08-25 14:07:50,373 [INFO] AnalyticsPlugin:257 - Accepted Firmware Licenses: FW.F4.1.27.0,FW.F7.1.17.0
2023-08-25 14:07:50,379 [INFO] PluginManage:359 - Loaded plugin analytics (category:tool,tabindex:-1)
2023-08-25 14:07:50,380 [INFO] PluginManage:310 - Check plugin cadmodel
2023-08-25 14:07:50,401 [INFO] CADModel:105 - Init CAD model plugin
2023-08-25 14:07:50,401 [INFO] PluginManage:359 - Loaded plugin cadmodel (category:power,tabindex:5)
2023-08-25 14:07:50,402 [INFO] PluginManage:310 - Check plugin clock
2023-08-25 14:07:50,429 [INFO] PluginManage:359 - Loaded plugin clock (category:base,tabindex:2)
2023-08-25 14:07:50,430 [INFO] PluginManage:310 - Check plugin ddr
2023-08-25 14:07:50,433 [INFO] PluginManage:359 - Loaded plugin ddr (category:tool,tabindex:6)
2023-08-25 14:07:50,434 [INFO] PluginManage:310 - Check plugin filemanager
2023-08-25 14:07:50,600 [INFO] PluginManage:359 - Loaded plugin filemanager (category:base,tabindex:10)
2023-08-25 14:07:50,600 [INFO] PluginManage:310 - Check plugin ipmanager
2023-08-25 14:07:50,607 [INFO] PluginManage:359 - Loaded plugin ipmanager (category:base,tabindex:5)
2023-08-25 14:07:50,607 [INFO] PluginManage:310 - Check plugin lpbam
2023-08-25 14:07:50,628 [INFO] PluginManage:359 - Loaded plugin lpbam (category:base,tabindex:0)
2023-08-25 14:07:50,629 [INFO] PluginManage:310 - Check plugin memorymap
2023-08-25 14:07:50,657 [INFO] PluginManage:359 - Loaded plugin memorymap (category:base,tabindex:4)
2023-08-25 14:07:50,657 [INFO] PluginManage:310 - Check plugin pinoutandconfiguration
2023-08-25 14:07:50,678 [INFO] PluginManage:359 - Loaded plugin pinoutandconfiguration (category:base,tabindex:1)
2023-08-25 14:07:50,678 [INFO] PluginManage:310 - Check plugin pinoutconfig
2023-08-25 14:07:50,786 [WARN] SupportedApi:132 - Cannot load RTOS API schema: s4s-elt-must-match.1: The content of 'definitions' must match (annotation?, (simpleType | complexType)?, (unique | key | keyref)*)). A problem was found starting at: attribute.
2023-08-25 14:07:50,959 [INFO] PluginManage:359 - Loaded plugin pinoutconfig (category:base,tabindex:0)
2023-08-25 14:07:50,960 [INFO] PluginManage:310 - Check plugin power
2023-08-25 14:07:50,987 [INFO] PluginManage:359 - Loaded plugin power (category:power,tabindex:4)
2023-08-25 14:07:50,987 [INFO] PluginManage:310 - Check plugin projectmanager
2023-08-25 14:07:51,003 [INFO] PluginManage:359 - Loaded plugin projectmanager (category:projectmanager,tabindex:3)
2023-08-25 14:07:51,004 [INFO] PluginManage:310 - Check plugin thirdparty
2023-08-25 14:07:51,326 [INFO] PluginManage:359 - Loaded plugin thirdparty (category:base,tabindex:-1)
2023-08-25 14:07:51,326 [INFO] PluginManage:310 - Check plugin tools
2023-08-25 14:07:51,326 [WARN] IntegrityCheckThread:84 - waiting for thirdparty lock release [integrity check]
2023-08-25 14:07:51,326 [INFO] IntegrityCheckThread:86 - entering critical section [integrity check]
2023-08-25 14:07:51,327 [INFO] ThirdPartyUpdaterWithRetryManager:70 - Updater plugin not ready yet. [1/15]
2023-08-25 14:07:51,362 [INFO] PluginManage:359 - Loaded plugin tools (category:base,tabindex:7)
2023-08-25 14:07:51,363 [INFO] PluginManage:310 - Check plugin tutovideos
2023-08-25 14:07:51,589 [INFO] PluginManage:359 - Loaded plugin tutovideos (category:base,tabindex:-1)
2023-08-25 14:07:51,589 [INFO] PluginManage:310 - Check plugin updater
2023-08-25 14:07:51,605 [INFO] PluginManage:359 - Loaded plugin updater (category:base,tabindex:12)
2023-08-25 14:07:51,605 [INFO] PluginManage:310 - Check plugin userauth
2023-08-25 14:07:51,611 [INFO] UserAuth:113 - Init User Auth plugin
2023-08-25 14:07:51,611 [INFO] PluginManage:359 - Loaded plugin userauth (category:base,tabindex:14)
2023-08-25 14:07:51,611 [INFO] PluginManage:283 - PluginManage : Loaded plugins [17]
2023-08-25 14:07:51,883 [INFO] PinOutPanel:1499 - setPackage(No Configuration,No Configuration)
2023-08-25 14:07:52,024 [INFO] CADModel:165 - CPN selected for project level
2023-08-25 14:07:52,024 [INFO] CADModel:114 - Register for checkConnection events
2023-08-25 14:07:52,051 [INFO] IPUIPlugin:80 - create IPUIPlugin
2023-08-25 14:07:52,051 [INFO] PluginManager:220 - loadIPPluginJar : add adc
2023-08-25 14:07:52,084 [INFO] IPUIPlugin:80 - create IPUIPlugin
2023-08-25 14:07:52,084 [INFO] PluginManager:220 - loadIPPluginJar : add aes
2023-08-25 14:07:52,115 [INFO] IPUIPlugin:80 - create IPUIPlugin
2023-08-25 14:07:52,115 [INFO] PluginManager:220 - loadIPPluginJar : add can
2023-08-25 14:07:52,134 [INFO] IPUIPlugin:80 - create IPUIPlugin
2023-08-25 14:07:52,135 [INFO] PluginManager:220 - loadIPPluginJar : add comp
2023-08-25 14:07:52,168 [INFO] IPUIPlugin:80 - create IPUIPlugin
2023-08-25 14:07:52,168 [INFO] PluginManager:220 - loadIPPluginJar : add cryp
2023-08-25 14:07:52,203 [INFO] IPUIPlugin:80 - create IPUIPlugin
2023-08-25 14:07:52,203 [INFO] PluginManager:220 - loadIPPluginJar : add dfsdm
2023-08-25 14:07:52,219 [INFO] IPUIPlugin:80 - create IPUIPlugin
2023-08-25 14:07:52,220 [INFO] PluginManager:220 - loadIPPluginJar : add dma
2023-08-25 14:07:52,254 [INFO] IPUIPlugin:80 - create IPUIPlugin
2023-08-25 14:07:52,254 [INFO] PluginManager:220 - loadIPPluginJar : add dma3
2023-08-25 14:07:52,270 [INFO] IPUIPlugin:80 - create IPUIPlugin
2023-08-25 14:07:52,270 [INFO] PluginManager:220 - loadIPPluginJar : add fatfs
2023-08-25 14:07:52,311 [INFO] IPUIPlugin:80 - create IPUIPlugin
2023-08-25 14:07:52,311 [INFO] PluginManager:220 - loadIPPluginJar : add fmc
2023-08-25 14:07:52,327 [INFO] IPUIPlugin:80 - create IPUIPlugin
2023-08-25 14:07:52,328 [INFO] PluginManager:220 - loadIPPluginJar : add freertos
2023-08-25 14:07:52,344 [INFO] IPUIPlugin:80 - create IPUIPlugin
2023-08-25 14:07:52,344 [INFO] PluginManager:220 - loadIPPluginJar : add genericplugin
2023-08-25 14:07:52,406 [INFO] IPUIPlugin:80 - create IPUIPlugin
2023-08-25 14:07:52,407 [INFO] PluginManager:220 - loadIPPluginJar : add gfxmmu
2023-08-25 14:07:52,510 [INFO] IPUIPlugin:80 - create IPUIPlugin
2023-08-25 14:07:52,510 [INFO] PluginManager:220 - loadIPPluginJar : add gic
2023-08-25 14:07:52,524 [INFO] IPUIPlugin:80 - create IPUIPlugin
2023-08-25 14:07:52,524 [INFO] PluginManager:220 - loadIPPluginJar : add gpio
2023-08-25 14:07:52,604 [INFO] IPUIPlugin:80 - create IPUIPlugin
2023-08-25 14:07:52,604 [INFO] PluginManager:220 - loadIPPluginJar : add gtzc
2023-08-25 14:07:52,633 [INFO] IPUIPlugin:80 - create IPUIPlugin
2023-08-25 14:07:52,633 [INFO] PluginManager:220 - loadIPPluginJar : add hash
2023-08-25 14:07:52,676 [INFO] IPUIPlugin:80 - create IPUIPlugin
2023-08-25 14:07:52,676 [INFO] PluginManager:220 - loadIPPluginJar : add i2c
2023-08-25 14:07:52,707 [INFO] IPUIPlugin:80 - create IPUIPlugin
2023-08-25 14:07:52,707 [INFO] PluginManager:220 - loadIPPluginJar : add i2s
2023-08-25 14:07:52,736 [INFO] IPUIPlugin:80 - create IPUIPlugin
2023-08-25 14:07:52,736 [INFO] PluginManager:220 - loadIPPluginJar : add i3c
2023-08-25 14:07:52,816 [INFO] IPUIPlugin:80 - create IPUIPlugin
2023-08-25 14:07:52,817 [INFO] PluginManager:220 - loadIPPluginJar : add ipddr
2023-08-25 14:07:52,888 [INFO] IPUIPlugin:80 - create IPUIPlugin
2023-08-25 14:07:52,888 [INFO] PluginManager:220 - loadIPPluginJar : add linkedlist
2023-08-25 14:07:52,915 [INFO] IPUIPlugin:80 - create IPUIPlugin
2023-08-25 14:07:52,915 [INFO] PluginManager:220 - loadIPPluginJar : add lorawan
2023-08-25 14:07:52,943 [INFO] IPUIPlugin:80 - create IPUIPlugin
2023-08-25 14:07:52,943 [INFO] PluginManager:220 - loadIPPluginJar : add ltdc
2023-08-25 14:07:52,955 [INFO] IPUIPlugin:80 - create IPUIPlugin
2023-08-25 14:07:52,955 [INFO] PluginManager:220 - loadIPPluginJar : add mdma
2023-08-25 14:07:52,969 [INFO] IPUIPlugin:80 - create IPUIPlugin
2023-08-25 14:07:52,969 [INFO] PluginManager:220 - loadIPPluginJar : add nvic
2023-08-25 14:07:53,007 [INFO] IPUIPlugin:80 - create IPUIPlugin
2023-08-25 14:07:53,007 [INFO] PluginManager:220 - loadIPPluginJar : add opamp
2023-08-25 14:07:53,053 [INFO] IPUIPlugin:80 - create IPUIPlugin
2023-08-25 14:07:53,054 [INFO] PluginManager:220 - loadIPPluginJar : add openamp
2023-08-25 14:07:53,084 [INFO] IPUIPlugin:80 - create IPUIPlugin
2023-08-25 14:07:53,085 [INFO] PluginManager:220 - loadIPPluginJar : add pdm2pcm
2023-08-25 14:07:53,098 [INFO] IPUIPlugin:80 - create IPUIPlugin
2023-08-25 14:07:53,100 [INFO] PluginManager:220 - loadIPPluginJar : add plateformsettings
2023-08-25 14:07:53,120 [INFO] IPUIPlugin:80 - create IPUIPlugin
2023-08-25 14:07:53,121 [INFO] PluginManager:220 - loadIPPluginJar : add quadspi
2023-08-25 14:07:53,132 [INFO] IPUIPlugin:80 - create IPUIPlugin
2023-08-25 14:07:53,132 [INFO] PluginManager:220 - loadIPPluginJar : add resmgrutility
2023-08-25 14:07:53,175 [INFO] IPUIPlugin:80 - create IPUIPlugin
2023-08-25 14:07:53,175 [INFO] PluginManager:220 - loadIPPluginJar : add sai
2023-08-25 14:07:53,210 [INFO] IPUIPlugin:80 - create IPUIPlugin
2023-08-25 14:07:53,210 [INFO] PluginManager:220 - loadIPPluginJar : add spi
2023-08-25 14:07:53,256 [INFO] IPUIPlugin:80 - create IPUIPlugin
2023-08-25 14:07:53,256 [INFO] PluginManager:220 - loadIPPluginJar : add stm32_wpan
2023-08-25 14:07:53,272 [INFO] IPUIPlugin:80 - create IPUIPlugin
2023-08-25 14:07:53,273 [INFO] PluginManager:220 - loadIPPluginJar : add tim
2023-08-25 14:07:53,315 [INFO] IPUIPlugin:80 - create IPUIPlugin
2023-08-25 14:07:53,316 [INFO] PluginManager:220 - loadIPPluginJar : add touchsensing
2023-08-25 14:07:53,336 [INFO] IPUIPlugin:80 - create IPUIPlugin
2023-08-25 14:07:53,336 [INFO] PluginManager:220 - loadIPPluginJar : add tracer_emb
2023-08-25 14:07:53,356 [INFO] IPUIPlugin:80 - create IPUIPlugin
2023-08-25 14:07:53,356 [INFO] PluginManager:220 - loadIPPluginJar : add ts
2023-08-25 14:07:53,376 [INFO] IPUIPlugin:80 - create IPUIPlugin
2023-08-25 14:07:53,376 [INFO] PluginManager:220 - loadIPPluginJar : add tsc
2023-08-25 14:07:53,393 [INFO] IPUIPlugin:80 - create IPUIPlugin
2023-08-25 14:07:53,393 [INFO] PluginManager:220 - loadIPPluginJar : add ucpd
2023-08-25 14:07:53,426 [INFO] IPUIPlugin:80 - create IPUIPlugin
2023-08-25 14:07:53,426 [INFO] PluginManager:220 - loadIPPluginJar : add usart
2023-08-25 14:07:53,465 [INFO] IPUIPlugin:80 - create IPUIPlugin
2023-08-25 14:07:53,465 [INFO] PluginManager:220 - loadIPPluginJar : add usbx
2023-08-25 14:07:53,596 [INFO] CADModel:165 - CPN selected for project level
2023-08-25 14:07:53,597 [INFO] CADModel:114 - Register for checkConnection events
2023-08-25 14:07:53,597 [FATAL] Updater:308 - Updater called before beeing initialized
2023-08-25 14:07:53,597 [ERROR] CADModel:125 - Updater not yet initialized, retry later 
2023-08-25 14:07:53,788 [INFO] CADModel:165 - CPN selected for project level
2023-08-25 14:07:53,788 [INFO] CADModel:114 - Register for checkConnection events
2023-08-25 14:07:53,788 [FATAL] Updater:308 - Updater called before beeing initialized
2023-08-25 14:07:53,789 [ERROR] CADModel:125 - Updater not yet initialized, retry later 
2023-08-25 14:07:53,793 [FATAL] Updater:308 - Updater called before beeing initialized
2023-08-25 14:07:53,936 [FATAL] Updater:308 - Updater called before beeing initialized
2023-08-25 14:07:53,948 [INFO] DbMcusAds:53 - JSON generation date=Tue Mar 07 11:50:55 TRT 2023 (1678179055114)
2023-08-25 14:07:53,948 [FATAL] Updater:308 - Updater called before beeing initialized
2023-08-25 14:07:54,023 [WARN] DetailPanel:346 - Failed to get advertising image, set to default
2023-08-25 14:07:54,107 [FATAL] Updater:308 - Updater called before beeing initialized
2023-08-25 14:07:54,110 [FATAL] Updater:308 - Updater called before beeing initialized
2023-08-25 14:07:54,110 [FATAL] Updater:308 - Updater called before beeing initialized
2023-08-25 14:07:54,110 [WARN] DetailPanel:346 - Failed to get advertising image, set to default
2023-08-25 14:07:54,111 [FATAL] Updater:308 - Updater called before beeing initialized
2023-08-25 14:07:54,194 [ERROR] Updater:1120 - MainUpdater not yet initialized. External WinMGr cannot be set.
2023-08-25 14:07:54,207 [INFO] Updater:1056 - Updater Version found : 6.9.1
2023-08-25 14:07:54,231 [INFO] ApplicationProperties:184 - Using Application install path: D:\Programs\STM32CubeIDE_1.13.1\STM32CubeIDE\plugins\com.st.stm32cube.common.mx_6.9.1.202307191849
2023-08-25 14:07:54,329 [INFO] ThirdPartyUpdaterWithRetryManager:70 - Updater plugin not ready yet. [2/15]
2023-08-25 14:07:54,398 [INFO] MainUpdater:2868 - connection check result : 10
2023-08-25 14:07:54,399 [INFO] MainUpdater:285 - Updater Check For Update Now.
2023-08-25 14:07:54,399 [INFO] MicroXplorer:498 - Change Database Version : DB.6.0.91
2023-08-25 14:07:54,420 [INFO] McuFinderGlobals:63 - Set McuFinder mode to 2 (CubeIDE integrated)
2023-08-25 14:07:54,630 [INFO] CheckServerUpdateThread:120 - End of CheckServer Thread
2023-08-25 14:07:57,493 [WARN] PackLoader:240 - Cannot read IP mode file for STMicroelectronics.X-CUBE-SMBUS.2.1.0
2023-08-25 14:07:57,546 [WARN] PackLoader:240 - Cannot read IP mode file for STMicroelectronics.X-CUBE-AZRTOS-F7.1.1.0
2023-08-25 14:07:57,572 [WARN] PackLoader:240 - Cannot read IP mode file for STMicroelectronics.FP-SNS-MOTENV1.4.3.2
2023-08-25 14:07:57,595 [WARN] PackLoader:240 - Cannot read IP mode file for STMicroelectronics.X-CUBE-BLE1.6.2.4
2023-08-25 14:07:57,610 [WARN] PackLoader:240 - Cannot read IP mode file for STMicroelectronics.FP-SNS-FLIGHT1.5.0.2
2023-08-25 14:07:57,637 [WARN] PackLoader:240 - Cannot read IP mode file for STMicroelectronics.X-CUBE-DISPLAY.3.0.0
2023-08-25 14:07:57,657 [WARN] PackLoader:240 - Cannot read IP mode file for STMicroelectronics.X-CUBE-BLE1.7.0.0
2023-08-25 14:07:57,673 [WARN] PackLoader:240 - Cannot read IP mode file for STMicroelectronics.X-CUBE-TOUCHGFX.4.22.0
2023-08-25 14:07:57,692 [INFO] LogOutputStream:77 - [STDOUT_REDIRECT] 1 : Invalid condition id : UX_CORESTACK_Condition cause : null
2023-08-25 14:07:57,693 [INFO] LogOutputStream:77 - [STDOUT_REDIRECT] 1 : Invalid condition id : UX_CORESTACK_Condition cause : null
2023-08-25 14:07:57,694 [INFO] LogOutputStream:77 - [STDOUT_REDIRECT] 1 : Invalid condition id : UX_CORESTACK_Condition cause : null
2023-08-25 14:07:57,697 [INFO] LogOutputStream:77 - [STDOUT_REDIRECT] 1 : Invalid condition id : UX_CORESTACK_Condition cause : null
2023-08-25 14:07:57,699 [INFO] LogOutputStream:77 - [STDOUT_REDIRECT] 1 : Invalid condition id : UX_CORESTACK_Condition cause : null
2023-08-25 14:07:57,703 [WARN] PackLoader:240 - Cannot read IP mode file for STMicroelectronics.X-CUBE-AZRTOS-WL.2.0.0
2023-08-25 14:07:57,718 [WARN] PackLoader:240 - Cannot read IP mode file for WES.I-CUBE-Cesium.1.3.0
2023-08-25 14:07:57,729 [WARN] PackLoader:240 - Cannot read IP mode file for STMicroelectronics.X-CUBE-BLE2.3.3.0
2023-08-25 14:07:57,741 [WARN] PackLoader:240 - Cannot read IP mode file for STMicroelectronics.X-CUBE-TOUCHGFX.4.21.3
2023-08-25 14:07:57,752 [WARN] PackLoader:240 - Cannot read IP mode file for STMicroelectronics.X-CUBE-ALGOBUILD.1.3.0
2023-08-25 14:07:57,786 [WARN] PackLoader:240 - Cannot read IP mode file for STMicroelectronics.X-CUBE-AZRTOS-G0.1.1.0
2023-08-25 14:07:57,813 [WARN] PackLoader:240 - Cannot read IP mode file for STMicroelectronics.X-CUBE-NFC4.3.0.0
2023-08-25 14:07:57,826 [WARN] PackLoader:240 - Cannot read IP mode file for STMicroelectronics.FP-ATR-SIGFOX1.3.2.0
2023-08-25 14:07:57,881 [WARN] PackLoader:240 - Cannot read IP mode file for STMicroelectronics.X-CUBE-MEMS1.9.5.0
2023-08-25 14:07:58,097 [WARN] PackLoader:240 - Cannot read IP mode file for SEGGER.I-CUBE-embOS.1.3.1
2023-08-25 14:07:58,151 [WARN] PackLoader:240 - Cannot read IP mode file for STMicroelectronics.X-CUBE-GNSS1.6.0.0
2023-08-25 14:07:58,186 [WARN] PackLoader:240 - Cannot read IP mode file for STMicroelectronics.X-CUBE-AZRTOS-F4.1.1.0
2023-08-25 14:07:58,205 [WARN] PackLoader:240 - Cannot read IP mode file for wolfSSL.I-CUBE-wolfSSL.5.6.0
2023-08-25 14:07:58,246 [WARN] PackLoader:240 - Cannot read IP mode file for STMicroelectronics.X-CUBE-AZRTOS-L5.2.0.0
2023-08-25 14:07:58,347 [WARN] PackLoader:240 - Cannot read IP mode file for STMicroelectronics.X-CUBE-MEMS1.9.6.0
2023-08-25 14:07:58,497 [WARN] PackLoader:240 - Cannot read IP mode file for emotas.I-CUBE-CANOPEN.1.1.3
2023-08-25 14:07:58,514 [WARN] PackLoader:240 - Cannot read IP mode file for STMicroelectronics.X-CUBE-BLEMGR.2.0.0
2023-08-25 14:07:58,548 [WARN] ConditionMgr:438 - getConditionDescription Invalid condition id : UX DEVICE CLASS RTOS Condition cause : null
2023-08-25 14:07:58,549 [WARN] ConditionMgr:438 - getConditionDescription Invalid condition id : UX DEVICE CLASS RTOS Condition cause : null
2023-08-25 14:07:58,553 [WARN] PackLoader:240 - Cannot read IP mode file for STMicroelectronics.X-CUBE-AZRTOS-H7.3.1.0
2023-08-25 14:07:58,555 [WARN] ConditionMgr:1039 - genDependencies : Invalid condition id : UX DEVICE CLASS RTOS Condition cause : null
2023-08-25 14:07:58,555 [WARN] ConditionMgr:1039 - genDependencies : Invalid condition id : UX DEVICE CLASS RTOS Condition cause : null
2023-08-25 14:07:58,556 [WARN] ConditionMgr:1039 - genDependencies : Invalid condition id : UX DEVICE CLASS RTOS Condition cause : null
2023-08-25 14:07:58,556 [WARN] ConditionMgr:1039 - genDependencies : Invalid condition id : UX DEVICE CLASS RTOS Condition cause : null
2023-08-25 14:07:58,556 [WARN] ConditionMgr:1039 - genDependencies : Invalid condition id : UX DEVICE CLASS RTOS Condition cause : null
2023-08-25 14:07:58,576 [WARN] PackLoader:240 - Cannot read IP mode file for STMicroelectronics.X-CUBE-NFC7.1.0.1
2023-08-25 14:07:58,592 [WARN] PackLoader:240 - Cannot read IP mode file for STMicroelectronics.X-CUBE-NFC7.1.0.0
2023-08-25 14:07:58,609 [WARN] PackLoader:240 - Cannot read IP mode file for STMicroelectronics.X-CUBE-EEPRMA1.4.1.0
2023-08-25 14:07:58,625 [WARN] PackLoader:240 - Cannot read IP mode file for STMicroelectronics.X-CUBE-AI.8.1.0
2023-08-25 14:07:58,659 [WARN] ConditionMgr:438 - getConditionDescription Invalid condition id : LAN8742 Phy interface Condition cause : null
2023-08-25 14:07:58,659 [WARN] PackLoader:240 - Cannot read IP mode file for STMicroelectronics.X-CUBE-AZRTOS-L4.2.0.0
2023-08-25 14:07:58,660 [WARN] ConditionMgr:1039 - genDependencies : Invalid condition id : LAN8742 Phy interface Condition cause : null
2023-08-25 14:07:58,660 [WARN] ConditionMgr:1039 - genDependencies : Invalid condition id : LAN8742 Phy interface Condition cause : null
2023-08-25 14:07:58,662 [WARN] ConditionMgr:1039 - genDependencies : Invalid condition id : LAN8742 Phy interface Condition cause : null
2023-08-25 14:07:58,687 [WARN] PackLoader:240 - Cannot read IP mode file for STMicroelectronics.X-CUBE-SFXS2LP1.4.0.0
2023-08-25 14:07:58,705 [WARN] PackLoader:240 - Cannot read IP mode file for STMicroelectronics.X-CUBE-ISPU.1.1.0
2023-08-25 14:07:58,723 [WARN] PackLoader:240 - Cannot read IP mode file for STMicroelectronics.X-CUBE-AI.8.0.0
2023-08-25 14:07:58,754 [WARN] ConditionMgr:438 - getConditionDescription Invalid condition id : UX DEVICE CLASS RTOS Condition cause : null
2023-08-25 14:07:58,754 [WARN] ConditionMgr:438 - getConditionDescription Invalid condition id : UX DEVICE CLASS RTOS Condition cause : null
2023-08-25 14:07:58,757 [WARN] PackLoader:240 - Cannot read IP mode file for STMicroelectronics.X-CUBE-AZRTOS-WB.2.0.0
2023-08-25 14:07:58,757 [WARN] ConditionMgr:1039 - genDependencies : Invalid condition id : UX DEVICE CLASS RTOS Condition cause : null
2023-08-25 14:07:58,757 [WARN] ConditionMgr:1039 - genDependencies : Invalid condition id : UX DEVICE CLASS RTOS Condition cause : null
2023-08-25 14:07:58,758 [WARN] ConditionMgr:1039 - genDependencies : Invalid condition id : UX DEVICE CLASS RTOS Condition cause : null
2023-08-25 14:07:58,758 [WARN] ConditionMgr:1039 - genDependencies : Invalid condition id : UX DEVICE CLASS RTOS Condition cause : null
2023-08-25 14:07:58,758 [WARN] ConditionMgr:1039 - genDependencies : Invalid condition id : UX DEVICE CLASS RTOS Condition cause : null
2023-08-25 14:07:58,775 [WARN] PackLoader:240 - Cannot read IP mode file for STMicroelectronics.X-CUBE-FREERTOS.1.0.1
2023-08-25 14:07:58,806 [WARN] PackLoader:240 - Cannot read IP mode file for STMicroelectronics.X-CUBE-AZRTOS-L5.1.1.0
2023-08-25 14:07:58,832 [WARN] PackLoader:240 - Cannot read IP mode file for STMicroelectronics.X-CUBE-SUBG2.5.0.0
2023-08-25 14:07:58,869 [WARN] PackLoader:240 - Cannot read IP mode file for STMicroelectronics.X-CUBE-TOF1.3.3.1
2023-08-25 14:07:58,914 [WARN] PackLoader:240 - Cannot read IP mode file for STMicroelectronics.X-CUBE-AZRTOS-G4.2.0.0
2023-08-25 14:07:58,939 [WARN] PackLoader:240 - Cannot read IP mode file for STMicroelectronics.X-CUBE-TOF1.3.3.0
2023-08-25 14:07:58,972 [WARN] PackLoader:240 - Cannot read IP mode file for STMicroelectronics.X-CUBE-AZRTOS-G4.1.0.0
2023-08-25 14:07:59,003 [WARN] PackLoader:240 - Cannot read IP mode file for STMicroelectronics.X-CUBE-AZRTOS-L4.1.0.0
2023-08-25 14:07:59,018 [WARN] PackLoader:240 - Cannot read IP mode file for STMicroelectronics.X-CUBE-FREERTOS.1.1.0
2023-08-25 14:07:59,037 [WARN] PackLoader:240 - Cannot read IP mode file for STMicroelectronics.X-CUBE-AZRTOS-WL.1.0.0
2023-08-25 14:07:59,056 [WARN] PackLoader:240 - Cannot read IP mode file for portGmbH.I-Cube-SoM-uGOAL.1.1.0
2023-08-25 14:07:59,069 [WARN] PackLoader:240 - Cannot read IP mode file for STMicroelectronics.X-CUBE-ALS.1.0.1
2023-08-25 14:07:59,092 [WARN] PackLoader:240 - Cannot read IP mode file for STMicroelectronics.X-CUBE-AZRTOS-WB.1.1.0
2023-08-25 14:07:59,104 [WARN] PackLoader:240 - Cannot read IP mode file for STMicroelectronics.FP-ATR-ASTRA1.2.0.0
2023-08-25 14:07:59,105 [INFO] ThirdParty:978 - Integrity check success = true
2023-08-25 14:07:59,105 [INFO] IntegrityCheckThread:100 - exiting critical section [integrity check]
2023-08-25 14:07:59,105 [INFO] IntegrityCheckThread:103 - End integrity checks thread
2023-08-25 14:08:15,759 [ERROR] LogOutputStream:75 - [STDERR_REDIRECT] SLF4J: Failed to load class "org.slf4j.impl.StaticLoggerBinder".
2023-08-25 14:08:15,759 [ERROR] LogOutputStream:75 - [STDERR_REDIRECT] SLF4J: Defaulting to no-operation (NOP) logger implementation
2023-08-25 14:08:15,762 [ERROR] LogOutputStream:75 - [STDERR_REDIRECT] SLF4J: See http://www.slf4j.org/codes.html#StaticLoggerBinder for further details.
2023-08-25 14:10:54,612 [INFO] McuFinderGlobals:63 - Set McuFinder mode to 2 (CubeIDE integrated)
2023-08-25 14:10:54,634 [INFO] MainUpdater:2868 - connection check result : 10
2023-08-25 14:10:54,642 [INFO] MainUpdater:2868 - connection check result : 10
2023-08-25 14:10:54,820 [INFO] MicroXplorer:468 - Change Database Path : 
2023-08-25 14:10:54,820 [INFO] MicroXplorer:498 - Change Database Version : DB.6.0.91
2023-08-25 14:10:54,822 [WARN] ThirdParty:871 - waiting for thirdparty lock release [close project]
2023-08-25 14:10:54,822 [INFO] ThirdParty:873 - entering critical section [close project]
2023-08-25 14:10:54,823 [INFO] ThirdParty:883 - exiting critical section [close project]
2023-08-25 14:10:54,825 [INFO] PinOutPanel:1499 - setPackage(No Configuration,No Configuration)
2023-08-25 14:10:54,830 [INFO] UtilMem:75 - Begin LoadConfig() Used Memory: 507387528 Bytes (832569344)
2023-08-25 14:10:54,831 [INFO] MicroXplorer:468 - Change Database Path : 
2023-08-25 14:10:54,831 [INFO] MicroXplorer:498 - Change Database Version : DB.6.0.91
2023-08-25 14:10:54,832 [INFO] OpenFileManager:308 - Change cursor
2023-08-25 14:10:54,883 [INFO] Mcu:1946 - Initializing MCU STM32F767ZITx STM32F767ZITx STM32F767ZIT6
2023-08-25 14:10:58,180 [INFO] Context:659 - Trying to add GPIOservice into a context  which must be forbidden
2023-08-25 14:10:59,104 [INFO] RtosManager:555 - Registered RTOS mode: class=CMSIS, group=RTOS, mode=CMSIS_V1, owner=FREERTOS
2023-08-25 14:10:59,104 [INFO] RtosManager:555 - Registered RTOS mode: class=CMSIS, group=RTOS2, mode=CMSIS_V2, owner=FREERTOS
2023-08-25 14:10:59,104 [INFO] RtosManager:555 - Registered RTOS mode: class=RTOS, group=Core, mode=CMSIS_V1, owner=FREERTOS
2023-08-25 14:10:59,104 [INFO] RtosManager:555 - Registered RTOS mode: class=RTOS, group=Core, mode=CMSIS_V2, owner=FREERTOS
2023-08-25 14:10:59,104 [WARN] ModelIntegratedComponent:184 - Missing modes for component STMicroelectronics:FreeRTOS:0.0.1:STMicroelectronics:RTOS:FreeRTOS:Core:::10.2.0:
2023-08-25 14:10:59,123 [WARN] ModelIntegratedComponent:63 - No mode defined for component null
2023-08-25 14:10:59,124 [WARN] ModelIntegratedComponent:63 - No mode defined for component null
2023-08-25 14:10:59,124 [WARN] ModelIntegratedComponent:63 - No mode defined for component null
2023-08-25 14:10:59,124 [WARN] ModelIntegratedComponent:63 - No mode defined for component null
2023-08-25 14:10:59,124 [WARN] ModelIntegratedComponent:63 - No mode defined for component null
2023-08-25 14:10:59,124 [WARN] ModelIntegratedComponent:63 - No mode defined for component null
2023-08-25 14:10:59,124 [WARN] ModelIntegratedComponent:63 - No mode defined for component null
2023-08-25 14:10:59,124 [WARN] ModelIntegratedComponent:63 - No mode defined for component null
2023-08-25 14:10:59,124 [WARN] ModelIntegratedComponent:63 - No mode defined for component null
2023-08-25 14:10:59,124 [WARN] ModelIntegratedComponent:63 - No mode defined for component null
2023-08-25 14:10:59,124 [WARN] ModelIntegratedComponent:63 - No mode defined for component null
2023-08-25 14:10:59,124 [WARN] ModelIntegratedComponent:63 - No mode defined for component null
2023-08-25 14:10:59,124 [WARN] ModelIntegratedComponent:63 - No mode defined for component null
2023-08-25 14:10:59,125 [WARN] ModelIntegratedComponent:63 - No mode defined for component null
2023-08-25 14:10:59,125 [WARN] ModelIntegratedComponent:63 - No mode defined for component null
2023-08-25 14:10:59,125 [WARN] ModelIntegratedComponent:63 - No mode defined for component null
2023-08-25 14:10:59,125 [WARN] ModelIntegratedComponent:63 - No mode defined for component null
2023-08-25 14:10:59,126 [WARN] ModelIntegratedComponent:63 - No mode defined for component null
2023-08-25 14:10:59,126 [WARN] ModelIntegratedComponent:63 - No mode defined for component null
2023-08-25 14:10:59,126 [WARN] ModelIntegratedComponent:63 - No mode defined for component null
2023-08-25 14:10:59,126 [WARN] ModelIntegratedComponent:63 - No mode defined for component null
2023-08-25 14:10:59,126 [WARN] ModelIntegratedComponent:63 - No mode defined for component null
2023-08-25 14:10:59,126 [WARN] ModelIntegratedComponent:63 - No mode defined for component null
2023-08-25 14:10:59,126 [WARN] ModelIntegratedComponent:63 - No mode defined for component null
2023-08-25 14:10:59,126 [WARN] ModelIntegratedComponent:63 - No mode defined for component null
2023-08-25 14:10:59,126 [WARN] ModelIntegratedComponent:63 - No mode defined for component null
2023-08-25 14:10:59,126 [WARN] ModelIntegratedComponent:63 - No mode defined for component null
2023-08-25 14:10:59,126 [WARN] ModelIntegratedComponent:63 - No mode defined for component null
2023-08-25 14:10:59,126 [WARN] ModelIntegratedComponent:63 - No mode defined for component null
2023-08-25 14:10:59,128 [WARN] ModelIntegratedComponent:63 - No mode defined for component null
2023-08-25 14:10:59,128 [WARN] ModelIntegratedComponent:63 - No mode defined for component null
2023-08-25 14:10:59,129 [WARN] ModelIntegratedComponent:63 - No mode defined for component null
2023-08-25 14:10:59,129 [WARN] ModelIntegratedComponent:63 - No mode defined for component null
2023-08-25 14:10:59,237 [INFO] ThirdPartyModel:298 - Start build external matchings
2023-08-25 14:10:59,867 [INFO] ThirdPartyModel:316 - End build external matchings
2023-08-25 14:10:59,885 [INFO] ImportTextPane:194 - (OptionalMessage_ERROR) IP (ETH) : Invalid parameter (PHY_Name)
2023-08-25 14:10:59,885 [INFO] ImportTextPane:194 - (OptionalMessage_ERROR) IP (ETH) : Invalid parameter (PHY_Value)
2023-08-25 14:10:59,885 [INFO] ImportTextPane:194 - (OptionalMessage_ERROR) IP (ETH) : Invalid parameter (PhyAddress)
2023-08-25 14:10:59,888 [INFO] ImportTextPane:194 - (OptionalMessage_ERROR) IP (RCC) : Invalid parameter (48MHZClocksFreq_Value)
2023-08-25 14:10:59,888 [INFO] ImportTextPane:194 - (OptionalMessage_ERROR) IP (RCC) : Invalid parameter (ADC12outputFreq_Value)
2023-08-25 14:10:59,888 [INFO] ImportTextPane:194 - (OptionalMessage_ERROR) IP (RCC) : Invalid parameter (ADC34outputFreq_Value)
2023-08-25 14:10:59,888 [INFO] ImportTextPane:194 - (OptionalMessage_ERROR) IP (RCC) : Invalid parameter (FamilyName)
2023-08-25 14:10:59,889 [INFO] ImportTextPane:194 - (OptionalMessage_ERROR) IP (RCC) : Invalid parameter (I2SClocksFreq_Value)
2023-08-25 14:10:59,889 [INFO] ImportTextPane:194 - (OptionalMessage_ERROR) IP (RCC) : Invalid parameter (LCDTFToutputFreq_Value)
2023-08-25 14:10:59,889 [INFO] ImportTextPane:194 - (OptionalMessage_ERROR) IP (RCC) : Invalid parameter (MCOFreq_Value)
2023-08-25 14:10:59,890 [INFO] ImportTextPane:194 - (OptionalMessage_ERROR) IP (RCC) : Invalid parameter (PLLMCOFreq_Value)
2023-08-25 14:10:59,890 [INFO] ImportTextPane:194 - (OptionalMessage_ERROR) IP (RCC) : Invalid parameter (PLLMUL)
2023-08-25 14:10:59,891 [INFO] ImportTextPane:194 - (OptionalMessage_ERROR) IP (RCC) : Invalid parameter (PRESCALERUSB)
2023-08-25 14:10:59,891 [INFO] ImportTextPane:194 - (OptionalMessage_ERROR) IP (RCC) : Invalid parameter (RTCHSEDivFreq_Value)
2023-08-25 14:10:59,891 [INFO] ImportTextPane:194 - (OptionalMessage_ERROR) IP (RCC) : Parameter (SDMMC2Freq_Value) has invalid value (96000000)
2023-08-25 14:10:59,891 [INFO] ImportTextPane:194 - (OptionalMessage_ERROR) IP (RCC) : Parameter (SDMMCFreq_Value) has invalid value (96000000)
2023-08-25 14:10:59,892 [INFO] ImportTextPane:194 - (OptionalMessage_ERROR) IP (RCC) : Invalid parameter (SYSCLKSourceVirtual)
2023-08-25 14:10:59,892 [INFO] ImportTextPane:194 - (OptionalMessage_ERROR) IP (RCC) : Invalid parameter (TIM15Freq_Value)
2023-08-25 14:10:59,892 [INFO] ImportTextPane:194 - (OptionalMessage_ERROR) IP (RCC) : Invalid parameter (TIM16Freq_Value)
2023-08-25 14:10:59,892 [INFO] ImportTextPane:194 - (OptionalMessage_ERROR) IP (RCC) : Invalid parameter (TIM17Freq_Value)
2023-08-25 14:10:59,893 [INFO] ImportTextPane:194 - (OptionalMessage_ERROR) IP (RCC) : Invalid parameter (TIM1Freq_Value)
2023-08-25 14:10:59,893 [INFO] ImportTextPane:194 - (OptionalMessage_ERROR) IP (RCC) : Invalid parameter (TIM20Freq_Value)
2023-08-25 14:10:59,893 [INFO] ImportTextPane:194 - (OptionalMessage_ERROR) IP (RCC) : Invalid parameter (TIM2Freq_Value)
2023-08-25 14:10:59,893 [INFO] ImportTextPane:194 - (OptionalMessage_ERROR) IP (RCC) : Invalid parameter (TIM3Freq_Value)
2023-08-25 14:10:59,893 [INFO] ImportTextPane:194 - (OptionalMessage_ERROR) IP (RCC) : Invalid parameter (TIM8Freq_Value)
2023-08-25 14:10:59,895 [INFO] ImportTextPane:194 - (OptionalMessage_ERROR) IP (RCC) : Invalid parameter (VCOOutput2Freq_Value)
2023-08-25 14:10:59,896 [INFO] ImportTextPane:194 - (OptionalMessage_ERROR) IP (RCC) : Invalid parameter (VcooutputI2S)
2023-08-25 14:11:00,507 [INFO] UtilMem:75 - End LoadConfig() Used Memory: 815667008 Bytes (1073741824)
2023-08-25 14:11:00,658 [INFO] ApiDb:581 - Connected to CubeFinder SQLite database (C:\Users\baris\.stmcufinder\plugins\mcufinder\mcu\cube-finder-db.db)
2023-08-25 14:11:00,762 [INFO] ApiDb:668 - CubeFinder database Data Model version=2.1
2023-08-25 14:11:00,762 [INFO] ApiDb:669 - CubeFinder database Configuration version=3.0.37
2023-08-25 14:11:00,763 [INFO] ApiDb:670 - CubeFinder database generation date=2023-07-31 (1690792719)
2023-08-25 14:11:00,763 [INFO] ApiDb:671 - CubeFinder database FW Pack versions=[FP-ATR-ASTRA1_V2.0.0, FP-SNS-FLIGHT1_V5.0.1, FP-SNS-FLIGHT1_V5.0.2, FP-SNS-MOTENV1_V4.3.1, FP-SNS-MOTENV1_V4.3.2, STM32Cube_FW_C0_V1.1.0, STM32Cube_FW_F4_V1.27.1, STM32Cube_FW_F7_V1.17.0, STM32Cube_FW_G0_V1.6.1, STM32Cube_FW_G4_V1.5.1, STM32Cube_FW_H5_V0.5.1, STM32Cube_FW_H5_V1.1.0, STM32Cube_FW_H7_V1.11.0, STM32Cube_FW_L0_V1.12.2, STM32Cube_FW_L5_V1.5.0, STM32Cube_FW_U5_V1.3.0, STM32Cube_FW_U5_V1.3.0RC4, STM32Cube_FW_WBA_V1.0.0RC1, STM32Cube_FW_WBA_V1.1.0, STM32Cube_FW_WBA_V1.1.0RC1, STM32Cube_FW_WB_V1.15.0RC1, STM32Cube_FW_WB_V1.16.0, STM32Cube_FW_WB_V1.16.0RC2, STM32Cube_FW_WB_V1.17.0, STM32Cube_FW_WL_V1.3.0, X-CUBE-ALGOBUILD_V1.3.0, X-CUBE-ALS_V1.0.1, X-CUBE-AZRTOS-F4_V1.1.0, X-CUBE-AZRTOS-F7_V1.1.0, X-CUBE-AZRTOS-G0_V1.1.0, X-CUBE-AZRTOS-G4_V2.0.0, X-CUBE-AZRTOS-H7_V3.1.0, X-CUBE-AZRTOS-L4_V1.0.0, X-CUBE-AZRTOS-L4_V2.0.0, X-CUBE-AZRTOS-L5_V1.1.0, X-CUBE-AZRTOS-WB_V1.1.0, X-CUBE-AZRTOS-WL_V2.0.0, X-CUBE-BLE1_V6.2.4, X-CUBE-BLE2_V3.3.0, X-CUBE-BLEMGR_V2.0.0, X-CUBE-EEPRMA1_V4.1.0, X-CUBE-FREERTOS_V1.0.1, X-CUBE-GNSS1_V6.0.0, X-CUBE-MEMS1_V9.1.0, X-CUBE-MEMS1_V9.4.0, X-CUBE-MEMS1_V9.6.0, X-CUBE-NFC4_V3.0.0, X-CUBE-NFC7_V1.0.0, X-CUBE-SFXS2LP1_V4.0.0, X-CUBE-SUBG2_V5.0.0]
2023-08-25 14:11:02,955 [INFO] ApiDb:240 - Found 323 in-development CPN: [B-G473E-ZEST1S, B-WB1M-WPAN1, B-WL5M-SUBG1, NUCLEO-C031C6, NUCLEO-H503RB, NUCLEO-H563ZI, NUCLEO-U545RE-Q, NUCLEO-U5A5ZJ-Q, NUCLEO-WBA52CG, STEVAL-PROTEUS1, STEVAL-SMARTAG2, STEVAL-STWINBX1, STM320518-EVAL, STM32C0116-DK, STM32C011D6Y3TR, STM32C011D6Y6TR, STM32C011F4P3, STM32C011F4P6, STM32C011F4U3, STM32C011F4U6TR, STM32C011F6P3, STM32C011F6P6, STM32C011F6U3, STM32C011F6U6TR, STM32C011J4M3, STM32C011J4M6, STM32C011J6M3, STM32C011J6M6, STM32C0316-DK, STM32C031C4T3, STM32C031C4T6, STM32C031C4U3, STM32C031C4U6, STM32C031C6T3, STM32C031C6T6, STM32C031C6U3, STM32C031C6U6, STM32C031F4P3, STM32C031F4P6, STM32C031F6P3, STM32C031F6P6, STM32C031G4U3, STM32C031G4U6, STM32C031G6U3, STM32C031G6U6, STM32C031K4T3, STM32C031K4T6, STM32C031K4U3, STM32C031K4U6, STM32C031K6T3, STM32C031K6T6, STM32C031K6U3, STM32C031K6U6, STM32G071K8TXN, STM32G071K8UXN, STM32G081GBU6N, STM32G081KBT6N, STM32G081KBUXN, STM32G0B1CCT6N, STM32G0B1KCT6, STM32G0B1NEY6TR, STM32G0B1RCT6N, STM32G0C1CCT6, STM32G0C1CCT6N, STM32G0C1CCU6N, STM32G0C1CET6N, STM32G0C1CEU6N, STM32G0C1KCT6, STM32G0C1NEY6TR, STM32G0C1RCI6N, STM32G0C1RCT6N, STM32G0C1REI6N, STM32G0C1RET6N, STM32G0C1VCI6, STM32G0C1VEI6, STM32G471CCT6, STM32G471CCU6, STM32G471CET3, STM32G471CET6, STM32G471CEU3, STM32G471CEU6, STM32G471MCT6, STM32G471MET3, STM32G471MET6, STM32G471MEY6TR, STM32G471QCT6, STM32G471QET3, STM32G471RCT6, STM32G471RET3, STM32G471RET6, STM32G471VCH6, STM32G471VCI6, STM32G471VCT6, STM32G471VEH3, STM32G471VEH6, STM32G471VEI3, STM32G471VEI6, STM32G471VET3, STM32G471VET6, STM32G474CCT6, STM32H503CBT6, STM32H503CBU6, STM32H503EBY6TR, STM32H503KBU6, STM32H503RBT6, STM32H562AGI6, STM32H562AII6, STM32H562IGK6, STM32H562IGT6, STM32H562IIK6, STM32H562IIT6, STM32H562RGT6, STM32H562RGV6, STM32H562RIT6, STM32H562RIV6, STM32H562VGT6, STM32H562VIT6, STM32H562ZGT6, STM32H562ZIT6, STM32H563AGI6, STM32H563AII3Q, STM32H563AII6, STM32H563IGK6, STM32H563IGT6, STM32H563IIK3Q, STM32H563IIK6, STM32H563IIT3Q, STM32H563IIT6, STM32H563MIY3QTR, STM32H563RGT6, STM32H563RGV6, STM32H563RIT6, STM32H563RIV6, STM32H563VGT6, STM32H563VIT3Q, STM32H563VIT6, STM32H563ZGT6, STM32H563ZIT3Q, STM32H563ZIT6, STM32H573AII3Q, STM32H573AII6, STM32H573I-DK, STM32H573IIK3Q, STM32H573IIK6, STM32H573IIT3Q, STM32H573IIT6, STM32H573MIY3QTR, STM32H573RIT6, STM32H573RIV6, STM32H573VIT3Q, STM32H573VIT6, STM32H573ZIT3Q, STM32H573ZIT6, STM32L4R5QGI6STR, STM32MP131AAE3, STM32MP131AAF3, STM32MP131AAG3, STM32MP131CAE3, STM32MP131CAF3, STM32MP131CAG3, STM32MP131DAE7, STM32MP131DAF7, STM32MP131DAG7, STM32MP131FAE7, STM32MP131FAF7, STM32MP131FAG7, STM32MP133AAE3, STM32MP133AAF3, STM32MP133AAG3, STM32MP133CAE3, STM32MP133CAF3, STM32MP133CAG3, STM32MP133DAE7, STM32MP133DAF7, STM32MP133DAG7, STM32MP133FAE7, STM32MP133FAF7, STM32MP133FAG7, STM32MP135AAE3, STM32MP135AAF3, STM32MP135AAG3, STM32MP135CAE3, STM32MP135CAF3, STM32MP135CAG3, STM32MP135DAE7, STM32MP135DAF7, STM32MP135DAG7, STM32MP135F-DK, STM32MP135FAE7, STM32MP135FAF7, STM32MP135FAF7T, STM32MP135FAF7U, STM32MP135FAG7, STM32U535CBT6, STM32U535CBT6Q, STM32U535CBU6, STM32U535CBU6Q, STM32U535CCT6, STM32U535CCT6Q, STM32U535CCU6, STM32U535CCU6Q, STM32U535CET6, STM32U535CET6Q, STM32U535CEU6, STM32U535CEU6Q, STM32U535JEY6QTR, STM32U535NCY6QTR, STM32U535NEY6QTR, STM32U535RBI6, STM32U535RBI6Q, STM32U535RBT6, STM32U535RBT6Q, STM32U535RCI6, STM32U535RCI6Q, STM32U535RCT6, STM32U535RCT6Q, STM32U535REI6, STM32U535REI6Q, STM32U535RET6, STM32U535RET6Q, STM32U535VCI6, STM32U535VCI6Q, STM32U535VCT6, STM32U535VCT6Q, STM32U535VEI6, STM32U535VEI6Q, STM32U535VET6, STM32U535VET6Q, STM32U545CET6, STM32U545CET6Q, STM32U545CEU6, STM32U545CEU6Q, STM32U545JEY6QTR, STM32U545NEY6QTR, STM32U545REI6, STM32U545REI6Q, STM32U545RET6, STM32U545RET6Q, STM32U545VEI6, STM32U545VEI6Q, STM32U545VET6, STM32U545VET6Q, STM32U595AIH6, STM32U595AIH6Q, STM32U595AJH6, STM32U595AJH6Q, STM32U595QII6, STM32U595QII6Q, STM32U595QJI6, STM32U595QJI6Q, STM32U595RIT6, STM32U595RIT6Q, STM32U595RJT6, STM32U595RJT6Q, STM32U595VIT6, STM32U595VIT6Q, STM32U595VJT6, STM32U595VJT6Q, STM32U595ZIT6, STM32U595ZIT6Q, STM32U595ZIY6QTR, STM32U595ZJT6, STM32U595ZJT6Q, STM32U595ZJY6QTR, STM32U599BJY6QTR, STM32U599NIH6Q, STM32U599NJH6Q, STM32U599VIT6Q, STM32U599VJT6, STM32U599VJT6Q, STM32U599ZIT6Q, STM32U599ZIY6QTR, STM32U599ZJT6Q, STM32U599ZJY6QTR, STM32U5A5AJH6, STM32U5A5AJH6Q, STM32U5A5QJI6, STM32U5A5QJI6Q, STM32U5A5RJT6, STM32U5A5RJT6Q, STM32U5A5VJT6, STM32U5A5VJT6Q, STM32U5A5ZJT6, STM32U5A5ZJT6Q, STM32U5A5ZJY6QTR, STM32U5A9BJY6QTR, STM32U5A9J-DK, STM32U5A9NJH6Q, STM32U5A9VJT6Q, STM32U5A9ZJT6Q, STM32U5A9ZJY6QTR, STM32U5F7VIT6, STM32U5F7VIT6Q, STM32U5F7VJT6, STM32U5F7VJT6Q, STM32U5F9BJY6QTR, STM32U5F9NJH6Q, STM32U5F9VIT6Q, STM32U5F9VJT6Q, STM32U5F9ZIJ6QTR, STM32U5F9ZIT6Q, STM32U5F9ZJJ6QTR, STM32U5F9ZJT6Q, STM32U5G7VJT6, STM32U5G7VJT6Q, STM32U5G9BJY6QTR, STM32U5G9J-DK1, STM32U5G9J-DK2, STM32U5G9NJH6Q, STM32U5G9VJT6Q, STM32U5G9ZJJ6QTR, STM32U5G9ZJT6Q, STM32WB1MMCH6, STM32WBA52CEU6, STM32WBA52CEU6T, STM32WBA52CGU6, STM32WBA52CGU6T, STM32WBA52KEU6, STM32WBA52KEU6T, STM32WBA52KGU6, STM32WBA52KGU6T, STM32WL5MOCH6, STM32WL5MOCH6TR]
2023-08-25 14:11:02,960 [INFO] DbMcus:217 - Found 3848 MCUs, 3848 are supported
2023-08-25 14:11:02,960 [INFO] ApiDb:423 - Load user favorites file C:\Users\baris/.stm32cubeide/favorites.mcus.txt: 0 item(s)
2023-08-25 14:11:02,961 [INFO] ApiDb:427 - User favorites MCUs=[]
2023-08-25 14:11:02,961 [INFO] DbMcus:223 - Set 0 / 0 favorites MCUs
2023-08-25 14:11:03,239 [WARN] ThirdParty:833 - waiting for thirdparty lock release [change project]
2023-08-25 14:11:03,240 [INFO] ThirdParty:835 - entering critical section [change project]
2023-08-25 14:11:03,240 [INFO] ThirdParty:1030 - CMSIS Pack Vendor :STMicroelectronics X-CUBE-ISPU 1.1.0
2023-08-25 14:11:03,240 [INFO] ThirdParty:1030 - CMSIS Pack Vendor :STMicroelectronics USBPD 4.1
2023-08-25 14:11:03,240 [INFO] ThirdParty:1030 - CMSIS Pack Vendor :STMicroelectronics X-CUBE-GNSS1 6.0.0
2023-08-25 14:11:03,240 [INFO] ThirdParty:1030 - CMSIS Pack Vendor :STMicroelectronics USB_HOST 2.0.0
2023-08-25 14:11:03,240 [INFO] ThirdParty:1030 - CMSIS Pack Vendor :STMicroelectronics X-CUBE-AZRTOS-F4 1.1.0
2023-08-25 14:11:03,240 [INFO] ThirdParty:1030 - CMSIS Pack Vendor :STMicroelectronics LIBJPEG 8.0.0
2023-08-25 14:11:03,240 [INFO] ThirdParty:1030 - CMSIS Pack Vendor :STMicroelectronics X-CUBE-SMBUS 2.1.0
2023-08-25 14:11:03,240 [INFO] ThirdParty:1030 - CMSIS Pack Vendor :wolfSSL I-CUBE-wolfSSL 5.6.0
2023-08-25 14:11:03,240 [INFO] ThirdParty:1030 - CMSIS Pack Vendor :STMicroelectronics USB_DEVICE 3.0.0
2023-08-25 14:11:03,240 [INFO] ThirdParty:1030 - CMSIS Pack Vendor :STMicroelectronics X-CUBE-AI 8.0.0
2023-08-25 14:11:03,240 [INFO] ThirdParty:1030 - CMSIS Pack Vendor :STMicroelectronics X-CUBE-AZRTOS-WB 2.0.0
2023-08-25 14:11:03,240 [INFO] ThirdParty:1030 - CMSIS Pack Vendor :STMicroelectronics X-CUBE-FREERTOS 1.0.1
2023-08-25 14:11:03,240 [INFO] ThirdParty:1030 - CMSIS Pack Vendor :STMicroelectronics X-CUBE-TOUCHGFX 4.21.3
2023-08-25 14:11:03,240 [INFO] ThirdParty:1030 - CMSIS Pack Vendor :STMicroelectronics X-CUBE-AZRTOS-F7 1.1.0
2023-08-25 14:11:03,240 [INFO] ThirdParty:1030 - CMSIS Pack Vendor :STMicroelectronics X-CUBE-AZRTOS-L5 2.0.0
2023-08-25 14:11:03,240 [INFO] ThirdParty:1030 - CMSIS Pack Vendor :STMicroelectronics USB_DEVICE 2.0.0
2023-08-25 14:11:03,240 [INFO] ThirdParty:1030 - CMSIS Pack Vendor :STMicroelectronics X-CUBE-MEMS1 9.6.0
2023-08-25 14:11:03,240 [INFO] ThirdParty:1030 - CMSIS Pack Vendor :STMicroelectronics FP-SNS-MOTENV1 4.3.2
2023-08-25 14:11:03,240 [INFO] ThirdParty:1030 - CMSIS Pack Vendor :STMicroelectronics X-CUBE-ALGOBUILD 1.3.0
2023-08-25 14:11:03,240 [INFO] ThirdParty:1030 - CMSIS Pack Vendor :STMicroelectronics X-CUBE-BLE1 6.2.4
2023-08-25 14:11:03,240 [INFO] ThirdParty:1030 - CMSIS Pack Vendor :STMicroelectronics X-CUBE-AZRTOS-L5 1.1.0
2023-08-25 14:11:03,240 [INFO] ThirdParty:1030 - CMSIS Pack Vendor :STMicroelectronics FreeRTOS 0.0.1
2023-08-25 14:11:03,240 [INFO] ThirdParty:1030 - CMSIS Pack Vendor :STMicroelectronics X-CUBE-AZRTOS-G0 1.1.0
2023-08-25 14:11:03,240 [INFO] ThirdParty:1030 - CMSIS Pack Vendor :emotas I-CUBE-CANOPEN 1.1.3
2023-08-25 14:11:03,240 [INFO] ThirdParty:1030 - CMSIS Pack Vendor :STMicroelectronics X-CUBE-BLEMGR 2.0.0
2023-08-25 14:11:03,240 [INFO] ThirdParty:1030 - CMSIS Pack Vendor :STMicroelectronics X-CUBE-NFC4 3.0.0
2023-08-25 14:11:03,240 [INFO] ThirdParty:1030 - CMSIS Pack Vendor :STMicroelectronics X-CUBE-SUBG2 5.0.0
2023-08-25 14:11:03,240 [INFO] ThirdParty:1030 - CMSIS Pack Vendor :STMicroelectronics STM32_WPAN 1.0.0
2023-08-25 14:11:03,240 [INFO] ThirdParty:1030 - CMSIS Pack Vendor :STMicroelectronics lwIP 2.0.3
2023-08-25 14:11:03,241 [INFO] ThirdParty:1030 - CMSIS Pack Vendor :STMicroelectronics FP-SNS-FLIGHT1 5.0.2
2023-08-25 14:11:03,241 [INFO] ThirdParty:1030 - CMSIS Pack Vendor :STMicroelectronics USB_HOST 1.0.0
2023-08-25 14:11:03,241 [INFO] ThirdParty:1030 - CMSIS Pack Vendor :STMicroelectronics X-CUBE-TOF1 3.3.1
2023-08-25 14:11:03,241 [INFO] ThirdParty:1030 - CMSIS Pack Vendor :STMicroelectronics X-CUBE-AZRTOS-G4 2.0.0
2023-08-25 14:11:03,241 [INFO] ThirdParty:1030 - CMSIS Pack Vendor :STMicroelectronics PDM2PCM 3.1.0
2023-08-25 14:11:03,241 [INFO] ThirdParty:1030 - CMSIS Pack Vendor :STMicroelectronics X-CUBE-AZRTOS-H7 3.1.0
2023-08-25 14:11:03,241 [INFO] ThirdParty:1030 - CMSIS Pack Vendor :STMicroelectronics X-CUBE-TOF1 3.3.0
2023-08-25 14:11:03,241 [INFO] ThirdParty:1030 - CMSIS Pack Vendor :STMicroelectronics PDM2PCM 3.3.0
2023-08-25 14:11:03,241 [INFO] ThirdParty:1030 - CMSIS Pack Vendor :STMicroelectronics X-CUBE-DISPLAY 3.0.0
2023-08-25 14:11:03,241 [INFO] ThirdParty:1030 - CMSIS Pack Vendor :STMicroelectronics X-CUBE-BLE1 7.0.0
2023-08-25 14:11:03,241 [INFO] ThirdParty:1030 - CMSIS Pack Vendor :STMicroelectronics FP-ATR-SIGFOX1 3.2.0
2023-08-25 14:11:03,241 [INFO] ThirdParty:1030 - CMSIS Pack Vendor :STMicroelectronics X-CUBE-AZRTOS-G4 1.0.0
2023-08-25 14:11:03,241 [INFO] ThirdParty:1030 - CMSIS Pack Vendor :STMicroelectronics X-CUBE-AZRTOS-L4 1.0.0
2023-08-25 14:11:03,241 [INFO] ThirdParty:1030 - CMSIS Pack Vendor :STMicroelectronics HAL Drivers 0.0.0
2023-08-25 14:11:03,241 [INFO] ThirdParty:1030 - CMSIS Pack Vendor :STMicroelectronics MBEDTLS 2.16.2
2023-08-25 14:11:03,241 [INFO] ThirdParty:1030 - CMSIS Pack Vendor :STMicroelectronics X-CUBE-FREERTOS 1.1.0
2023-08-25 14:11:03,241 [INFO] ThirdParty:1030 - CMSIS Pack Vendor :STMicroelectronics X-CUBE-TOUCHGFX 4.22.0
2023-08-25 14:11:03,241 [INFO] ThirdParty:1030 - CMSIS Pack Vendor :STMicroelectronics X-CUBE-NFC7 1.0.1
2023-08-25 14:11:03,241 [INFO] ThirdParty:1030 - CMSIS Pack Vendor :STMicroelectronics MBEDTLS 2.14.1
2023-08-25 14:11:03,241 [INFO] ThirdParty:1030 - CMSIS Pack Vendor :STMicroelectronics X-CUBE-NFC7 1.0.0
2023-08-25 14:11:03,241 [INFO] ThirdParty:1030 - CMSIS Pack Vendor :STMicroelectronics X-CUBE-AZRTOS-WL 1.0.0
2023-08-25 14:11:03,241 [INFO] ThirdParty:1030 - CMSIS Pack Vendor :STMicroelectronics X-CUBE-EEPRMA1 4.1.0
2023-08-25 14:11:03,241 [INFO] ThirdParty:1030 - CMSIS Pack Vendor :portGmbH I-Cube-SoM-uGOAL 1.1.0
2023-08-25 14:11:03,241 [INFO] ThirdParty:1030 - CMSIS Pack Vendor :STMicroelectronics X-CUBE-ALS 1.0.1
2023-08-25 14:11:03,241 [INFO] ThirdParty:1030 - CMSIS Pack Vendor :STMicroelectronics X-CUBE-MEMS1 9.5.0
2023-08-25 14:11:03,241 [INFO] ThirdParty:1030 - CMSIS Pack Vendor :STMicroelectronics ThreadX 1.0.0
2023-08-25 14:11:03,241 [INFO] ThirdParty:1030 - CMSIS Pack Vendor :STMicroelectronics X-CUBE-AZRTOS-WB 1.1.0
2023-08-25 14:11:03,241 [INFO] ThirdParty:1030 - CMSIS Pack Vendor :STMicroelectronics X-CUBE-AZRTOS-WL 2.0.0
2023-08-25 14:11:03,241 [INFO] ThirdParty:1030 - CMSIS Pack Vendor :SEGGER I-CUBE-embOS 1.3.1
2023-08-25 14:11:03,241 [INFO] ThirdParty:1030 - CMSIS Pack Vendor :STMicroelectronics USB_DEVICE 1.0.0
2023-08-25 14:11:03,241 [INFO] ThirdParty:1030 - CMSIS Pack Vendor :STMicroelectronics X-CUBE-AI 8.1.0
2023-08-25 14:11:03,241 [INFO] ThirdParty:1030 - CMSIS Pack Vendor :STMicroelectronics X-CUBE-AZRTOS-L4 2.0.0
2023-08-25 14:11:03,241 [INFO] ThirdParty:1030 - CMSIS Pack Vendor :STMicroelectronics ThreadX 0.0.2
2023-08-25 14:11:03,241 [INFO] ThirdParty:1030 - CMSIS Pack Vendor :WES I-CUBE-Cesium 1.3.0
2023-08-25 14:11:03,241 [INFO] ThirdParty:1030 - CMSIS Pack Vendor :STMicroelectronics FP-ATR-ASTRA1 2.0.0
2023-08-25 14:11:03,242 [INFO] ThirdParty:1030 - CMSIS Pack Vendor :STMicroelectronics lwIP 2.1.2
2023-08-25 14:11:03,242 [INFO] ThirdParty:1030 - CMSIS Pack Vendor :STMicroelectronics X-CUBE-SFXS2LP1 4.0.0
2023-08-25 14:11:03,242 [INFO] ThirdParty:1030 - CMSIS Pack Vendor :STMicroelectronics X-CUBE-BLE2 3.3.0
2023-08-25 14:11:03,242 [INFO] ThirdParty:1030 - CMSIS Pack Vendor :STMicroelectronics PDM2PCM 3.2.0
2023-08-25 14:11:03,242 [INFO] ThirdParty:841 - exiting critical section [change project]
2023-08-25 14:11:03,795 [INFO] PinOutPanel:1499 - setPackage(No Configuration,No Configuration)
2023-08-25 14:11:03,796 [INFO] PinOutPanel:1499 - setPackage(STM32F767ZITx,LQFP144)
2023-08-25 14:11:04,608 [INFO] UtilMem:75 - Before build in PCC Used Memory: 890210504 Bytes (1073741824)
2023-08-25 14:11:05,644 [INFO] UtilMem:75 - After build in PCC Used Memory: 559144320 Bytes (1073741824)
2023-08-25 14:11:05,702 [INFO] IPUIPlugin:80 - create IPUIPlugin
2023-08-25 14:11:05,702 [INFO] IPUIPlugin:80 - create IPUIPlugin
2023-08-25 14:11:05,702 [INFO] IPUIPlugin:80 - create IPUIPlugin
2023-08-25 14:11:05,702 [INFO] IPUIPlugin:80 - create IPUIPlugin
2023-08-25 14:11:05,702 [INFO] IPUIPlugin:80 - create IPUIPlugin
2023-08-25 14:11:05,702 [INFO] IPUIPlugin:80 - create IPUIPlugin
2023-08-25 14:11:05,703 [INFO] IPUIPlugin:80 - create IPUIPlugin
2023-08-25 14:11:05,703 [INFO] IPUIPlugin:80 - create IPUIPlugin
2023-08-25 14:11:05,703 [INFO] IPUIPlugin:80 - create IPUIPlugin
2023-08-25 14:11:05,703 [INFO] IPUIPlugin:80 - create IPUIPlugin
2023-08-25 14:11:05,703 [INFO] IPUIPlugin:80 - create IPUIPlugin
2023-08-25 14:11:05,704 [INFO] IPUIPlugin:80 - create IPUIPlugin
2023-08-25 14:11:05,704 [INFO] IPUIPlugin:80 - create IPUIPlugin
2023-08-25 14:11:05,704 [INFO] IPUIPlugin:80 - create IPUIPlugin
2023-08-25 14:11:05,704 [INFO] IPUIPlugin:80 - create IPUIPlugin
2023-08-25 14:11:05,705 [INFO] IPUIPlugin:80 - create IPUIPlugin
2023-08-25 14:11:05,705 [INFO] IPUIPlugin:80 - create IPUIPlugin
2023-08-25 14:11:05,705 [INFO] IPUIPlugin:80 - create IPUIPlugin
2023-08-25 14:11:05,706 [INFO] IPUIPlugin:80 - create IPUIPlugin
2023-08-25 14:11:05,706 [INFO] IPUIPlugin:80 - create IPUIPlugin
2023-08-25 14:11:05,706 [INFO] IPUIPlugin:80 - create IPUIPlugin
2023-08-25 14:11:05,706 [INFO] IPUIPlugin:80 - create IPUIPlugin
2023-08-25 14:11:05,707 [INFO] IPUIPlugin:80 - create IPUIPlugin
2023-08-25 14:11:05,707 [INFO] IPUIPlugin:80 - create IPUIPlugin
2023-08-25 14:11:05,707 [INFO] IPUIPlugin:80 - create IPUIPlugin
2023-08-25 14:11:05,707 [INFO] IPUIPlugin:80 - create IPUIPlugin
2023-08-25 14:11:05,708 [INFO] IPUIPlugin:80 - create IPUIPlugin
2023-08-25 14:11:05,708 [INFO] IPUIPlugin:80 - create IPUIPlugin
2023-08-25 14:11:05,709 [INFO] IPUIPlugin:80 - create IPUIPlugin
2023-08-25 14:11:05,709 [INFO] IPUIPlugin:80 - create IPUIPlugin
2023-08-25 14:11:05,710 [INFO] IPUIPlugin:80 - create IPUIPlugin
2023-08-25 14:11:05,710 [INFO] IPUIPlugin:80 - create IPUIPlugin
2023-08-25 14:11:05,710 [INFO] IPUIPlugin:80 - create IPUIPlugin
2023-08-25 14:11:05,711 [INFO] IPUIPlugin:80 - create IPUIPlugin
2023-08-25 14:11:05,711 [INFO] IPUIPlugin:80 - create IPUIPlugin
2023-08-25 14:11:05,711 [INFO] IPUIPlugin:80 - create IPUIPlugin
2023-08-25 14:11:05,711 [INFO] IPUIPlugin:80 - create IPUIPlugin
2023-08-25 14:11:05,712 [INFO] IPUIPlugin:80 - create IPUIPlugin
2023-08-25 14:11:05,713 [INFO] IPUIPlugin:80 - create IPUIPlugin
2023-08-25 14:11:05,713 [INFO] IPUIPlugin:80 - create IPUIPlugin
2023-08-25 14:11:05,714 [INFO] IPUIPlugin:80 - create IPUIPlugin
2023-08-25 14:11:05,714 [INFO] IPUIPlugin:80 - create IPUIPlugin
2023-08-25 14:11:05,715 [INFO] IPUIPlugin:80 - create IPUIPlugin
2023-08-25 14:11:05,715 [INFO] IPUIPlugin:80 - create IPUIPlugin
2023-08-25 14:11:05,716 [INFO] IPUIPlugin:80 - create IPUIPlugin
2023-08-25 14:11:05,716 [INFO] IPUIPlugin:80 - create IPUIPlugin
2023-08-25 14:11:05,716 [INFO] IPUIPlugin:80 - create IPUIPlugin
2023-08-25 14:11:05,717 [INFO] IPUIPlugin:80 - create IPUIPlugin
2023-08-25 14:11:05,717 [INFO] IPUIPlugin:80 - create IPUIPlugin
2023-08-25 14:11:05,717 [INFO] IPUIPlugin:80 - create IPUIPlugin
2023-08-25 14:11:05,717 [INFO] IPUIPlugin:80 - create IPUIPlugin
2023-08-25 14:11:05,718 [INFO] IPUIPlugin:80 - create IPUIPlugin
2023-08-25 14:11:05,718 [INFO] IPUIPlugin:80 - create IPUIPlugin
2023-08-25 14:11:05,718 [INFO] IPUIPlugin:80 - create IPUIPlugin
2023-08-25 14:11:05,719 [INFO] IPUIPlugin:80 - create IPUIPlugin
2023-08-25 14:11:05,719 [INFO] IPUIPlugin:80 - create IPUIPlugin
2023-08-25 14:11:05,720 [INFO] IPUIPlugin:80 - create IPUIPlugin
2023-08-25 14:11:05,720 [INFO] IPUIPlugin:80 - create IPUIPlugin
2023-08-25 14:11:05,720 [INFO] IPUIPlugin:80 - create IPUIPlugin
2023-08-25 14:11:05,721 [INFO] IPUIPlugin:80 - create IPUIPlugin
2023-08-25 14:11:05,721 [INFO] IPUIPlugin:80 - create IPUIPlugin
2023-08-25 14:11:05,721 [INFO] IPUIPlugin:80 - create IPUIPlugin
2023-08-25 14:11:05,722 [INFO] IPUIPlugin:80 - create IPUIPlugin
2023-08-25 14:11:05,722 [INFO] IPUIPlugin:80 - create IPUIPlugin
2023-08-25 14:11:05,723 [INFO] IPUIPlugin:80 - create IPUIPlugin
2023-08-25 14:11:05,723 [INFO] IPUIPlugin:80 - create IPUIPlugin
2023-08-25 14:11:05,725 [INFO] IPUIPlugin:80 - create IPUIPlugin
2023-08-25 14:11:05,725 [INFO] IPUIPlugin:80 - create IPUIPlugin
2023-08-25 14:11:05,726 [INFO] IPUIPlugin:80 - create IPUIPlugin
2023-08-25 14:11:05,726 [INFO] IPUIPlugin:80 - create IPUIPlugin
2023-08-25 14:11:05,727 [INFO] IPUIPlugin:80 - create IPUIPlugin
2023-08-25 14:11:05,728 [INFO] IPUIPlugin:80 - create IPUIPlugin
2023-08-25 14:11:05,729 [INFO] IPUIPlugin:80 - create IPUIPlugin
2023-08-25 14:11:05,730 [INFO] IPUIPlugin:80 - create IPUIPlugin
2023-08-25 14:11:05,730 [INFO] IPUIPlugin:80 - create IPUIPlugin
2023-08-25 14:11:05,731 [INFO] IPUIPlugin:80 - create IPUIPlugin
2023-08-25 14:11:05,732 [INFO] IPUIPlugin:80 - create IPUIPlugin
2023-08-25 14:11:05,733 [INFO] IPUIPlugin:80 - create IPUIPlugin
2023-08-25 14:11:05,734 [INFO] IPUIPlugin:80 - create IPUIPlugin
2023-08-25 14:11:05,860 [INFO] ApiDbMcu:507 - Load IP Config File for PDM2PCM
2023-08-25 14:11:06,122 [INFO] CADModel:165 - CPN selected for project levelSTM32F767ZIT6
2023-08-25 14:11:06,122 [INFO] CADModel:114 - Register for checkConnection events
2023-08-25 14:11:06,175 [INFO] OpenFileManager:328 - Restore cursor
2023-08-25 14:12:53,683 [INFO] ADCParametersView:116 -                Rank 1 : false
2023-08-25 14:12:53,878 [INFO] ADCParametersView:116 -                Rank 1 : false
2023-08-25 14:12:53,879 [INFO] ADCParametersView:116 -                Rank 1 : false
2023-08-25 14:12:53,879 [INFO] ADCParametersView:116 -                Rank 1 : false
2023-08-25 14:12:53,879 [INFO] ADCParametersView:116 -                Rank 1 : false
2023-08-25 14:12:53,879 [INFO] ADCParametersView:116 -                Rank 1 : false
2023-08-25 14:12:53,880 [INFO] ADCParametersView:116 -                Rank 1 : false
2023-08-25 14:12:53,880 [INFO] ADCParametersView:116 -                Rank 1 : false
2023-08-25 14:12:53,880 [INFO] ADCParametersView:116 -                Rank 1 : false
2023-08-25 14:12:53,880 [INFO] ADCParametersView:116 -                Rank 1 : false
2023-08-25 14:12:53,881 [INFO] ADCParametersView:116 -                Rank 1 : false
2023-08-25 14:12:53,881 [INFO] ADCParametersView:116 -                Rank 1 : false
2023-08-25 14:12:53,881 [INFO] ADCParametersView:116 -                Rank 1 : false
2023-08-25 14:12:53,881 [INFO] ADCParametersView:116 -                Rank 1 : false
2023-08-25 14:12:53,881 [INFO] ADCParametersView:116 -                Rank 1 : false
2023-08-25 14:12:53,982 [INFO] ADCParametersView:116 -                Rank 1 : false
2023-08-25 14:12:56,516 [INFO] ADCParametersView:116 -                Rank 1 : false
2023-08-25 14:12:56,516 [INFO] ADCParametersView:116 -                Rank 1 : false
2023-08-25 14:12:56,517 [INFO] ADCParametersView:116 -                Rank 1 : false
2023-08-25 14:12:56,517 [INFO] ADCParametersView:116 -                Rank 1 : false
2023-08-25 14:12:56,517 [INFO] ADCParametersView:116 -                Rank 1 : false
2023-08-25 14:12:56,517 [INFO] ADCParametersView:116 -                Rank 1 : false
2023-08-25 14:12:56,517 [INFO] ADCParametersView:116 -                Rank 1 : false
2023-08-25 14:12:56,517 [INFO] ADCParametersView:116 -                Rank 1 : false
2023-08-25 14:12:56,517 [INFO] ADCParametersView:116 -                Rank 1 : false
2023-08-25 14:12:56,517 [INFO] ADCParametersView:116 -                Rank 1 : false
2023-08-25 14:12:56,517 [INFO] ADCParametersView:116 -                Rank 1 : false
2023-08-25 14:12:56,517 [INFO] ADCParametersView:116 -                Rank 1 : false
2023-08-25 14:12:56,517 [INFO] ADCParametersView:116 -                Rank 1 : false
2023-08-25 14:12:56,517 [INFO] ADCParametersView:116 -                Rank 1 : false
2023-08-25 14:12:56,569 [INFO] ADCParametersView:116 -                Rank 1 : false
2023-08-25 14:36:34,325 [INFO] Activator:176 - 


2023-08-25 14:36:34,327 [INFO] Activator:177 - !SESSION log4j initialized
2023-08-25 14:36:38,817 [INFO] LogOutputStream:77 - [STDOUT_REDIRECT] 
2023-08-25 14:36:39,578 [INFO] ApplicationProperties:184 - Using Application install path: D:\Programs\STM32CubeIDE_1.13.1\STM32CubeIDE\plugins\com.st.stm32cube.common.mx_6.9.1.202307191849
2023-08-25 14:36:39,594 [INFO] DbMcusXml:78 - Set database path to: D:\Programs\STM32CubeIDE_1.13.1\STM32CubeIDE\plugins\com.st.stm32cube.common.mx_6.9.1.202307191849\\db\/mcu/
2023-08-25 14:36:39,594 [INFO] ApiDb:274 - Set plugin database path to: D:\Programs\STM32CubeIDE_1.13.1\STM32CubeIDE\plugins\com.st.stm32cube.common.mx_6.9.1.202307191849\\db\/plugins/boardmanager/
2023-08-25 14:36:39,595 [WARN] ApiDb:259 - Overriding images path with different value:  => D:\Programs\STM32CubeIDE_1.13.1\STM32CubeIDE\plugins\com.st.stm32cube.common.mx_6.9.1.202307191849\\db\/plugins/mcufinder/images/
2023-08-25 14:36:39,602 [INFO] ApiDb:250 - Set database path to: C:\Users\baris\.stmcufinder\plugins\mcufinder//mcu/
2023-08-25 14:36:39,603 [INFO] DbMcusAds:125 - Set database path to: C:\Users\baris\.stmcufinder\plugins\mcufinder//mcu/
2023-08-25 14:36:39,604 [INFO] CrossReferenceDbSqlite:203 - Set database path to: C:\Users\baris\.stmcufinder\plugins\mcufinder//mcu/cs/
2023-08-25 14:36:39,716 [INFO] RulesReader:64 - Compatibility file has been processed (293 Rules)
2023-08-25 14:37:42,896 [INFO] DbMcusXml:78 - Set database path to: D:\Programs\STM32CubeIDE_1.13.1\STM32CubeIDE\plugins\com.st.stm32cube.common.mx_6.9.1.202307191849\\db\/mcu/
2023-08-25 14:37:42,896 [INFO] ApiDb:274 - Set plugin database path to: D:\Programs\STM32CubeIDE_1.13.1\STM32CubeIDE\plugins\com.st.stm32cube.common.mx_6.9.1.202307191849\\db\/plugins/boardmanager/
2023-08-25 14:37:42,896 [INFO] ApiDb:261 - Set plugin images path to: D:\Programs\STM32CubeIDE_1.13.1\STM32CubeIDE\plugins\com.st.stm32cube.common.mx_6.9.1.202307191849\\db\/plugins/mcufinder/images/
2023-08-25 14:37:42,896 [WARN] DbFile:41 - Overriding database path with different value: C:\Users\baris\.stmcufinder\plugins\mcufinder/ => C:\Users\baris\.stmcufinder\plugins\mcufinder
2023-08-25 14:37:42,896 [INFO] ApiDb:250 - Set database path to: C:\Users\baris\.stmcufinder\plugins\mcufinder//mcu/
2023-08-25 14:37:42,896 [WARN] DbFile:41 - Overriding database path with different value: C:\Users\baris\.stmcufinder\plugins\mcufinder/ => C:\Users\baris\.stmcufinder\plugins\mcufinder
2023-08-25 14:37:42,896 [INFO] DbMcusAds:125 - Set database path to: C:\Users\baris\.stmcufinder\plugins\mcufinder//mcu/
2023-08-25 14:37:42,896 [WARN] DbFile:41 - Overriding database path with different value: C:\Users\baris\.stmcufinder\plugins\mcufinder/ => C:\Users\baris\.stmcufinder\plugins\mcufinder
2023-08-25 14:37:42,896 [WARN] DbFile:41 - Overriding database path with different value: C:\Users\baris\.stmcufinder\plugins\mcufinder/ => C:\Users\baris\.stmcufinder\plugins\mcufinder
2023-08-25 14:37:42,904 [INFO] CrossReferenceDbSqlite:203 - Set database path to: C:\Users\baris\.stmcufinder\plugins\mcufinder//mcu/cs/
2023-08-25 14:37:42,965 [INFO] MainPanel:262 - HeapMemory: 268435456
2023-08-25 14:37:43,034 [INFO] DbMcusXml:78 - Set database path to: D:\Programs\STM32CubeIDE_1.13.1\STM32CubeIDE\plugins\com.st.stm32cube.common.mx_6.9.1.202307191849\\db\/mcu/
2023-08-25 14:37:43,034 [INFO] ApiDb:274 - Set plugin database path to: D:\Programs\STM32CubeIDE_1.13.1\STM32CubeIDE\plugins\com.st.stm32cube.common.mx_6.9.1.202307191849\\db\/plugins/boardmanager/
2023-08-25 14:37:43,034 [INFO] ApiDb:261 - Set plugin images path to: D:\Programs\STM32CubeIDE_1.13.1\STM32CubeIDE\plugins\com.st.stm32cube.common.mx_6.9.1.202307191849\\db\/plugins/mcufinder/images/
2023-08-25 14:37:43,038 [WARN] DbFile:41 - Overriding database path with different value: C:\Users\baris\.stmcufinder\plugins\mcufinder/ => C:\Users\baris\.stmcufinder\plugins\mcufinder
2023-08-25 14:37:43,038 [INFO] ApiDb:250 - Set database path to: C:\Users\baris\.stmcufinder\plugins\mcufinder//mcu/
2023-08-25 14:37:43,038 [WARN] DbFile:41 - Overriding database path with different value: C:\Users\baris\.stmcufinder\plugins\mcufinder/ => C:\Users\baris\.stmcufinder\plugins\mcufinder
2023-08-25 14:37:43,038 [INFO] DbMcusAds:125 - Set database path to: C:\Users\baris\.stmcufinder\plugins\mcufinder//mcu/
2023-08-25 14:37:43,038 [WARN] DbFile:41 - Overriding database path with different value: C:\Users\baris\.stmcufinder\plugins\mcufinder/ => C:\Users\baris\.stmcufinder\plugins\mcufinder
2023-08-25 14:37:43,038 [WARN] DbFile:41 - Overriding database path with different value: C:\Users\baris\.stmcufinder\plugins\mcufinder/ => C:\Users\baris\.stmcufinder\plugins\mcufinder
2023-08-25 14:37:43,038 [INFO] CrossReferenceDbSqlite:203 - Set database path to: C:\Users\baris\.stmcufinder\plugins\mcufinder//mcu/cs/
2023-08-25 14:37:43,047 [INFO] ApplicationProperties:184 - Using Application install path: D:\Programs\STM32CubeIDE_1.13.1\STM32CubeIDE\plugins\com.st.stm32cube.common.mx_6.9.1.202307191849
2023-08-25 14:37:43,051 [INFO] PluginManage:196 - Search for loadable plugins [exclusion list=, ]
2023-08-25 14:37:43,051 [INFO] PluginManage:310 - Check plugin analytics
2023-08-25 14:37:43,199 [INFO] AnalyticsPlugin:253 - Accepted Software Licenses: 
2023-08-25 14:37:43,203 [INFO] AnalyticsPlugin:255 - Accepted CMSIS Pack Licenses: 
2023-08-25 14:37:43,203 [INFO] AnalyticsPlugin:257 - Accepted Firmware Licenses: FW.F4.1.27.0,FW.F7.1.17.0
2023-08-25 14:37:43,207 [INFO] PluginManage:359 - Loaded plugin analytics (category:tool,tabindex:-1)
2023-08-25 14:37:43,207 [INFO] PluginManage:310 - Check plugin cadmodel
2023-08-25 14:37:43,211 [INFO] CADModel:105 - Init CAD model plugin
2023-08-25 14:37:43,211 [INFO] PluginManage:359 - Loaded plugin cadmodel (category:power,tabindex:5)
2023-08-25 14:37:43,211 [INFO] PluginManage:310 - Check plugin clock
2023-08-25 14:37:43,219 [INFO] PluginManage:359 - Loaded plugin clock (category:base,tabindex:2)
2023-08-25 14:37:43,219 [INFO] PluginManage:310 - Check plugin ddr
2023-08-25 14:37:43,219 [INFO] PluginManage:359 - Loaded plugin ddr (category:tool,tabindex:6)
2023-08-25 14:37:43,219 [INFO] PluginManage:310 - Check plugin filemanager
2023-08-25 14:37:43,350 [INFO] PluginManage:359 - Loaded plugin filemanager (category:base,tabindex:10)
2023-08-25 14:37:43,350 [INFO] PluginManage:310 - Check plugin ipmanager
2023-08-25 14:37:43,357 [INFO] PluginManage:359 - Loaded plugin ipmanager (category:base,tabindex:5)
2023-08-25 14:37:43,357 [INFO] PluginManage:310 - Check plugin lpbam
2023-08-25 14:37:43,369 [INFO] PluginManage:359 - Loaded plugin lpbam (category:base,tabindex:0)
2023-08-25 14:37:43,369 [INFO] PluginManage:310 - Check plugin memorymap
2023-08-25 14:37:43,382 [INFO] PluginManage:359 - Loaded plugin memorymap (category:base,tabindex:4)
2023-08-25 14:37:43,382 [INFO] PluginManage:310 - Check plugin pinoutandconfiguration
2023-08-25 14:37:43,390 [INFO] PluginManage:359 - Loaded plugin pinoutandconfiguration (category:base,tabindex:1)
2023-08-25 14:37:43,390 [INFO] PluginManage:310 - Check plugin pinoutconfig
2023-08-25 14:37:43,473 [WARN] SupportedApi:132 - Cannot load RTOS API schema: s4s-elt-must-match.1: The content of 'definitions' must match (annotation?, (simpleType | complexType)?, (unique | key | keyref)*)). A problem was found starting at: attribute.
2023-08-25 14:37:43,596 [INFO] PluginManage:359 - Loaded plugin pinoutconfig (category:base,tabindex:0)
2023-08-25 14:37:43,596 [INFO] PluginManage:310 - Check plugin power
2023-08-25 14:37:43,608 [INFO] PluginManage:359 - Loaded plugin power (category:power,tabindex:4)
2023-08-25 14:37:43,608 [INFO] PluginManage:310 - Check plugin projectmanager
2023-08-25 14:37:43,628 [INFO] PluginManage:359 - Loaded plugin projectmanager (category:projectmanager,tabindex:3)
2023-08-25 14:37:43,628 [INFO] PluginManage:310 - Check plugin thirdparty
2023-08-25 14:37:43,757 [INFO] PluginManage:359 - Loaded plugin thirdparty (category:base,tabindex:-1)
2023-08-25 14:37:43,757 [WARN] IntegrityCheckThread:84 - waiting for thirdparty lock release [integrity check]
2023-08-25 14:37:43,758 [INFO] PluginManage:310 - Check plugin tools
2023-08-25 14:37:43,758 [INFO] IntegrityCheckThread:86 - entering critical section [integrity check]
2023-08-25 14:37:43,758 [INFO] ThirdPartyUpdaterWithRetryManager:70 - Updater plugin not ready yet. [1/15]
2023-08-25 14:37:43,758 [INFO] PluginManage:359 - Loaded plugin tools (category:base,tabindex:7)
2023-08-25 14:37:43,758 [INFO] PluginManage:310 - Check plugin tutovideos
2023-08-25 14:37:43,927 [INFO] PluginManage:359 - Loaded plugin tutovideos (category:base,tabindex:-1)
2023-08-25 14:37:43,927 [INFO] PluginManage:310 - Check plugin updater
2023-08-25 14:37:43,939 [INFO] PluginManage:359 - Loaded plugin updater (category:base,tabindex:12)
2023-08-25 14:37:43,939 [INFO] PluginManage:310 - Check plugin userauth
2023-08-25 14:37:43,943 [INFO] UserAuth:113 - Init User Auth plugin
2023-08-25 14:37:43,943 [INFO] PluginManage:359 - Loaded plugin userauth (category:base,tabindex:14)
2023-08-25 14:37:43,946 [INFO] PluginManage:283 - PluginManage : Loaded plugins [17]
2023-08-25 14:37:44,182 [INFO] PinOutPanel:1499 - setPackage(No Configuration,No Configuration)
2023-08-25 14:37:44,288 [INFO] CADModel:165 - CPN selected for project level
2023-08-25 14:37:44,288 [INFO] CADModel:114 - Register for checkConnection events
2023-08-25 14:37:44,304 [INFO] IPUIPlugin:80 - create IPUIPlugin
2023-08-25 14:37:44,304 [INFO] PluginManager:220 - loadIPPluginJar : add adc
2023-08-25 14:37:44,308 [INFO] IPUIPlugin:80 - create IPUIPlugin
2023-08-25 14:37:44,308 [INFO] PluginManager:220 - loadIPPluginJar : add aes
2023-08-25 14:37:44,308 [INFO] IPUIPlugin:80 - create IPUIPlugin
2023-08-25 14:37:44,308 [INFO] PluginManager:220 - loadIPPluginJar : add can
2023-08-25 14:37:44,308 [INFO] IPUIPlugin:80 - create IPUIPlugin
2023-08-25 14:37:44,308 [INFO] PluginManager:220 - loadIPPluginJar : add comp
2023-08-25 14:37:44,312 [INFO] IPUIPlugin:80 - create IPUIPlugin
2023-08-25 14:37:44,312 [INFO] PluginManager:220 - loadIPPluginJar : add cryp
2023-08-25 14:37:44,312 [INFO] IPUIPlugin:80 - create IPUIPlugin
2023-08-25 14:37:44,312 [INFO] PluginManager:220 - loadIPPluginJar : add dfsdm
2023-08-25 14:37:44,316 [INFO] IPUIPlugin:80 - create IPUIPlugin
2023-08-25 14:37:44,316 [INFO] PluginManager:220 - loadIPPluginJar : add dma
2023-08-25 14:37:44,320 [INFO] IPUIPlugin:80 - create IPUIPlugin
2023-08-25 14:37:44,320 [INFO] PluginManager:220 - loadIPPluginJar : add dma3
2023-08-25 14:37:44,320 [INFO] IPUIPlugin:80 - create IPUIPlugin
2023-08-25 14:37:44,320 [INFO] PluginManager:220 - loadIPPluginJar : add fatfs
2023-08-25 14:37:44,324 [INFO] IPUIPlugin:80 - create IPUIPlugin
2023-08-25 14:37:44,324 [INFO] PluginManager:220 - loadIPPluginJar : add fmc
2023-08-25 14:37:44,324 [INFO] IPUIPlugin:80 - create IPUIPlugin
2023-08-25 14:37:44,324 [INFO] PluginManager:220 - loadIPPluginJar : add freertos
2023-08-25 14:37:44,329 [INFO] IPUIPlugin:80 - create IPUIPlugin
2023-08-25 14:37:44,329 [INFO] PluginManager:220 - loadIPPluginJar : add genericplugin
2023-08-25 14:37:44,329 [INFO] IPUIPlugin:80 - create IPUIPlugin
2023-08-25 14:37:44,329 [INFO] PluginManager:220 - loadIPPluginJar : add gfxmmu
2023-08-25 14:37:44,333 [INFO] IPUIPlugin:80 - create IPUIPlugin
2023-08-25 14:37:44,333 [INFO] PluginManager:220 - loadIPPluginJar : add gic
2023-08-25 14:37:44,337 [INFO] IPUIPlugin:80 - create IPUIPlugin
2023-08-25 14:37:44,337 [INFO] PluginManager:220 - loadIPPluginJar : add gpio
2023-08-25 14:37:44,341 [INFO] IPUIPlugin:80 - create IPUIPlugin
2023-08-25 14:37:44,341 [INFO] PluginManager:220 - loadIPPluginJar : add gtzc
2023-08-25 14:37:44,341 [INFO] IPUIPlugin:80 - create IPUIPlugin
2023-08-25 14:37:44,341 [INFO] PluginManager:220 - loadIPPluginJar : add hash
2023-08-25 14:37:44,345 [INFO] IPUIPlugin:80 - create IPUIPlugin
2023-08-25 14:37:44,345 [INFO] PluginManager:220 - loadIPPluginJar : add i2c
2023-08-25 14:37:44,345 [INFO] IPUIPlugin:80 - create IPUIPlugin
2023-08-25 14:37:44,345 [INFO] PluginManager:220 - loadIPPluginJar : add i2s
2023-08-25 14:37:44,349 [INFO] IPUIPlugin:80 - create IPUIPlugin
2023-08-25 14:37:44,349 [INFO] PluginManager:220 - loadIPPluginJar : add i3c
2023-08-25 14:37:44,349 [INFO] IPUIPlugin:80 - create IPUIPlugin
2023-08-25 14:37:44,349 [INFO] PluginManager:220 - loadIPPluginJar : add ipddr
2023-08-25 14:37:44,357 [INFO] IPUIPlugin:80 - create IPUIPlugin
2023-08-25 14:37:44,357 [INFO] PluginManager:220 - loadIPPluginJar : add linkedlist
2023-08-25 14:37:44,357 [INFO] IPUIPlugin:80 - create IPUIPlugin
2023-08-25 14:37:44,357 [INFO] PluginManager:220 - loadIPPluginJar : add lorawan
2023-08-25 14:37:44,361 [INFO] IPUIPlugin:80 - create IPUIPlugin
2023-08-25 14:37:44,361 [INFO] PluginManager:220 - loadIPPluginJar : add ltdc
2023-08-25 14:37:44,365 [INFO] IPUIPlugin:80 - create IPUIPlugin
2023-08-25 14:37:44,365 [INFO] PluginManager:220 - loadIPPluginJar : add mdma
2023-08-25 14:37:44,369 [INFO] IPUIPlugin:80 - create IPUIPlugin
2023-08-25 14:37:44,369 [INFO] PluginManager:220 - loadIPPluginJar : add nvic
2023-08-25 14:37:44,369 [INFO] IPUIPlugin:80 - create IPUIPlugin
2023-08-25 14:37:44,369 [INFO] PluginManager:220 - loadIPPluginJar : add opamp
2023-08-25 14:37:44,373 [INFO] IPUIPlugin:80 - create IPUIPlugin
2023-08-25 14:37:44,373 [INFO] PluginManager:220 - loadIPPluginJar : add openamp
2023-08-25 14:37:44,373 [INFO] IPUIPlugin:80 - create IPUIPlugin
2023-08-25 14:37:44,373 [INFO] PluginManager:220 - loadIPPluginJar : add pdm2pcm
2023-08-25 14:37:44,381 [INFO] IPUIPlugin:80 - create IPUIPlugin
2023-08-25 14:37:44,381 [INFO] PluginManager:220 - loadIPPluginJar : add plateformsettings
2023-08-25 14:37:44,381 [INFO] IPUIPlugin:80 - create IPUIPlugin
2023-08-25 14:37:44,381 [INFO] PluginManager:220 - loadIPPluginJar : add quadspi
2023-08-25 14:37:44,385 [INFO] IPUIPlugin:80 - create IPUIPlugin
2023-08-25 14:37:44,385 [INFO] PluginManager:220 - loadIPPluginJar : add resmgrutility
2023-08-25 14:37:44,385 [INFO] IPUIPlugin:80 - create IPUIPlugin
2023-08-25 14:37:44,385 [INFO] PluginManager:220 - loadIPPluginJar : add sai
2023-08-25 14:37:44,389 [INFO] IPUIPlugin:80 - create IPUIPlugin
2023-08-25 14:37:44,389 [INFO] PluginManager:220 - loadIPPluginJar : add spi
2023-08-25 14:37:44,389 [INFO] IPUIPlugin:80 - create IPUIPlugin
2023-08-25 14:37:44,389 [INFO] PluginManager:220 - loadIPPluginJar : add stm32_wpan
2023-08-25 14:37:44,393 [INFO] IPUIPlugin:80 - create IPUIPlugin
2023-08-25 14:37:44,393 [INFO] PluginManager:220 - loadIPPluginJar : add tim
2023-08-25 14:37:44,393 [INFO] IPUIPlugin:80 - create IPUIPlugin
2023-08-25 14:37:44,393 [INFO] PluginManager:220 - loadIPPluginJar : add touchsensing
2023-08-25 14:37:44,393 [INFO] IPUIPlugin:80 - create IPUIPlugin
2023-08-25 14:37:44,393 [INFO] PluginManager:220 - loadIPPluginJar : add tracer_emb
2023-08-25 14:37:44,397 [INFO] IPUIPlugin:80 - create IPUIPlugin
2023-08-25 14:37:44,397 [INFO] PluginManager:220 - loadIPPluginJar : add ts
2023-08-25 14:37:44,397 [INFO] IPUIPlugin:80 - create IPUIPlugin
2023-08-25 14:37:44,397 [INFO] PluginManager:220 - loadIPPluginJar : add tsc
2023-08-25 14:37:44,397 [INFO] IPUIPlugin:80 - create IPUIPlugin
2023-08-25 14:37:44,397 [INFO] PluginManager:220 - loadIPPluginJar : add ucpd
2023-08-25 14:37:44,401 [INFO] IPUIPlugin:80 - create IPUIPlugin
2023-08-25 14:37:44,401 [INFO] PluginManager:220 - loadIPPluginJar : add usart
2023-08-25 14:37:44,401 [INFO] IPUIPlugin:80 - create IPUIPlugin
2023-08-25 14:37:44,401 [INFO] PluginManager:220 - loadIPPluginJar : add usbx
2023-08-25 14:37:44,533 [INFO] CADModel:165 - CPN selected for project level
2023-08-25 14:37:44,533 [INFO] CADModel:114 - Register for checkConnection events
2023-08-25 14:37:44,533 [FATAL] Updater:308 - Updater called before beeing initialized
2023-08-25 14:37:44,533 [ERROR] CADModel:125 - Updater not yet initialized, retry later 
2023-08-25 14:37:44,654 [INFO] CADModel:165 - CPN selected for project level
2023-08-25 14:37:44,654 [INFO] CADModel:114 - Register for checkConnection events
2023-08-25 14:37:44,654 [FATAL] Updater:308 - Updater called before beeing initialized
2023-08-25 14:37:44,654 [ERROR] CADModel:125 - Updater not yet initialized, retry later 
2023-08-25 14:37:44,654 [FATAL] Updater:308 - Updater called before beeing initialized
2023-08-25 14:37:44,754 [FATAL] Updater:308 - Updater called before beeing initialized
2023-08-25 14:37:44,762 [INFO] DbMcusAds:53 - JSON generation date=Tue Mar 07 11:50:55 TRT 2023 (1678179055114)
2023-08-25 14:37:44,762 [FATAL] Updater:308 - Updater called before beeing initialized
2023-08-25 14:37:44,790 [WARN] DetailPanel:346 - Failed to get advertising image, set to default
2023-08-25 14:37:44,882 [FATAL] Updater:308 - Updater called before beeing initialized
2023-08-25 14:37:44,882 [FATAL] Updater:308 - Updater called before beeing initialized
2023-08-25 14:37:44,882 [FATAL] Updater:308 - Updater called before beeing initialized
2023-08-25 14:37:44,882 [WARN] DetailPanel:346 - Failed to get advertising image, set to default
2023-08-25 14:37:44,882 [FATAL] Updater:308 - Updater called before beeing initialized
2023-08-25 14:37:44,989 [ERROR] Updater:1120 - MainUpdater not yet initialized. External WinMGr cannot be set.
2023-08-25 14:37:44,989 [INFO] Updater:1056 - Updater Version found : 6.9.1
2023-08-25 14:37:45,013 [INFO] ApplicationProperties:184 - Using Application install path: D:\Programs\STM32CubeIDE_1.13.1\STM32CubeIDE\plugins\com.st.stm32cube.common.mx_6.9.1.202307191849
2023-08-25 14:37:45,229 [INFO] MainUpdater:2868 - connection check result : 10
2023-08-25 14:37:45,229 [INFO] MainUpdater:285 - Updater Check For Update Now.
2023-08-25 14:37:45,229 [INFO] MicroXplorer:498 - Change Database Version : DB.6.0.91
2023-08-25 14:37:45,239 [INFO] McuFinderGlobals:63 - Set McuFinder mode to 2 (CubeIDE integrated)
2023-08-25 14:37:45,523 [INFO] CheckServerUpdateThread:120 - End of CheckServer Thread
2023-08-25 14:37:46,896 [WARN] PackLoader:240 - Cannot read IP mode file for STMicroelectronics.X-CUBE-SMBUS.2.1.0
2023-08-25 14:37:46,941 [WARN] PackLoader:240 - Cannot read IP mode file for STMicroelectronics.X-CUBE-AZRTOS-F7.1.1.0
2023-08-25 14:37:46,956 [WARN] PackLoader:240 - Cannot read IP mode file for STMicroelectronics.FP-SNS-MOTENV1.4.3.2
2023-08-25 14:37:46,967 [WARN] PackLoader:240 - Cannot read IP mode file for STMicroelectronics.X-CUBE-BLE1.6.2.4
2023-08-25 14:37:46,971 [WARN] PackLoader:240 - Cannot read IP mode file for STMicroelectronics.FP-SNS-FLIGHT1.5.0.2
2023-08-25 14:37:46,982 [WARN] PackLoader:240 - Cannot read IP mode file for STMicroelectronics.X-CUBE-DISPLAY.3.0.0
2023-08-25 14:37:46,994 [WARN] PackLoader:240 - Cannot read IP mode file for STMicroelectronics.X-CUBE-BLE1.7.0.0
2023-08-25 14:37:47,003 [WARN] PackLoader:240 - Cannot read IP mode file for STMicroelectronics.X-CUBE-TOUCHGFX.4.22.0
2023-08-25 14:37:47,015 [INFO] LogOutputStream:77 - [STDOUT_REDIRECT] 1 : Invalid condition id : UX_CORESTACK_Condition cause : null
2023-08-25 14:37:47,016 [INFO] LogOutputStream:77 - [STDOUT_REDIRECT] 1 : Invalid condition id : UX_CORESTACK_Condition cause : null
2023-08-25 14:37:47,018 [INFO] LogOutputStream:77 - [STDOUT_REDIRECT] 1 : Invalid condition id : UX_CORESTACK_Condition cause : null
2023-08-25 14:37:47,020 [INFO] LogOutputStream:77 - [STDOUT_REDIRECT] 1 : Invalid condition id : UX_CORESTACK_Condition cause : null
2023-08-25 14:37:47,022 [INFO] LogOutputStream:77 - [STDOUT_REDIRECT] 1 : Invalid condition id : UX_CORESTACK_Condition cause : null
2023-08-25 14:37:47,025 [WARN] PackLoader:240 - Cannot read IP mode file for STMicroelectronics.X-CUBE-AZRTOS-WL.2.0.0
2023-08-25 14:37:47,036 [WARN] PackLoader:240 - Cannot read IP mode file for WES.I-CUBE-Cesium.1.3.0
2023-08-25 14:37:47,041 [WARN] PackLoader:240 - Cannot read IP mode file for STMicroelectronics.X-CUBE-BLE2.3.3.0
2023-08-25 14:37:47,045 [WARN] PackLoader:240 - Cannot read IP mode file for STMicroelectronics.X-CUBE-TOUCHGFX.4.21.3
2023-08-25 14:37:47,051 [WARN] PackLoader:240 - Cannot read IP mode file for STMicroelectronics.X-CUBE-ALGOBUILD.1.3.0
2023-08-25 14:37:47,073 [WARN] PackLoader:240 - Cannot read IP mode file for STMicroelectronics.X-CUBE-AZRTOS-G0.1.1.0
2023-08-25 14:37:47,083 [WARN] PackLoader:240 - Cannot read IP mode file for STMicroelectronics.X-CUBE-NFC4.3.0.0
2023-08-25 14:37:47,090 [WARN] PackLoader:240 - Cannot read IP mode file for STMicroelectronics.FP-ATR-SIGFOX1.3.2.0
2023-08-25 14:37:47,152 [WARN] PackLoader:240 - Cannot read IP mode file for STMicroelectronics.X-CUBE-MEMS1.9.5.0
2023-08-25 14:37:47,374 [WARN] PackLoader:240 - Cannot read IP mode file for SEGGER.I-CUBE-embOS.1.3.1
2023-08-25 14:37:47,471 [WARN] PackLoader:240 - Cannot read IP mode file for STMicroelectronics.X-CUBE-GNSS1.6.0.0
2023-08-25 14:37:47,494 [WARN] PackLoader:240 - Cannot read IP mode file for STMicroelectronics.X-CUBE-AZRTOS-F4.1.1.0
2023-08-25 14:37:47,502 [WARN] PackLoader:240 - Cannot read IP mode file for wolfSSL.I-CUBE-wolfSSL.5.6.0
2023-08-25 14:37:47,524 [WARN] PackLoader:240 - Cannot read IP mode file for STMicroelectronics.X-CUBE-AZRTOS-L5.2.0.0
2023-08-25 14:37:47,568 [WARN] PackLoader:240 - Cannot read IP mode file for STMicroelectronics.X-CUBE-MEMS1.9.6.0
2023-08-25 14:37:47,684 [WARN] PackLoader:240 - Cannot read IP mode file for emotas.I-CUBE-CANOPEN.1.1.3
2023-08-25 14:37:47,692 [WARN] PackLoader:240 - Cannot read IP mode file for STMicroelectronics.X-CUBE-BLEMGR.2.0.0
2023-08-25 14:37:47,713 [WARN] ConditionMgr:438 - getConditionDescription Invalid condition id : UX DEVICE CLASS RTOS Condition cause : null
2023-08-25 14:37:47,714 [WARN] ConditionMgr:438 - getConditionDescription Invalid condition id : UX DEVICE CLASS RTOS Condition cause : null
2023-08-25 14:37:47,716 [WARN] PackLoader:240 - Cannot read IP mode file for STMicroelectronics.X-CUBE-AZRTOS-H7.3.1.0
2023-08-25 14:37:47,717 [WARN] ConditionMgr:1039 - genDependencies : Invalid condition id : UX DEVICE CLASS RTOS Condition cause : null
2023-08-25 14:37:47,717 [WARN] ConditionMgr:1039 - genDependencies : Invalid condition id : UX DEVICE CLASS RTOS Condition cause : null
2023-08-25 14:37:47,717 [WARN] ConditionMgr:1039 - genDependencies : Invalid condition id : UX DEVICE CLASS RTOS Condition cause : null
2023-08-25 14:37:47,719 [WARN] ConditionMgr:1039 - genDependencies : Invalid condition id : UX DEVICE CLASS RTOS Condition cause : null
2023-08-25 14:37:47,719 [WARN] ConditionMgr:1039 - genDependencies : Invalid condition id : UX DEVICE CLASS RTOS Condition cause : null
2023-08-25 14:37:47,724 [WARN] PackLoader:240 - Cannot read IP mode file for STMicroelectronics.X-CUBE-NFC7.1.0.1
2023-08-25 14:37:47,729 [WARN] PackLoader:240 - Cannot read IP mode file for STMicroelectronics.X-CUBE-NFC7.1.0.0
2023-08-25 14:37:47,735 [WARN] PackLoader:240 - Cannot read IP mode file for STMicroelectronics.X-CUBE-EEPRMA1.4.1.0
2023-08-25 14:37:47,741 [WARN] PackLoader:240 - Cannot read IP mode file for STMicroelectronics.X-CUBE-AI.8.1.0
2023-08-25 14:37:47,756 [WARN] ConditionMgr:438 - getConditionDescription Invalid condition id : LAN8742 Phy interface Condition cause : null
2023-08-25 14:37:47,756 [WARN] PackLoader:240 - Cannot read IP mode file for STMicroelectronics.X-CUBE-AZRTOS-L4.2.0.0
2023-08-25 14:37:47,758 [WARN] ConditionMgr:1039 - genDependencies : Invalid condition id : LAN8742 Phy interface Condition cause : null
2023-08-25 14:37:47,759 [WARN] ConditionMgr:1039 - genDependencies : Invalid condition id : LAN8742 Phy interface Condition cause : null
2023-08-25 14:37:47,759 [WARN] ConditionMgr:1039 - genDependencies : Invalid condition id : LAN8742 Phy interface Condition cause : null
2023-08-25 14:37:47,768 [WARN] PackLoader:240 - Cannot read IP mode file for STMicroelectronics.X-CUBE-SFXS2LP1.4.0.0
2023-08-25 14:37:47,772 [WARN] PackLoader:240 - Cannot read IP mode file for STMicroelectronics.X-CUBE-ISPU.1.1.0
2023-08-25 14:37:47,777 [WARN] PackLoader:240 - Cannot read IP mode file for STMicroelectronics.X-CUBE-AI.8.0.0
2023-08-25 14:37:47,788 [WARN] ConditionMgr:438 - getConditionDescription Invalid condition id : UX DEVICE CLASS RTOS Condition cause : null
2023-08-25 14:37:47,789 [WARN] ConditionMgr:438 - getConditionDescription Invalid condition id : UX DEVICE CLASS RTOS Condition cause : null
2023-08-25 14:37:47,791 [WARN] PackLoader:240 - Cannot read IP mode file for STMicroelectronics.X-CUBE-AZRTOS-WB.2.0.0
2023-08-25 14:37:47,791 [WARN] ConditionMgr:1039 - genDependencies : Invalid condition id : UX DEVICE CLASS RTOS Condition cause : null
2023-08-25 14:37:47,791 [WARN] ConditionMgr:1039 - genDependencies : Invalid condition id : UX DEVICE CLASS RTOS Condition cause : null
2023-08-25 14:37:47,791 [WARN] ConditionMgr:1039 - genDependencies : Invalid condition id : UX DEVICE CLASS RTOS Condition cause : null
2023-08-25 14:37:47,791 [WARN] ConditionMgr:1039 - genDependencies : Invalid condition id : UX DEVICE CLASS RTOS Condition cause : null
2023-08-25 14:37:47,791 [WARN] ConditionMgr:1039 - genDependencies : Invalid condition id : UX DEVICE CLASS RTOS Condition cause : null
2023-08-25 14:37:47,797 [WARN] PackLoader:240 - Cannot read IP mode file for STMicroelectronics.X-CUBE-FREERTOS.1.0.1
2023-08-25 14:37:47,820 [WARN] PackLoader:240 - Cannot read IP mode file for STMicroelectronics.X-CUBE-AZRTOS-L5.1.1.0
2023-08-25 14:37:47,834 [WARN] PackLoader:240 - Cannot read IP mode file for STMicroelectronics.X-CUBE-SUBG2.5.0.0
2023-08-25 14:37:47,850 [WARN] PackLoader:240 - Cannot read IP mode file for STMicroelectronics.X-CUBE-TOF1.3.3.1
2023-08-25 14:37:47,879 [WARN] PackLoader:240 - Cannot read IP mode file for STMicroelectronics.X-CUBE-AZRTOS-G4.2.0.0
2023-08-25 14:37:47,902 [WARN] PackLoader:240 - Cannot read IP mode file for STMicroelectronics.X-CUBE-TOF1.3.3.0
2023-08-25 14:37:47,932 [WARN] PackLoader:240 - Cannot read IP mode file for STMicroelectronics.X-CUBE-AZRTOS-G4.1.0.0
2023-08-25 14:37:47,948 [WARN] PackLoader:240 - Cannot read IP mode file for STMicroelectronics.X-CUBE-AZRTOS-L4.1.0.0
2023-08-25 14:37:47,954 [WARN] PackLoader:240 - Cannot read IP mode file for STMicroelectronics.X-CUBE-FREERTOS.1.1.0
2023-08-25 14:37:47,965 [WARN] PackLoader:240 - Cannot read IP mode file for STMicroelectronics.X-CUBE-AZRTOS-WL.1.0.0
2023-08-25 14:37:47,972 [WARN] PackLoader:240 - Cannot read IP mode file for portGmbH.I-Cube-SoM-uGOAL.1.1.0
2023-08-25 14:37:47,978 [WARN] PackLoader:240 - Cannot read IP mode file for STMicroelectronics.X-CUBE-ALS.1.0.1
2023-08-25 14:37:47,993 [WARN] PackLoader:240 - Cannot read IP mode file for STMicroelectronics.X-CUBE-AZRTOS-WB.1.1.0
2023-08-25 14:37:48,000 [WARN] PackLoader:240 - Cannot read IP mode file for STMicroelectronics.FP-ATR-ASTRA1.2.0.0
2023-08-25 14:37:48,002 [INFO] ThirdParty:978 - Integrity check success = true
2023-08-25 14:37:48,003 [INFO] IntegrityCheckThread:100 - exiting critical section [integrity check]
2023-08-25 14:37:48,003 [INFO] IntegrityCheckThread:103 - End integrity checks thread
2023-08-25 14:38:06,328 [ERROR] LogOutputStream:75 - [STDERR_REDIRECT] SLF4J: Failed to load class "org.slf4j.impl.StaticLoggerBinder".
2023-08-25 14:38:06,328 [ERROR] LogOutputStream:75 - [STDERR_REDIRECT] SLF4J: Defaulting to no-operation (NOP) logger implementation
2023-08-25 14:38:06,328 [ERROR] LogOutputStream:75 - [STDERR_REDIRECT] SLF4J: See http://www.slf4j.org/codes.html#StaticLoggerBinder for further details.
