2023-08-24 23:01:42,674 [INFO] Activator:176 - 


2023-08-24 23:01:42,679 [INFO] Activator:177 - !SESSION log4j initialized
2023-08-24 23:01:47,223 [INFO] LogOutputStream:77 - [STDOUT_REDIRECT] 
2023-08-24 23:02:25,843 [INFO] ApplicationProperties:184 - Using Application install path: D:\Programs\STM32CubeIDE_1.13.1\STM32CubeIDE\plugins\com.st.stm32cube.common.mx_6.9.1.202307191849
2023-08-24 23:02:25,859 [INFO] DbMcusXml:78 - Set database path to: D:\Programs\STM32CubeIDE_1.13.1\STM32CubeIDE\plugins\com.st.stm32cube.common.mx_6.9.1.202307191849\\db\/mcu/
2023-08-24 23:02:25,860 [INFO] ApiDb:274 - Set plugin database path to: D:\Programs\STM32CubeIDE_1.13.1\STM32CubeIDE\plugins\com.st.stm32cube.common.mx_6.9.1.202307191849\\db\/plugins/boardmanager/
2023-08-24 23:02:25,860 [WARN] ApiDb:259 - Overriding images path with different value:  => D:\Programs\STM32CubeIDE_1.13.1\STM32CubeIDE\plugins\com.st.stm32cube.common.mx_6.9.1.202307191849\\db\/plugins/mcufinder/images/
2023-08-24 23:02:25,866 [INFO] ApiDb:250 - Set database path to: C:\Users\baris\.stmcufinder\plugins\mcufinder//mcu/
2023-08-24 23:02:25,868 [INFO] DbMcusAds:125 - Set database path to: C:\Users\baris\.stmcufinder\plugins\mcufinder//mcu/
2023-08-24 23:02:25,887 [INFO] CrossReferenceDbSqlite:203 - Set database path to: C:\Users\baris\.stmcufinder\plugins\mcufinder//mcu/cs/
2023-08-24 23:02:25,974 [INFO] RulesReader:64 - Compatibility file has been processed (293 Rules)
2023-08-24 23:02:58,319 [INFO] DbMcusXml:78 - Set database path to: D:\Programs\STM32CubeIDE_1.13.1\STM32CubeIDE\plugins\com.st.stm32cube.common.mx_6.9.1.202307191849\\db\/mcu/
2023-08-24 23:02:58,319 [INFO] ApiDb:274 - Set plugin database path to: D:\Programs\STM32CubeIDE_1.13.1\STM32CubeIDE\plugins\com.st.stm32cube.common.mx_6.9.1.202307191849\\db\/plugins/boardmanager/
2023-08-24 23:02:58,319 [INFO] ApiDb:261 - Set plugin images path to: D:\Programs\STM32CubeIDE_1.13.1\STM32CubeIDE\plugins\com.st.stm32cube.common.mx_6.9.1.202307191849\\db\/plugins/mcufinder/images/
2023-08-24 23:02:58,320 [WARN] DbFile:41 - Overriding database path with different value: C:\Users\baris\.stmcufinder\plugins\mcufinder/ => C:\Users\baris\.stmcufinder\plugins\mcufinder
2023-08-24 23:02:58,320 [INFO] ApiDb:250 - Set database path to: C:\Users\baris\.stmcufinder\plugins\mcufinder//mcu/
2023-08-24 23:02:58,320 [WARN] DbFile:41 - Overriding database path with different value: C:\Users\baris\.stmcufinder\plugins\mcufinder/ => C:\Users\baris\.stmcufinder\plugins\mcufinder
2023-08-24 23:02:58,320 [INFO] DbMcusAds:125 - Set database path to: C:\Users\baris\.stmcufinder\plugins\mcufinder//mcu/
2023-08-24 23:02:58,320 [WARN] DbFile:41 - Overriding database path with different value: C:\Users\baris\.stmcufinder\plugins\mcufinder/ => C:\Users\baris\.stmcufinder\plugins\mcufinder
2023-08-24 23:02:58,320 [WARN] DbFile:41 - Overriding database path with different value: C:\Users\baris\.stmcufinder\plugins\mcufinder/ => C:\Users\baris\.stmcufinder\plugins\mcufinder
2023-08-24 23:02:58,334 [INFO] CrossReferenceDbSqlite:203 - Set database path to: C:\Users\baris\.stmcufinder\plugins\mcufinder//mcu/cs/
2023-08-24 23:02:58,391 [INFO] MainPanel:262 - HeapMemory: 268435456
2023-08-24 23:02:58,466 [INFO] DbMcusXml:78 - Set database path to: D:\Programs\STM32CubeIDE_1.13.1\STM32CubeIDE\plugins\com.st.stm32cube.common.mx_6.9.1.202307191849\\db\/mcu/
2023-08-24 23:02:58,466 [INFO] ApiDb:274 - Set plugin database path to: D:\Programs\STM32CubeIDE_1.13.1\STM32CubeIDE\plugins\com.st.stm32cube.common.mx_6.9.1.202307191849\\db\/plugins/boardmanager/
2023-08-24 23:02:58,466 [INFO] ApiDb:261 - Set plugin images path to: D:\Programs\STM32CubeIDE_1.13.1\STM32CubeIDE\plugins\com.st.stm32cube.common.mx_6.9.1.202307191849\\db\/plugins/mcufinder/images/
2023-08-24 23:02:58,467 [WARN] DbFile:41 - Overriding database path with different value: C:\Users\baris\.stmcufinder\plugins\mcufinder/ => C:\Users\baris\.stmcufinder\plugins\mcufinder
2023-08-24 23:02:58,467 [INFO] ApiDb:250 - Set database path to: C:\Users\baris\.stmcufinder\plugins\mcufinder//mcu/
2023-08-24 23:02:58,467 [WARN] DbFile:41 - Overriding database path with different value: C:\Users\baris\.stmcufinder\plugins\mcufinder/ => C:\Users\baris\.stmcufinder\plugins\mcufinder
2023-08-24 23:02:58,467 [INFO] DbMcusAds:125 - Set database path to: C:\Users\baris\.stmcufinder\plugins\mcufinder//mcu/
2023-08-24 23:02:58,467 [WARN] DbFile:41 - Overriding database path with different value: C:\Users\baris\.stmcufinder\plugins\mcufinder/ => C:\Users\baris\.stmcufinder\plugins\mcufinder
2023-08-24 23:02:58,467 [WARN] DbFile:41 - Overriding database path with different value: C:\Users\baris\.stmcufinder\plugins\mcufinder/ => C:\Users\baris\.stmcufinder\plugins\mcufinder
2023-08-24 23:02:58,468 [INFO] CrossReferenceDbSqlite:203 - Set database path to: C:\Users\baris\.stmcufinder\plugins\mcufinder//mcu/cs/
2023-08-24 23:02:58,482 [INFO] ApplicationProperties:184 - Using Application install path: D:\Programs\STM32CubeIDE_1.13.1\STM32CubeIDE\plugins\com.st.stm32cube.common.mx_6.9.1.202307191849
2023-08-24 23:02:58,483 [INFO] PluginManage:196 - Search for loadable plugins [exclusion list=, ]
2023-08-24 23:02:58,484 [INFO] PluginManage:310 - Check plugin analytics
2023-08-24 23:02:58,626 [INFO] AnalyticsPlugin:253 - Accepted Software Licenses: 
2023-08-24 23:02:58,626 [INFO] AnalyticsPlugin:255 - Accepted CMSIS Pack Licenses: 
2023-08-24 23:02:58,626 [INFO] AnalyticsPlugin:257 - Accepted Firmware Licenses: FW.F4.1.27.0,FW.F7.1.17.0
2023-08-24 23:02:58,629 [INFO] PluginManage:359 - Loaded plugin analytics (category:tool,tabindex:-1)
2023-08-24 23:02:58,629 [INFO] PluginManage:310 - Check plugin cadmodel
2023-08-24 23:02:58,642 [INFO] CADModel:105 - Init CAD model plugin
2023-08-24 23:02:58,642 [INFO] PluginManage:359 - Loaded plugin cadmodel (category:power,tabindex:5)
2023-08-24 23:02:58,643 [INFO] PluginManage:310 - Check plugin clock
2023-08-24 23:02:58,659 [INFO] PluginManage:359 - Loaded plugin clock (category:base,tabindex:2)
2023-08-24 23:02:58,659 [INFO] PluginManage:310 - Check plugin ddr
2023-08-24 23:02:58,661 [INFO] PluginManage:359 - Loaded plugin ddr (category:tool,tabindex:6)
2023-08-24 23:02:58,661 [INFO] PluginManage:310 - Check plugin filemanager
2023-08-24 23:02:58,788 [INFO] PluginManage:359 - Loaded plugin filemanager (category:base,tabindex:10)
2023-08-24 23:02:58,788 [INFO] PluginManage:310 - Check plugin ipmanager
2023-08-24 23:02:58,795 [INFO] PluginManage:359 - Loaded plugin ipmanager (category:base,tabindex:5)
2023-08-24 23:02:58,796 [INFO] PluginManage:310 - Check plugin lpbam
2023-08-24 23:02:58,811 [INFO] PluginManage:359 - Loaded plugin lpbam (category:base,tabindex:0)
2023-08-24 23:02:58,811 [INFO] PluginManage:310 - Check plugin memorymap
2023-08-24 23:02:58,831 [INFO] PluginManage:359 - Loaded plugin memorymap (category:base,tabindex:4)
2023-08-24 23:02:58,831 [INFO] PluginManage:310 - Check plugin pinoutandconfiguration
2023-08-24 23:02:58,846 [INFO] PluginManage:359 - Loaded plugin pinoutandconfiguration (category:base,tabindex:1)
2023-08-24 23:02:58,847 [INFO] PluginManage:310 - Check plugin pinoutconfig
2023-08-24 23:02:58,931 [WARN] SupportedApi:132 - Cannot load RTOS API schema: s4s-elt-must-match.1: The content of 'definitions' must match (annotation?, (simpleType | complexType)?, (unique | key | keyref)*)). A problem was found starting at: attribute.
2023-08-24 23:02:59,043 [INFO] PluginManage:359 - Loaded plugin pinoutconfig (category:base,tabindex:0)
2023-08-24 23:02:59,043 [INFO] PluginManage:310 - Check plugin power
2023-08-24 23:02:59,061 [INFO] PluginManage:359 - Loaded plugin power (category:power,tabindex:4)
2023-08-24 23:02:59,061 [INFO] PluginManage:310 - Check plugin projectmanager
2023-08-24 23:02:59,073 [INFO] PluginManage:359 - Loaded plugin projectmanager (category:projectmanager,tabindex:3)
2023-08-24 23:02:59,073 [INFO] PluginManage:310 - Check plugin thirdparty
2023-08-24 23:02:59,266 [INFO] PluginManage:359 - Loaded plugin thirdparty (category:base,tabindex:-1)
2023-08-24 23:02:59,266 [WARN] IntegrityCheckThread:84 - waiting for thirdparty lock release [integrity check]
2023-08-24 23:02:59,266 [INFO] PluginManage:310 - Check plugin tools
2023-08-24 23:02:59,266 [INFO] IntegrityCheckThread:86 - entering critical section [integrity check]
2023-08-24 23:02:59,267 [INFO] ThirdPartyUpdaterWithRetryManager:70 - Updater plugin not ready yet. [1/15]
2023-08-24 23:02:59,290 [INFO] PluginManage:359 - Loaded plugin tools (category:base,tabindex:7)
2023-08-24 23:02:59,291 [INFO] PluginManage:310 - Check plugin tutovideos
2023-08-24 23:02:59,439 [INFO] PluginManage:359 - Loaded plugin tutovideos (category:base,tabindex:-1)
2023-08-24 23:02:59,440 [INFO] PluginManage:310 - Check plugin updater
2023-08-24 23:02:59,454 [INFO] PluginManage:359 - Loaded plugin updater (category:base,tabindex:12)
2023-08-24 23:02:59,454 [INFO] PluginManage:310 - Check plugin userauth
2023-08-24 23:02:59,459 [INFO] UserAuth:113 - Init User Auth plugin
2023-08-24 23:02:59,459 [INFO] PluginManage:359 - Loaded plugin userauth (category:base,tabindex:14)
2023-08-24 23:02:59,459 [INFO] PluginManage:283 - PluginManage : Loaded plugins [17]
2023-08-24 23:02:59,617 [INFO] PinOutPanel:1499 - setPackage(No Configuration,No Configuration)
2023-08-24 23:02:59,696 [INFO] CADModel:165 - CPN selected for project level
2023-08-24 23:02:59,697 [INFO] CADModel:114 - Register for checkConnection events
2023-08-24 23:02:59,718 [INFO] IPUIPlugin:80 - create IPUIPlugin
2023-08-24 23:02:59,718 [INFO] PluginManager:220 - loadIPPluginJar : add adc
2023-08-24 23:02:59,743 [INFO] IPUIPlugin:80 - create IPUIPlugin
2023-08-24 23:02:59,743 [INFO] PluginManager:220 - loadIPPluginJar : add aes
2023-08-24 23:02:59,769 [INFO] IPUIPlugin:80 - create IPUIPlugin
2023-08-24 23:02:59,769 [INFO] PluginManager:220 - loadIPPluginJar : add can
2023-08-24 23:02:59,783 [INFO] IPUIPlugin:80 - create IPUIPlugin
2023-08-24 23:02:59,783 [INFO] PluginManager:220 - loadIPPluginJar : add comp
2023-08-24 23:02:59,802 [INFO] IPUIPlugin:80 - create IPUIPlugin
2023-08-24 23:02:59,802 [INFO] PluginManager:220 - loadIPPluginJar : add cryp
2023-08-24 23:02:59,820 [INFO] IPUIPlugin:80 - create IPUIPlugin
2023-08-24 23:02:59,820 [INFO] PluginManager:220 - loadIPPluginJar : add dfsdm
2023-08-24 23:02:59,832 [INFO] IPUIPlugin:80 - create IPUIPlugin
2023-08-24 23:02:59,832 [INFO] PluginManager:220 - loadIPPluginJar : add dma
2023-08-24 23:02:59,859 [INFO] IPUIPlugin:80 - create IPUIPlugin
2023-08-24 23:02:59,859 [INFO] PluginManager:220 - loadIPPluginJar : add dma3
2023-08-24 23:02:59,871 [INFO] IPUIPlugin:80 - create IPUIPlugin
2023-08-24 23:02:59,871 [INFO] PluginManager:220 - loadIPPluginJar : add fatfs
2023-08-24 23:02:59,899 [INFO] IPUIPlugin:80 - create IPUIPlugin
2023-08-24 23:02:59,899 [INFO] PluginManager:220 - loadIPPluginJar : add fmc
2023-08-24 23:02:59,912 [INFO] IPUIPlugin:80 - create IPUIPlugin
2023-08-24 23:02:59,912 [INFO] PluginManager:220 - loadIPPluginJar : add freertos
2023-08-24 23:02:59,927 [INFO] IPUIPlugin:80 - create IPUIPlugin
2023-08-24 23:02:59,927 [INFO] PluginManager:220 - loadIPPluginJar : add genericplugin
2023-08-24 23:02:59,982 [INFO] IPUIPlugin:80 - create IPUIPlugin
2023-08-24 23:02:59,982 [INFO] PluginManager:220 - loadIPPluginJar : add gfxmmu
2023-08-24 23:03:00,067 [INFO] IPUIPlugin:80 - create IPUIPlugin
2023-08-24 23:03:00,067 [INFO] PluginManager:220 - loadIPPluginJar : add gic
2023-08-24 23:03:00,077 [INFO] IPUIPlugin:80 - create IPUIPlugin
2023-08-24 23:03:00,077 [INFO] PluginManager:220 - loadIPPluginJar : add gpio
2023-08-24 23:03:00,132 [INFO] IPUIPlugin:80 - create IPUIPlugin
2023-08-24 23:03:00,132 [INFO] PluginManager:220 - loadIPPluginJar : add gtzc
2023-08-24 23:03:00,151 [INFO] IPUIPlugin:80 - create IPUIPlugin
2023-08-24 23:03:00,151 [INFO] PluginManager:220 - loadIPPluginJar : add hash
2023-08-24 23:03:00,182 [INFO] IPUIPlugin:80 - create IPUIPlugin
2023-08-24 23:03:00,182 [INFO] PluginManager:220 - loadIPPluginJar : add i2c
2023-08-24 23:03:00,206 [INFO] IPUIPlugin:80 - create IPUIPlugin
2023-08-24 23:03:00,206 [INFO] PluginManager:220 - loadIPPluginJar : add i2s
2023-08-24 23:03:00,231 [INFO] IPUIPlugin:80 - create IPUIPlugin
2023-08-24 23:03:00,231 [INFO] PluginManager:220 - loadIPPluginJar : add i3c
2023-08-24 23:03:00,300 [INFO] IPUIPlugin:80 - create IPUIPlugin
2023-08-24 23:03:00,300 [INFO] PluginManager:220 - loadIPPluginJar : add ipddr
2023-08-24 23:03:00,360 [INFO] IPUIPlugin:80 - create IPUIPlugin
2023-08-24 23:03:00,360 [INFO] PluginManager:220 - loadIPPluginJar : add linkedlist
2023-08-24 23:03:00,382 [INFO] IPUIPlugin:80 - create IPUIPlugin
2023-08-24 23:03:00,382 [INFO] PluginManager:220 - loadIPPluginJar : add lorawan
2023-08-24 23:03:00,404 [INFO] IPUIPlugin:80 - create IPUIPlugin
2023-08-24 23:03:00,404 [INFO] PluginManager:220 - loadIPPluginJar : add ltdc
2023-08-24 23:03:00,416 [INFO] IPUIPlugin:80 - create IPUIPlugin
2023-08-24 23:03:00,417 [INFO] PluginManager:220 - loadIPPluginJar : add mdma
2023-08-24 23:03:00,426 [INFO] IPUIPlugin:80 - create IPUIPlugin
2023-08-24 23:03:00,426 [INFO] PluginManager:220 - loadIPPluginJar : add nvic
2023-08-24 23:03:00,450 [INFO] IPUIPlugin:80 - create IPUIPlugin
2023-08-24 23:03:00,450 [INFO] PluginManager:220 - loadIPPluginJar : add opamp
2023-08-24 23:03:00,487 [INFO] IPUIPlugin:80 - create IPUIPlugin
2023-08-24 23:03:00,487 [INFO] PluginManager:220 - loadIPPluginJar : add openamp
2023-08-24 23:03:00,514 [INFO] IPUIPlugin:80 - create IPUIPlugin
2023-08-24 23:03:00,514 [INFO] PluginManager:220 - loadIPPluginJar : add pdm2pcm
2023-08-24 23:03:00,526 [INFO] IPUIPlugin:80 - create IPUIPlugin
2023-08-24 23:03:00,528 [INFO] PluginManager:220 - loadIPPluginJar : add plateformsettings
2023-08-24 23:03:00,541 [INFO] IPUIPlugin:80 - create IPUIPlugin
2023-08-24 23:03:00,542 [INFO] PluginManager:220 - loadIPPluginJar : add quadspi
2023-08-24 23:03:00,550 [INFO] IPUIPlugin:80 - create IPUIPlugin
2023-08-24 23:03:00,550 [INFO] PluginManager:220 - loadIPPluginJar : add resmgrutility
2023-08-24 23:03:00,580 [INFO] IPUIPlugin:80 - create IPUIPlugin
2023-08-24 23:03:00,580 [INFO] PluginManager:220 - loadIPPluginJar : add sai
2023-08-24 23:03:00,603 [INFO] IPUIPlugin:80 - create IPUIPlugin
2023-08-24 23:03:00,603 [INFO] PluginManager:220 - loadIPPluginJar : add spi
2023-08-24 23:03:00,639 [INFO] IPUIPlugin:80 - create IPUIPlugin
2023-08-24 23:03:00,639 [INFO] PluginManager:220 - loadIPPluginJar : add stm32_wpan
2023-08-24 23:03:00,653 [INFO] IPUIPlugin:80 - create IPUIPlugin
2023-08-24 23:03:00,653 [INFO] PluginManager:220 - loadIPPluginJar : add tim
2023-08-24 23:03:00,688 [INFO] IPUIPlugin:80 - create IPUIPlugin
2023-08-24 23:03:00,688 [INFO] PluginManager:220 - loadIPPluginJar : add touchsensing
2023-08-24 23:03:00,702 [INFO] IPUIPlugin:80 - create IPUIPlugin
2023-08-24 23:03:00,702 [INFO] PluginManager:220 - loadIPPluginJar : add tracer_emb
2023-08-24 23:03:00,716 [INFO] IPUIPlugin:80 - create IPUIPlugin
2023-08-24 23:03:00,716 [INFO] PluginManager:220 - loadIPPluginJar : add ts
2023-08-24 23:03:00,728 [INFO] IPUIPlugin:80 - create IPUIPlugin
2023-08-24 23:03:00,728 [INFO] PluginManager:220 - loadIPPluginJar : add tsc
2023-08-24 23:03:00,742 [INFO] IPUIPlugin:80 - create IPUIPlugin
2023-08-24 23:03:00,742 [INFO] PluginManager:220 - loadIPPluginJar : add ucpd
2023-08-24 23:03:00,770 [INFO] IPUIPlugin:80 - create IPUIPlugin
2023-08-24 23:03:00,770 [INFO] PluginManager:220 - loadIPPluginJar : add usart
2023-08-24 23:03:00,796 [INFO] IPUIPlugin:80 - create IPUIPlugin
2023-08-24 23:03:00,796 [INFO] PluginManager:220 - loadIPPluginJar : add usbx
2023-08-24 23:03:00,903 [INFO] CADModel:165 - CPN selected for project level
2023-08-24 23:03:00,903 [INFO] CADModel:114 - Register for checkConnection events
2023-08-24 23:03:00,903 [FATAL] Updater:308 - Updater called before beeing initialized
2023-08-24 23:03:00,903 [ERROR] CADModel:125 - Updater not yet initialized, retry later 
2023-08-24 23:03:01,000 [INFO] CADModel:165 - CPN selected for project level
2023-08-24 23:03:01,000 [INFO] CADModel:114 - Register for checkConnection events
2023-08-24 23:03:01,000 [FATAL] Updater:308 - Updater called before beeing initialized
2023-08-24 23:03:01,000 [ERROR] CADModel:125 - Updater not yet initialized, retry later 
2023-08-24 23:03:01,002 [FATAL] Updater:308 - Updater called before beeing initialized
2023-08-24 23:03:01,073 [FATAL] Updater:308 - Updater called before beeing initialized
2023-08-24 23:03:01,083 [INFO] DbMcusAds:53 - JSON generation date=Tue Mar 07 11:50:55 TRT 2023 (1678179055114)
2023-08-24 23:03:01,083 [FATAL] Updater:308 - Updater called before beeing initialized
2023-08-24 23:03:01,161 [WARN] DetailPanel:346 - Failed to get advertising image, set to default
2023-08-24 23:03:01,268 [FATAL] Updater:308 - Updater called before beeing initialized
2023-08-24 23:03:01,270 [FATAL] Updater:308 - Updater called before beeing initialized
2023-08-24 23:03:01,270 [FATAL] Updater:308 - Updater called before beeing initialized
2023-08-24 23:03:01,270 [WARN] DetailPanel:346 - Failed to get advertising image, set to default
2023-08-24 23:03:01,271 [FATAL] Updater:308 - Updater called before beeing initialized
2023-08-24 23:03:01,307 [ERROR] Updater:1120 - MainUpdater not yet initialized. External WinMGr cannot be set.
2023-08-24 23:03:01,314 [INFO] Updater:1056 - Updater Version found : 6.9.1
2023-08-24 23:03:01,333 [INFO] ApplicationProperties:184 - Using Application install path: D:\Programs\STM32CubeIDE_1.13.1\STM32CubeIDE\plugins\com.st.stm32cube.common.mx_6.9.1.202307191849
2023-08-24 23:03:01,451 [INFO] MainUpdater:2868 - connection check result : 10
2023-08-24 23:03:01,451 [INFO] MainUpdater:3562 - Updater definition file requires update
2023-08-24 23:03:01,452 [INFO] MainUpdater:285 - Updater Check For Update Now.
2023-08-24 23:03:01,452 [INFO] MicroXplorer:498 - Change Database Version : DB.6.0.91
2023-08-24 23:03:01,467 [INFO] McuFinderGlobals:63 - Set McuFinder mode to 2 (CubeIDE integrated)
2023-08-24 23:03:01,680 [INFO] ServerAccessManage:473 - Download File updaters.zip
2023-08-24 23:03:01,760 [INFO] FileExtend:240 - Unzip File : updaters.zip
2023-08-24 23:03:01,760 [INFO] FileExtend:255 - Standard Zip Deflate
2023-08-24 23:03:02,264 [INFO] ServerAccessManage:473 - Download File PacksControlFlags.xml
2023-08-24 23:03:02,268 [WARN] MainUpdater:1189 - Updater busy. Cannot search thirdparties
2023-08-24 23:03:02,268 [INFO] ThirdPartyUpdaterWithRetryManager:96 - Updater plugin is busy. [1/15]
2023-08-24 23:03:02,490 [INFO] ServerAccessManage:473 - Download File cubemx.pidx
2023-08-24 23:03:02,986 [INFO] ServerAccessManage:473 - Download File STMicroelectronics.X-CUBE-FREERTOS.pdsc
2023-08-24 23:03:04,670 [ERROR] ServerAccessManage:1096 - Problem, Http access forbiden
2023-08-24 23:03:04,671 [ERROR] ServerAccessManage:651 - Problem, Http access forbiden : RoweBots.I-CUBE-UNISONRTOS.pdsc.
2023-08-24 23:03:04,778 [WARN] PackLoader:240 - Cannot read IP mode file for STMicroelectronics.X-CUBE-FREERTOS.1.1.0
2023-08-24 23:03:04,780 [INFO] PopulateThirdPartyThread:66 - Ending populate Thread
2023-08-24 23:03:04,781 [INFO] ThirdParty:1030 - CMSIS Pack Vendor :STMicroelectronics X-CUBE-FREERTOS 1.1.0
2023-08-24 23:03:04,781 [INFO] LoadServerUpdatesThread:373 - End of LoadServerUpdate Thread
2023-08-24 23:03:04,896 [INFO] CheckServerUpdateThread:120 - End of CheckServer Thread
2023-08-24 23:03:05,353 [WARN] PackLoader:240 - Cannot read IP mode file for STMicroelectronics.X-CUBE-SMBUS.2.1.0
2023-08-24 23:03:05,379 [WARN] PackLoader:240 - Cannot read IP mode file for STMicroelectronics.X-CUBE-AZRTOS-F7.1.1.0
2023-08-24 23:03:05,391 [WARN] PackLoader:240 - Cannot read IP mode file for STMicroelectronics.FP-SNS-MOTENV1.4.3.2
2023-08-24 23:03:05,404 [WARN] PackLoader:240 - Cannot read IP mode file for STMicroelectronics.X-CUBE-BLE1.6.2.4
2023-08-24 23:03:05,409 [WARN] PackLoader:240 - Cannot read IP mode file for STMicroelectronics.FP-SNS-FLIGHT1.5.0.2
2023-08-24 23:03:05,419 [WARN] PackLoader:240 - Cannot read IP mode file for STMicroelectronics.X-CUBE-DISPLAY.3.0.0
2023-08-24 23:03:05,430 [WARN] PackLoader:240 - Cannot read IP mode file for STMicroelectronics.X-CUBE-BLE1.7.0.0
2023-08-24 23:03:05,440 [WARN] PackLoader:240 - Cannot read IP mode file for STMicroelectronics.X-CUBE-TOUCHGFX.4.22.0
2023-08-24 23:03:05,453 [INFO] LogOutputStream:77 - [STDOUT_REDIRECT] 1 : Invalid condition id : UX_CORESTACK_Condition cause : null
2023-08-24 23:03:05,454 [INFO] LogOutputStream:77 - [STDOUT_REDIRECT] 1 : Invalid condition id : UX_CORESTACK_Condition cause : null
2023-08-24 23:03:05,455 [INFO] LogOutputStream:77 - [STDOUT_REDIRECT] 1 : Invalid condition id : UX_CORESTACK_Condition cause : null
2023-08-24 23:03:05,456 [INFO] LogOutputStream:77 - [STDOUT_REDIRECT] 1 : Invalid condition id : UX_CORESTACK_Condition cause : null
2023-08-24 23:03:05,456 [INFO] LogOutputStream:77 - [STDOUT_REDIRECT] 1 : Invalid condition id : UX_CORESTACK_Condition cause : null
2023-08-24 23:03:05,458 [WARN] PackLoader:240 - Cannot read IP mode file for STMicroelectronics.X-CUBE-AZRTOS-WL.2.0.0
2023-08-24 23:03:05,469 [WARN] PackLoader:240 - Cannot read IP mode file for WES.I-CUBE-Cesium.1.3.0
2023-08-24 23:03:05,477 [WARN] PackLoader:240 - Cannot read IP mode file for STMicroelectronics.X-CUBE-BLE2.3.3.0
2023-08-24 23:03:05,483 [WARN] PackLoader:240 - Cannot read IP mode file for STMicroelectronics.X-CUBE-TOUCHGFX.4.21.3
2023-08-24 23:03:05,490 [WARN] PackLoader:240 - Cannot read IP mode file for STMicroelectronics.X-CUBE-ALGOBUILD.1.3.0
2023-08-24 23:03:05,517 [WARN] PackLoader:240 - Cannot read IP mode file for STMicroelectronics.X-CUBE-AZRTOS-G0.1.1.0
2023-08-24 23:03:05,529 [WARN] PackLoader:240 - Cannot read IP mode file for STMicroelectronics.X-CUBE-NFC4.3.0.0
2023-08-24 23:03:05,534 [WARN] PackLoader:240 - Cannot read IP mode file for STMicroelectronics.FP-ATR-SIGFOX1.3.2.0
2023-08-24 23:03:05,565 [WARN] PackLoader:240 - Cannot read IP mode file for STMicroelectronics.X-CUBE-MEMS1.9.5.0
2023-08-24 23:03:05,717 [WARN] PackLoader:240 - Cannot read IP mode file for SEGGER.I-CUBE-embOS.1.3.1
2023-08-24 23:03:05,761 [WARN] PackLoader:240 - Cannot read IP mode file for STMicroelectronics.X-CUBE-GNSS1.6.0.0
2023-08-24 23:03:05,784 [WARN] PackLoader:240 - Cannot read IP mode file for STMicroelectronics.X-CUBE-AZRTOS-F4.1.1.0
2023-08-24 23:03:05,797 [WARN] PackLoader:240 - Cannot read IP mode file for wolfSSL.I-CUBE-wolfSSL.5.6.0
2023-08-24 23:03:05,816 [WARN] PackLoader:240 - Cannot read IP mode file for STMicroelectronics.X-CUBE-AZRTOS-L5.2.0.0
2023-08-24 23:03:05,864 [WARN] PackLoader:240 - Cannot read IP mode file for STMicroelectronics.X-CUBE-MEMS1.9.6.0
2023-08-24 23:03:05,973 [WARN] PackLoader:240 - Cannot read IP mode file for emotas.I-CUBE-CANOPEN.1.1.3
2023-08-24 23:03:05,986 [WARN] PackLoader:240 - Cannot read IP mode file for STMicroelectronics.X-CUBE-BLEMGR.2.0.0
2023-08-24 23:03:06,010 [WARN] ConditionMgr:438 - getConditionDescription Invalid condition id : UX DEVICE CLASS RTOS Condition cause : null
2023-08-24 23:03:06,010 [WARN] ConditionMgr:438 - getConditionDescription Invalid condition id : UX DEVICE CLASS RTOS Condition cause : null
2023-08-24 23:03:06,012 [WARN] PackLoader:240 - Cannot read IP mode file for STMicroelectronics.X-CUBE-AZRTOS-H7.3.1.0
2023-08-24 23:03:06,013 [WARN] ConditionMgr:1039 - genDependencies : Invalid condition id : UX DEVICE CLASS RTOS Condition cause : null
2023-08-24 23:03:06,013 [WARN] ConditionMgr:1039 - genDependencies : Invalid condition id : UX DEVICE CLASS RTOS Condition cause : null
2023-08-24 23:03:06,014 [WARN] ConditionMgr:1039 - genDependencies : Invalid condition id : UX DEVICE CLASS RTOS Condition cause : null
2023-08-24 23:03:06,014 [WARN] ConditionMgr:1039 - genDependencies : Invalid condition id : UX DEVICE CLASS RTOS Condition cause : null
2023-08-24 23:03:06,015 [WARN] ConditionMgr:1039 - genDependencies : Invalid condition id : UX DEVICE CLASS RTOS Condition cause : null
2023-08-24 23:03:06,024 [WARN] PackLoader:240 - Cannot read IP mode file for STMicroelectronics.X-CUBE-NFC7.1.0.1
2023-08-24 23:03:06,034 [WARN] PackLoader:240 - Cannot read IP mode file for STMicroelectronics.X-CUBE-NFC7.1.0.0
2023-08-24 23:03:06,044 [WARN] PackLoader:240 - Cannot read IP mode file for STMicroelectronics.X-CUBE-EEPRMA1.4.1.0
2023-08-24 23:03:06,055 [WARN] PackLoader:240 - Cannot read IP mode file for STMicroelectronics.X-CUBE-AI.8.1.0
2023-08-24 23:03:06,079 [WARN] ConditionMgr:438 - getConditionDescription Invalid condition id : LAN8742 Phy interface Condition cause : null
2023-08-24 23:03:06,080 [WARN] PackLoader:240 - Cannot read IP mode file for STMicroelectronics.X-CUBE-AZRTOS-L4.2.0.0
2023-08-24 23:03:06,081 [WARN] ConditionMgr:1039 - genDependencies : Invalid condition id : LAN8742 Phy interface Condition cause : null
2023-08-24 23:03:06,081 [WARN] ConditionMgr:1039 - genDependencies : Invalid condition id : LAN8742 Phy interface Condition cause : null
2023-08-24 23:03:06,081 [WARN] ConditionMgr:1039 - genDependencies : Invalid condition id : LAN8742 Phy interface Condition cause : null
2023-08-24 23:03:06,096 [WARN] PackLoader:240 - Cannot read IP mode file for STMicroelectronics.X-CUBE-SFXS2LP1.4.0.0
2023-08-24 23:03:06,107 [WARN] PackLoader:240 - Cannot read IP mode file for STMicroelectronics.X-CUBE-ISPU.1.1.0
2023-08-24 23:03:06,117 [WARN] PackLoader:240 - Cannot read IP mode file for STMicroelectronics.X-CUBE-AI.8.0.0
2023-08-24 23:03:06,135 [WARN] ConditionMgr:438 - getConditionDescription Invalid condition id : UX DEVICE CLASS RTOS Condition cause : null
2023-08-24 23:03:06,135 [WARN] ConditionMgr:438 - getConditionDescription Invalid condition id : UX DEVICE CLASS RTOS Condition cause : null
2023-08-24 23:03:06,137 [WARN] PackLoader:240 - Cannot read IP mode file for STMicroelectronics.X-CUBE-AZRTOS-WB.2.0.0
2023-08-24 23:03:06,137 [WARN] ConditionMgr:1039 - genDependencies : Invalid condition id : UX DEVICE CLASS RTOS Condition cause : null
2023-08-24 23:03:06,137 [WARN] ConditionMgr:1039 - genDependencies : Invalid condition id : UX DEVICE CLASS RTOS Condition cause : null
2023-08-24 23:03:06,138 [WARN] ConditionMgr:1039 - genDependencies : Invalid condition id : UX DEVICE CLASS RTOS Condition cause : null
2023-08-24 23:03:06,138 [WARN] ConditionMgr:1039 - genDependencies : Invalid condition id : UX DEVICE CLASS RTOS Condition cause : null
2023-08-24 23:03:06,139 [WARN] ConditionMgr:1039 - genDependencies : Invalid condition id : UX DEVICE CLASS RTOS Condition cause : null
2023-08-24 23:03:06,151 [WARN] PackLoader:240 - Cannot read IP mode file for STMicroelectronics.X-CUBE-FREERTOS.1.0.1
2023-08-24 23:03:06,169 [WARN] PackLoader:240 - Cannot read IP mode file for STMicroelectronics.X-CUBE-AZRTOS-L5.1.1.0
2023-08-24 23:03:06,185 [WARN] PackLoader:240 - Cannot read IP mode file for STMicroelectronics.X-CUBE-SUBG2.5.0.0
2023-08-24 23:03:06,203 [WARN] PackLoader:240 - Cannot read IP mode file for STMicroelectronics.X-CUBE-TOF1.3.3.1
2023-08-24 23:03:06,228 [WARN] PackLoader:240 - Cannot read IP mode file for STMicroelectronics.X-CUBE-AZRTOS-G4.2.0.0
2023-08-24 23:03:06,244 [WARN] PackLoader:240 - Cannot read IP mode file for STMicroelectronics.X-CUBE-TOF1.3.3.0
2023-08-24 23:03:06,270 [WARN] PackLoader:240 - Cannot read IP mode file for STMicroelectronics.X-CUBE-AZRTOS-G4.1.0.0
2023-08-24 23:03:06,293 [WARN] PackLoader:240 - Cannot read IP mode file for STMicroelectronics.X-CUBE-AZRTOS-L4.1.0.0
2023-08-24 23:03:06,298 [WARN] PackLoader:240 - Cannot read IP mode file for STMicroelectronics.X-CUBE-FREERTOS.1.1.0
2023-08-24 23:03:06,311 [WARN] PackLoader:240 - Cannot read IP mode file for STMicroelectronics.X-CUBE-AZRTOS-WL.1.0.0
2023-08-24 23:03:06,321 [WARN] PackLoader:240 - Cannot read IP mode file for portGmbH.I-Cube-SoM-uGOAL.1.1.0
2023-08-24 23:03:06,331 [WARN] PackLoader:240 - Cannot read IP mode file for STMicroelectronics.X-CUBE-ALS.1.0.1
2023-08-24 23:03:06,346 [WARN] PackLoader:240 - Cannot read IP mode file for STMicroelectronics.X-CUBE-AZRTOS-WB.1.1.0
2023-08-24 23:03:06,350 [WARN] PackLoader:240 - Cannot read IP mode file for STMicroelectronics.FP-ATR-ASTRA1.2.0.0
2023-08-24 23:03:06,351 [INFO] ThirdParty:978 - Integrity check success = true
2023-08-24 23:03:06,351 [INFO] IntegrityCheckThread:100 - exiting critical section [integrity check]
2023-08-24 23:03:06,351 [INFO] IntegrityCheckThread:103 - End integrity checks thread
2023-08-24 23:03:22,467 [ERROR] LogOutputStream:75 - [STDERR_REDIRECT] SLF4J: Failed to load class "org.slf4j.impl.StaticLoggerBinder".
2023-08-24 23:03:22,468 [ERROR] LogOutputStream:75 - [STDERR_REDIRECT] SLF4J: Defaulting to no-operation (NOP) logger implementation
2023-08-24 23:03:22,471 [ERROR] LogOutputStream:75 - [STDERR_REDIRECT] SLF4J: See http://www.slf4j.org/codes.html#StaticLoggerBinder for further details.
2023-08-24 23:06:02,955 [INFO] McuFinderGlobals:63 - Set McuFinder mode to 2 (CubeIDE integrated)
2023-08-24 23:06:02,971 [INFO] MainUpdater:2868 - connection check result : 10
2023-08-24 23:06:02,975 [INFO] MainUpdater:2868 - connection check result : 10
2023-08-24 23:06:03,098 [INFO] MicroXplorer:468 - Change Database Path : 
2023-08-24 23:06:03,098 [INFO] MicroXplorer:498 - Change Database Version : DB.6.0.91
2023-08-24 23:06:03,101 [WARN] ThirdParty:871 - waiting for thirdparty lock release [close project]
2023-08-24 23:06:03,101 [INFO] ThirdParty:873 - entering critical section [close project]
2023-08-24 23:06:03,101 [INFO] ThirdParty:883 - exiting critical section [close project]
2023-08-24 23:06:03,102 [INFO] PinOutPanel:1499 - setPackage(No Configuration,No Configuration)
2023-08-24 23:06:03,105 [INFO] UtilMem:75 - Begin LoadConfig() Used Memory: 502232728 Bytes (903872512)
2023-08-24 23:06:03,106 [INFO] MicroXplorer:468 - Change Database Path : 
2023-08-24 23:06:03,106 [INFO] MicroXplorer:498 - Change Database Version : DB.6.0.91
2023-08-24 23:06:03,106 [INFO] OpenFileManager:308 - Change cursor
2023-08-24 23:06:03,130 [INFO] Mcu:1946 - Initializing MCU STM32F767ZITx STM32F767ZITx STM32F767ZIT6
2023-08-24 23:06:04,628 [INFO] Context:659 - Trying to add GPIOservice into a context  which must be forbidden
2023-08-24 23:06:05,198 [INFO] RtosManager:555 - Registered RTOS mode: class=CMSIS, group=RTOS, mode=CMSIS_V1, owner=FREERTOS
2023-08-24 23:06:05,198 [INFO] RtosManager:555 - Registered RTOS mode: class=CMSIS, group=RTOS2, mode=CMSIS_V2, owner=FREERTOS
2023-08-24 23:06:05,198 [INFO] RtosManager:555 - Registered RTOS mode: class=RTOS, group=Core, mode=CMSIS_V1, owner=FREERTOS
2023-08-24 23:06:05,198 [INFO] RtosManager:555 - Registered RTOS mode: class=RTOS, group=Core, mode=CMSIS_V2, owner=FREERTOS
2023-08-24 23:06:05,198 [WARN] ModelIntegratedComponent:184 - Missing modes for component STMicroelectronics:FreeRTOS:0.0.1:STMicroelectronics:RTOS:FreeRTOS:Core:::10.2.0:
2023-08-24 23:06:05,206 [WARN] ModelIntegratedComponent:63 - No mode defined for component null
2023-08-24 23:06:05,206 [WARN] ModelIntegratedComponent:63 - No mode defined for component null
2023-08-24 23:06:05,206 [WARN] ModelIntegratedComponent:63 - No mode defined for component null
2023-08-24 23:06:05,206 [WARN] ModelIntegratedComponent:63 - No mode defined for component null
2023-08-24 23:06:05,206 [WARN] ModelIntegratedComponent:63 - No mode defined for component null
2023-08-24 23:06:05,206 [WARN] ModelIntegratedComponent:63 - No mode defined for component null
2023-08-24 23:06:05,206 [WARN] ModelIntegratedComponent:63 - No mode defined for component null
2023-08-24 23:06:05,206 [WARN] ModelIntegratedComponent:63 - No mode defined for component null
2023-08-24 23:06:05,206 [WARN] ModelIntegratedComponent:63 - No mode defined for component null
2023-08-24 23:06:05,206 [WARN] ModelIntegratedComponent:63 - No mode defined for component null
2023-08-24 23:06:05,206 [WARN] ModelIntegratedComponent:63 - No mode defined for component null
2023-08-24 23:06:05,206 [WARN] ModelIntegratedComponent:63 - No mode defined for component null
2023-08-24 23:06:05,206 [WARN] ModelIntegratedComponent:63 - No mode defined for component null
2023-08-24 23:06:05,206 [WARN] ModelIntegratedComponent:63 - No mode defined for component null
2023-08-24 23:06:05,206 [WARN] ModelIntegratedComponent:63 - No mode defined for component null
2023-08-24 23:06:05,207 [WARN] ModelIntegratedComponent:63 - No mode defined for component null
2023-08-24 23:06:05,207 [WARN] ModelIntegratedComponent:63 - No mode defined for component null
2023-08-24 23:06:05,207 [WARN] ModelIntegratedComponent:63 - No mode defined for component null
2023-08-24 23:06:05,207 [WARN] ModelIntegratedComponent:63 - No mode defined for component null
2023-08-24 23:06:05,207 [WARN] ModelIntegratedComponent:63 - No mode defined for component null
2023-08-24 23:06:05,207 [WARN] ModelIntegratedComponent:63 - No mode defined for component null
2023-08-24 23:06:05,207 [WARN] ModelIntegratedComponent:63 - No mode defined for component null
2023-08-24 23:06:05,207 [WARN] ModelIntegratedComponent:63 - No mode defined for component null
2023-08-24 23:06:05,207 [WARN] ModelIntegratedComponent:63 - No mode defined for component null
2023-08-24 23:06:05,207 [WARN] ModelIntegratedComponent:63 - No mode defined for component null
2023-08-24 23:06:05,207 [WARN] ModelIntegratedComponent:63 - No mode defined for component null
2023-08-24 23:06:05,207 [WARN] ModelIntegratedComponent:63 - No mode defined for component null
2023-08-24 23:06:05,207 [WARN] ModelIntegratedComponent:63 - No mode defined for component null
2023-08-24 23:06:05,207 [WARN] ModelIntegratedComponent:63 - No mode defined for component null
2023-08-24 23:06:05,207 [WARN] ModelIntegratedComponent:63 - No mode defined for component null
2023-08-24 23:06:05,207 [WARN] ModelIntegratedComponent:63 - No mode defined for component null
2023-08-24 23:06:05,207 [WARN] ModelIntegratedComponent:63 - No mode defined for component null
2023-08-24 23:06:05,207 [WARN] ModelIntegratedComponent:63 - No mode defined for component null
2023-08-24 23:06:05,266 [INFO] ThirdPartyModel:298 - Start build external matchings
2023-08-24 23:06:05,662 [INFO] ThirdPartyModel:316 - End build external matchings
2023-08-24 23:06:05,676 [INFO] ImportTextPane:194 - (OptionalMessage_ERROR) IP (ETH) : Invalid parameter (PHY_Name)
2023-08-24 23:06:05,676 [INFO] ImportTextPane:194 - (OptionalMessage_ERROR) IP (ETH) : Invalid parameter (PHY_Value)
2023-08-24 23:06:05,676 [INFO] ImportTextPane:194 - (OptionalMessage_ERROR) IP (ETH) : Invalid parameter (PhyAddress)
2023-08-24 23:06:05,677 [INFO] ImportTextPane:194 - (OptionalMessage_ERROR) IP (RCC) : Invalid parameter (48MHZClocksFreq_Value)
2023-08-24 23:06:05,677 [INFO] ImportTextPane:194 - (OptionalMessage_ERROR) IP (RCC) : Invalid parameter (ADC12outputFreq_Value)
2023-08-24 23:06:05,677 [INFO] ImportTextPane:194 - (OptionalMessage_ERROR) IP (RCC) : Invalid parameter (ADC34outputFreq_Value)
2023-08-24 23:06:05,677 [INFO] ImportTextPane:194 - (OptionalMessage_ERROR) IP (RCC) : Invalid parameter (FamilyName)
2023-08-24 23:06:05,677 [INFO] ImportTextPane:194 - (OptionalMessage_ERROR) IP (RCC) : Invalid parameter (I2SClocksFreq_Value)
2023-08-24 23:06:05,677 [INFO] ImportTextPane:194 - (OptionalMessage_ERROR) IP (RCC) : Invalid parameter (LCDTFToutputFreq_Value)
2023-08-24 23:06:05,678 [INFO] ImportTextPane:194 - (OptionalMessage_ERROR) IP (RCC) : Invalid parameter (MCOFreq_Value)
2023-08-24 23:06:05,678 [INFO] ImportTextPane:194 - (OptionalMessage_ERROR) IP (RCC) : Invalid parameter (PLLMCOFreq_Value)
2023-08-24 23:06:05,678 [INFO] ImportTextPane:194 - (OptionalMessage_ERROR) IP (RCC) : Invalid parameter (PLLMUL)
2023-08-24 23:06:05,678 [INFO] ImportTextPane:194 - (OptionalMessage_ERROR) IP (RCC) : Invalid parameter (PRESCALERUSB)
2023-08-24 23:06:05,678 [INFO] ImportTextPane:194 - (OptionalMessage_ERROR) IP (RCC) : Invalid parameter (RTCHSEDivFreq_Value)
2023-08-24 23:06:05,678 [INFO] ImportTextPane:194 - (OptionalMessage_ERROR) IP (RCC) : Parameter (SDMMC2Freq_Value) has invalid value (96000000)
2023-08-24 23:06:05,678 [INFO] ImportTextPane:194 - (OptionalMessage_ERROR) IP (RCC) : Parameter (SDMMCFreq_Value) has invalid value (96000000)
2023-08-24 23:06:05,678 [INFO] ImportTextPane:194 - (OptionalMessage_ERROR) IP (RCC) : Invalid parameter (SYSCLKSourceVirtual)
2023-08-24 23:06:05,679 [INFO] ImportTextPane:194 - (OptionalMessage_ERROR) IP (RCC) : Invalid parameter (TIM15Freq_Value)
2023-08-24 23:06:05,679 [INFO] ImportTextPane:194 - (OptionalMessage_ERROR) IP (RCC) : Invalid parameter (TIM16Freq_Value)
2023-08-24 23:06:05,679 [INFO] ImportTextPane:194 - (OptionalMessage_ERROR) IP (RCC) : Invalid parameter (TIM17Freq_Value)
2023-08-24 23:06:05,679 [INFO] ImportTextPane:194 - (OptionalMessage_ERROR) IP (RCC) : Invalid parameter (TIM1Freq_Value)
2023-08-24 23:06:05,679 [INFO] ImportTextPane:194 - (OptionalMessage_ERROR) IP (RCC) : Invalid parameter (TIM20Freq_Value)
2023-08-24 23:06:05,679 [INFO] ImportTextPane:194 - (OptionalMessage_ERROR) IP (RCC) : Invalid parameter (TIM2Freq_Value)
2023-08-24 23:06:05,679 [INFO] ImportTextPane:194 - (OptionalMessage_ERROR) IP (RCC) : Invalid parameter (TIM3Freq_Value)
2023-08-24 23:06:05,679 [INFO] ImportTextPane:194 - (OptionalMessage_ERROR) IP (RCC) : Invalid parameter (TIM8Freq_Value)
2023-08-24 23:06:05,679 [INFO] ImportTextPane:194 - (OptionalMessage_ERROR) IP (RCC) : Invalid parameter (VCOOutput2Freq_Value)
2023-08-24 23:06:05,679 [INFO] ImportTextPane:194 - (OptionalMessage_ERROR) IP (RCC) : Invalid parameter (VcooutputI2S)
2023-08-24 23:06:05,936 [INFO] UtilMem:75 - End LoadConfig() Used Memory: 810468968 Bytes (1073741824)
2023-08-24 23:06:06,038 [INFO] ApiDb:581 - Connected to CubeFinder SQLite database (C:\Users\baris\.stmcufinder\plugins\mcufinder\mcu\cube-finder-db.db)
2023-08-24 23:06:06,119 [INFO] ApiDb:668 - CubeFinder database Data Model version=2.1
2023-08-24 23:06:06,119 [INFO] ApiDb:669 - CubeFinder database Configuration version=3.0.37
2023-08-24 23:06:06,119 [INFO] ApiDb:670 - CubeFinder database generation date=2023-07-31 (1690792719)
2023-08-24 23:06:06,119 [INFO] ApiDb:671 - CubeFinder database FW Pack versions=[FP-ATR-ASTRA1_V2.0.0, FP-SNS-FLIGHT1_V5.0.1, FP-SNS-FLIGHT1_V5.0.2, FP-SNS-MOTENV1_V4.3.1, FP-SNS-MOTENV1_V4.3.2, STM32Cube_FW_C0_V1.1.0, STM32Cube_FW_F4_V1.27.1, STM32Cube_FW_F7_V1.17.0, STM32Cube_FW_G0_V1.6.1, STM32Cube_FW_G4_V1.5.1, STM32Cube_FW_H5_V0.5.1, STM32Cube_FW_H5_V1.1.0, STM32Cube_FW_H7_V1.11.0, STM32Cube_FW_L0_V1.12.2, STM32Cube_FW_L5_V1.5.0, STM32Cube_FW_U5_V1.3.0, STM32Cube_FW_U5_V1.3.0RC4, STM32Cube_FW_WBA_V1.0.0RC1, STM32Cube_FW_WBA_V1.1.0, STM32Cube_FW_WBA_V1.1.0RC1, STM32Cube_FW_WB_V1.15.0RC1, STM32Cube_FW_WB_V1.16.0, STM32Cube_FW_WB_V1.16.0RC2, STM32Cube_FW_WB_V1.17.0, STM32Cube_FW_WL_V1.3.0, X-CUBE-ALGOBUILD_V1.3.0, X-CUBE-ALS_V1.0.1, X-CUBE-AZRTOS-F4_V1.1.0, X-CUBE-AZRTOS-F7_V1.1.0, X-CUBE-AZRTOS-G0_V1.1.0, X-CUBE-AZRTOS-G4_V2.0.0, X-CUBE-AZRTOS-H7_V3.1.0, X-CUBE-AZRTOS-L4_V1.0.0, X-CUBE-AZRTOS-L4_V2.0.0, X-CUBE-AZRTOS-L5_V1.1.0, X-CUBE-AZRTOS-WB_V1.1.0, X-CUBE-AZRTOS-WL_V2.0.0, X-CUBE-BLE1_V6.2.4, X-CUBE-BLE2_V3.3.0, X-CUBE-BLEMGR_V2.0.0, X-CUBE-EEPRMA1_V4.1.0, X-CUBE-FREERTOS_V1.0.1, X-CUBE-GNSS1_V6.0.0, X-CUBE-MEMS1_V9.1.0, X-CUBE-MEMS1_V9.4.0, X-CUBE-MEMS1_V9.6.0, X-CUBE-NFC4_V3.0.0, X-CUBE-NFC7_V1.0.0, X-CUBE-SFXS2LP1_V4.0.0, X-CUBE-SUBG2_V5.0.0]
2023-08-24 23:06:07,866 [INFO] ApiDb:240 - Found 323 in-development CPN: [B-G473E-ZEST1S, B-WB1M-WPAN1, B-WL5M-SUBG1, NUCLEO-C031C6, NUCLEO-H503RB, NUCLEO-H563ZI, NUCLEO-U545RE-Q, NUCLEO-U5A5ZJ-Q, NUCLEO-WBA52CG, STEVAL-PROTEUS1, STEVAL-SMARTAG2, STEVAL-STWINBX1, STM320518-EVAL, STM32C0116-DK, STM32C011D6Y3TR, STM32C011D6Y6TR, STM32C011F4P3, STM32C011F4P6, STM32C011F4U3, STM32C011F4U6TR, STM32C011F6P3, STM32C011F6P6, STM32C011F6U3, STM32C011F6U6TR, STM32C011J4M3, STM32C011J4M6, STM32C011J6M3, STM32C011J6M6, STM32C0316-DK, STM32C031C4T3, STM32C031C4T6, STM32C031C4U3, STM32C031C4U6, STM32C031C6T3, STM32C031C6T6, STM32C031C6U3, STM32C031C6U6, STM32C031F4P3, STM32C031F4P6, STM32C031F6P3, STM32C031F6P6, STM32C031G4U3, STM32C031G4U6, STM32C031G6U3, STM32C031G6U6, STM32C031K4T3, STM32C031K4T6, STM32C031K4U3, STM32C031K4U6, STM32C031K6T3, STM32C031K6T6, STM32C031K6U3, STM32C031K6U6, STM32G071K8TXN, STM32G071K8UXN, STM32G081GBU6N, STM32G081KBT6N, STM32G081KBUXN, STM32G0B1CCT6N, STM32G0B1KCT6, STM32G0B1NEY6TR, STM32G0B1RCT6N, STM32G0C1CCT6, STM32G0C1CCT6N, STM32G0C1CCU6N, STM32G0C1CET6N, STM32G0C1CEU6N, STM32G0C1KCT6, STM32G0C1NEY6TR, STM32G0C1RCI6N, STM32G0C1RCT6N, STM32G0C1REI6N, STM32G0C1RET6N, STM32G0C1VCI6, STM32G0C1VEI6, STM32G471CCT6, STM32G471CCU6, STM32G471CET3, STM32G471CET6, STM32G471CEU3, STM32G471CEU6, STM32G471MCT6, STM32G471MET3, STM32G471MET6, STM32G471MEY6TR, STM32G471QCT6, STM32G471QET3, STM32G471RCT6, STM32G471RET3, STM32G471RET6, STM32G471VCH6, STM32G471VCI6, STM32G471VCT6, STM32G471VEH3, STM32G471VEH6, STM32G471VEI3, STM32G471VEI6, STM32G471VET3, STM32G471VET6, STM32G474CCT6, STM32H503CBT6, STM32H503CBU6, STM32H503EBY6TR, STM32H503KBU6, STM32H503RBT6, STM32H562AGI6, STM32H562AII6, STM32H562IGK6, STM32H562IGT6, STM32H562IIK6, STM32H562IIT6, STM32H562RGT6, STM32H562RGV6, STM32H562RIT6, STM32H562RIV6, STM32H562VGT6, STM32H562VIT6, STM32H562ZGT6, STM32H562ZIT6, STM32H563AGI6, STM32H563AII3Q, STM32H563AII6, STM32H563IGK6, STM32H563IGT6, STM32H563IIK3Q, STM32H563IIK6, STM32H563IIT3Q, STM32H563IIT6, STM32H563MIY3QTR, STM32H563RGT6, STM32H563RGV6, STM32H563RIT6, STM32H563RIV6, STM32H563VGT6, STM32H563VIT3Q, STM32H563VIT6, STM32H563ZGT6, STM32H563ZIT3Q, STM32H563ZIT6, STM32H573AII3Q, STM32H573AII6, STM32H573I-DK, STM32H573IIK3Q, STM32H573IIK6, STM32H573IIT3Q, STM32H573IIT6, STM32H573MIY3QTR, STM32H573RIT6, STM32H573RIV6, STM32H573VIT3Q, STM32H573VIT6, STM32H573ZIT3Q, STM32H573ZIT6, STM32L4R5QGI6STR, STM32MP131AAE3, STM32MP131AAF3, STM32MP131AAG3, STM32MP131CAE3, STM32MP131CAF3, STM32MP131CAG3, STM32MP131DAE7, STM32MP131DAF7, STM32MP131DAG7, STM32MP131FAE7, STM32MP131FAF7, STM32MP131FAG7, STM32MP133AAE3, STM32MP133AAF3, STM32MP133AAG3, STM32MP133CAE3, STM32MP133CAF3, STM32MP133CAG3, STM32MP133DAE7, STM32MP133DAF7, STM32MP133DAG7, STM32MP133FAE7, STM32MP133FAF7, STM32MP133FAG7, STM32MP135AAE3, STM32MP135AAF3, STM32MP135AAG3, STM32MP135CAE3, STM32MP135CAF3, STM32MP135CAG3, STM32MP135DAE7, STM32MP135DAF7, STM32MP135DAG7, STM32MP135F-DK, STM32MP135FAE7, STM32MP135FAF7, STM32MP135FAF7T, STM32MP135FAF7U, STM32MP135FAG7, STM32U535CBT6, STM32U535CBT6Q, STM32U535CBU6, STM32U535CBU6Q, STM32U535CCT6, STM32U535CCT6Q, STM32U535CCU6, STM32U535CCU6Q, STM32U535CET6, STM32U535CET6Q, STM32U535CEU6, STM32U535CEU6Q, STM32U535JEY6QTR, STM32U535NCY6QTR, STM32U535NEY6QTR, STM32U535RBI6, STM32U535RBI6Q, STM32U535RBT6, STM32U535RBT6Q, STM32U535RCI6, STM32U535RCI6Q, STM32U535RCT6, STM32U535RCT6Q, STM32U535REI6, STM32U535REI6Q, STM32U535RET6, STM32U535RET6Q, STM32U535VCI6, STM32U535VCI6Q, STM32U535VCT6, STM32U535VCT6Q, STM32U535VEI6, STM32U535VEI6Q, STM32U535VET6, STM32U535VET6Q, STM32U545CET6, STM32U545CET6Q, STM32U545CEU6, STM32U545CEU6Q, STM32U545JEY6QTR, STM32U545NEY6QTR, STM32U545REI6, STM32U545REI6Q, STM32U545RET6, STM32U545RET6Q, STM32U545VEI6, STM32U545VEI6Q, STM32U545VET6, STM32U545VET6Q, STM32U595AIH6, STM32U595AIH6Q, STM32U595AJH6, STM32U595AJH6Q, STM32U595QII6, STM32U595QII6Q, STM32U595QJI6, STM32U595QJI6Q, STM32U595RIT6, STM32U595RIT6Q, STM32U595RJT6, STM32U595RJT6Q, STM32U595VIT6, STM32U595VIT6Q, STM32U595VJT6, STM32U595VJT6Q, STM32U595ZIT6, STM32U595ZIT6Q, STM32U595ZIY6QTR, STM32U595ZJT6, STM32U595ZJT6Q, STM32U595ZJY6QTR, STM32U599BJY6QTR, STM32U599NIH6Q, STM32U599NJH6Q, STM32U599VIT6Q, STM32U599VJT6, STM32U599VJT6Q, STM32U599ZIT6Q, STM32U599ZIY6QTR, STM32U599ZJT6Q, STM32U599ZJY6QTR, STM32U5A5AJH6, STM32U5A5AJH6Q, STM32U5A5QJI6, STM32U5A5QJI6Q, STM32U5A5RJT6, STM32U5A5RJT6Q, STM32U5A5VJT6, STM32U5A5VJT6Q, STM32U5A5ZJT6, STM32U5A5ZJT6Q, STM32U5A5ZJY6QTR, STM32U5A9BJY6QTR, STM32U5A9J-DK, STM32U5A9NJH6Q, STM32U5A9VJT6Q, STM32U5A9ZJT6Q, STM32U5A9ZJY6QTR, STM32U5F7VIT6, STM32U5F7VIT6Q, STM32U5F7VJT6, STM32U5F7VJT6Q, STM32U5F9BJY6QTR, STM32U5F9NJH6Q, STM32U5F9VIT6Q, STM32U5F9VJT6Q, STM32U5F9ZIJ6QTR, STM32U5F9ZIT6Q, STM32U5F9ZJJ6QTR, STM32U5F9ZJT6Q, STM32U5G7VJT6, STM32U5G7VJT6Q, STM32U5G9BJY6QTR, STM32U5G9J-DK1, STM32U5G9J-DK2, STM32U5G9NJH6Q, STM32U5G9VJT6Q, STM32U5G9ZJJ6QTR, STM32U5G9ZJT6Q, STM32WB1MMCH6, STM32WBA52CEU6, STM32WBA52CEU6T, STM32WBA52CGU6, STM32WBA52CGU6T, STM32WBA52KEU6, STM32WBA52KEU6T, STM32WBA52KGU6, STM32WBA52KGU6T, STM32WL5MOCH6, STM32WL5MOCH6TR]
2023-08-24 23:06:07,869 [INFO] DbMcus:217 - Found 3848 MCUs, 3848 are supported
2023-08-24 23:06:07,869 [INFO] ApiDb:423 - Load user favorites file C:\Users\baris/.stm32cubeide/favorites.mcus.txt: 0 item(s)
2023-08-24 23:06:07,869 [INFO] ApiDb:427 - User favorites MCUs=[]
2023-08-24 23:06:07,869 [INFO] DbMcus:223 - Set 0 / 0 favorites MCUs
2023-08-24 23:06:08,063 [WARN] ThirdParty:833 - waiting for thirdparty lock release [change project]
2023-08-24 23:06:08,063 [INFO] ThirdParty:835 - entering critical section [change project]
2023-08-24 23:06:08,063 [INFO] ThirdParty:1030 - CMSIS Pack Vendor :STMicroelectronics X-CUBE-ISPU 1.1.0
2023-08-24 23:06:08,063 [INFO] ThirdParty:1030 - CMSIS Pack Vendor :STMicroelectronics USBPD 4.1
2023-08-24 23:06:08,063 [INFO] ThirdParty:1030 - CMSIS Pack Vendor :STMicroelectronics X-CUBE-GNSS1 6.0.0
2023-08-24 23:06:08,063 [INFO] ThirdParty:1030 - CMSIS Pack Vendor :STMicroelectronics USB_HOST 2.0.0
2023-08-24 23:06:08,063 [INFO] ThirdParty:1030 - CMSIS Pack Vendor :STMicroelectronics X-CUBE-AZRTOS-F4 1.1.0
2023-08-24 23:06:08,063 [INFO] ThirdParty:1030 - CMSIS Pack Vendor :STMicroelectronics LIBJPEG 8.0.0
2023-08-24 23:06:08,063 [INFO] ThirdParty:1030 - CMSIS Pack Vendor :STMicroelectronics X-CUBE-SMBUS 2.1.0
2023-08-24 23:06:08,064 [INFO] ThirdParty:1030 - CMSIS Pack Vendor :wolfSSL I-CUBE-wolfSSL 5.6.0
2023-08-24 23:06:08,064 [INFO] ThirdParty:1030 - CMSIS Pack Vendor :STMicroelectronics USB_DEVICE 3.0.0
2023-08-24 23:06:08,064 [INFO] ThirdParty:1030 - CMSIS Pack Vendor :STMicroelectronics X-CUBE-AI 8.0.0
2023-08-24 23:06:08,064 [INFO] ThirdParty:1030 - CMSIS Pack Vendor :STMicroelectronics X-CUBE-AZRTOS-WB 2.0.0
2023-08-24 23:06:08,064 [INFO] ThirdParty:1030 - CMSIS Pack Vendor :STMicroelectronics X-CUBE-FREERTOS 1.0.1
2023-08-24 23:06:08,064 [INFO] ThirdParty:1030 - CMSIS Pack Vendor :STMicroelectronics X-CUBE-TOUCHGFX 4.21.3
2023-08-24 23:06:08,064 [INFO] ThirdParty:1030 - CMSIS Pack Vendor :STMicroelectronics X-CUBE-AZRTOS-F7 1.1.0
2023-08-24 23:06:08,064 [INFO] ThirdParty:1030 - CMSIS Pack Vendor :STMicroelectronics X-CUBE-AZRTOS-L5 2.0.0
2023-08-24 23:06:08,064 [INFO] ThirdParty:1030 - CMSIS Pack Vendor :STMicroelectronics USB_DEVICE 2.0.0
2023-08-24 23:06:08,064 [INFO] ThirdParty:1030 - CMSIS Pack Vendor :STMicroelectronics X-CUBE-MEMS1 9.6.0
2023-08-24 23:06:08,064 [INFO] ThirdParty:1030 - CMSIS Pack Vendor :STMicroelectronics FP-SNS-MOTENV1 4.3.2
2023-08-24 23:06:08,064 [INFO] ThirdParty:1030 - CMSIS Pack Vendor :STMicroelectronics X-CUBE-ALGOBUILD 1.3.0
2023-08-24 23:06:08,064 [INFO] ThirdParty:1030 - CMSIS Pack Vendor :STMicroelectronics X-CUBE-BLE1 6.2.4
2023-08-24 23:06:08,064 [INFO] ThirdParty:1030 - CMSIS Pack Vendor :STMicroelectronics X-CUBE-AZRTOS-L5 1.1.0
2023-08-24 23:06:08,064 [INFO] ThirdParty:1030 - CMSIS Pack Vendor :STMicroelectronics FreeRTOS 0.0.1
2023-08-24 23:06:08,064 [INFO] ThirdParty:1030 - CMSIS Pack Vendor :STMicroelectronics X-CUBE-AZRTOS-G0 1.1.0
2023-08-24 23:06:08,064 [INFO] ThirdParty:1030 - CMSIS Pack Vendor :emotas I-CUBE-CANOPEN 1.1.3
2023-08-24 23:06:08,064 [INFO] ThirdParty:1030 - CMSIS Pack Vendor :STMicroelectronics X-CUBE-BLEMGR 2.0.0
2023-08-24 23:06:08,064 [INFO] ThirdParty:1030 - CMSIS Pack Vendor :STMicroelectronics X-CUBE-NFC4 3.0.0
2023-08-24 23:06:08,064 [INFO] ThirdParty:1030 - CMSIS Pack Vendor :STMicroelectronics X-CUBE-SUBG2 5.0.0
2023-08-24 23:06:08,064 [INFO] ThirdParty:1030 - CMSIS Pack Vendor :STMicroelectronics STM32_WPAN 1.0.0
2023-08-24 23:06:08,064 [INFO] ThirdParty:1030 - CMSIS Pack Vendor :STMicroelectronics lwIP 2.0.3
2023-08-24 23:06:08,064 [INFO] ThirdParty:1030 - CMSIS Pack Vendor :STMicroelectronics FP-SNS-FLIGHT1 5.0.2
2023-08-24 23:06:08,064 [INFO] ThirdParty:1030 - CMSIS Pack Vendor :STMicroelectronics USB_HOST 1.0.0
2023-08-24 23:06:08,064 [INFO] ThirdParty:1030 - CMSIS Pack Vendor :STMicroelectronics X-CUBE-TOF1 3.3.1
2023-08-24 23:06:08,064 [INFO] ThirdParty:1030 - CMSIS Pack Vendor :STMicroelectronics X-CUBE-AZRTOS-G4 2.0.0
2023-08-24 23:06:08,064 [INFO] ThirdParty:1030 - CMSIS Pack Vendor :STMicroelectronics PDM2PCM 3.1.0
2023-08-24 23:06:08,064 [INFO] ThirdParty:1030 - CMSIS Pack Vendor :STMicroelectronics X-CUBE-AZRTOS-H7 3.1.0
2023-08-24 23:06:08,064 [INFO] ThirdParty:1030 - CMSIS Pack Vendor :STMicroelectronics X-CUBE-TOF1 3.3.0
2023-08-24 23:06:08,064 [INFO] ThirdParty:1030 - CMSIS Pack Vendor :STMicroelectronics PDM2PCM 3.3.0
2023-08-24 23:06:08,064 [INFO] ThirdParty:1030 - CMSIS Pack Vendor :STMicroelectronics X-CUBE-DISPLAY 3.0.0
2023-08-24 23:06:08,064 [INFO] ThirdParty:1030 - CMSIS Pack Vendor :STMicroelectronics X-CUBE-BLE1 7.0.0
2023-08-24 23:06:08,064 [INFO] ThirdParty:1030 - CMSIS Pack Vendor :STMicroelectronics FP-ATR-SIGFOX1 3.2.0
2023-08-24 23:06:08,064 [INFO] ThirdParty:1030 - CMSIS Pack Vendor :STMicroelectronics X-CUBE-AZRTOS-G4 1.0.0
2023-08-24 23:06:08,064 [INFO] ThirdParty:1030 - CMSIS Pack Vendor :STMicroelectronics X-CUBE-AZRTOS-L4 1.0.0
2023-08-24 23:06:08,064 [INFO] ThirdParty:1030 - CMSIS Pack Vendor :STMicroelectronics HAL Drivers 0.0.0
2023-08-24 23:06:08,064 [INFO] ThirdParty:1030 - CMSIS Pack Vendor :STMicroelectronics MBEDTLS 2.16.2
2023-08-24 23:06:08,064 [INFO] ThirdParty:1030 - CMSIS Pack Vendor :STMicroelectronics X-CUBE-FREERTOS 1.1.0
2023-08-24 23:06:08,065 [INFO] ThirdParty:1030 - CMSIS Pack Vendor :STMicroelectronics X-CUBE-TOUCHGFX 4.22.0
2023-08-24 23:06:08,065 [INFO] ThirdParty:1030 - CMSIS Pack Vendor :STMicroelectronics X-CUBE-NFC7 1.0.1
2023-08-24 23:06:08,065 [INFO] ThirdParty:1030 - CMSIS Pack Vendor :STMicroelectronics MBEDTLS 2.14.1
2023-08-24 23:06:08,065 [INFO] ThirdParty:1030 - CMSIS Pack Vendor :STMicroelectronics X-CUBE-NFC7 1.0.0
2023-08-24 23:06:08,065 [INFO] ThirdParty:1030 - CMSIS Pack Vendor :STMicroelectronics X-CUBE-AZRTOS-WL 1.0.0
2023-08-24 23:06:08,065 [INFO] ThirdParty:1030 - CMSIS Pack Vendor :STMicroelectronics X-CUBE-EEPRMA1 4.1.0
2023-08-24 23:06:08,065 [INFO] ThirdParty:1030 - CMSIS Pack Vendor :portGmbH I-Cube-SoM-uGOAL 1.1.0
2023-08-24 23:06:08,065 [INFO] ThirdParty:1030 - CMSIS Pack Vendor :STMicroelectronics X-CUBE-ALS 1.0.1
2023-08-24 23:06:08,065 [INFO] ThirdParty:1030 - CMSIS Pack Vendor :STMicroelectronics X-CUBE-MEMS1 9.5.0
2023-08-24 23:06:08,065 [INFO] ThirdParty:1030 - CMSIS Pack Vendor :STMicroelectronics ThreadX 1.0.0
2023-08-24 23:06:08,065 [INFO] ThirdParty:1030 - CMSIS Pack Vendor :STMicroelectronics X-CUBE-AZRTOS-WB 1.1.0
2023-08-24 23:06:08,065 [INFO] ThirdParty:1030 - CMSIS Pack Vendor :STMicroelectronics X-CUBE-AZRTOS-WL 2.0.0
2023-08-24 23:06:08,065 [INFO] ThirdParty:1030 - CMSIS Pack Vendor :SEGGER I-CUBE-embOS 1.3.1
2023-08-24 23:06:08,065 [INFO] ThirdParty:1030 - CMSIS Pack Vendor :STMicroelectronics USB_DEVICE 1.0.0
2023-08-24 23:06:08,065 [INFO] ThirdParty:1030 - CMSIS Pack Vendor :STMicroelectronics X-CUBE-AI 8.1.0
2023-08-24 23:06:08,065 [INFO] ThirdParty:1030 - CMSIS Pack Vendor :STMicroelectronics X-CUBE-AZRTOS-L4 2.0.0
2023-08-24 23:06:08,065 [INFO] ThirdParty:1030 - CMSIS Pack Vendor :STMicroelectronics ThreadX 0.0.2
2023-08-24 23:06:08,065 [INFO] ThirdParty:1030 - CMSIS Pack Vendor :WES I-CUBE-Cesium 1.3.0
2023-08-24 23:06:08,065 [INFO] ThirdParty:1030 - CMSIS Pack Vendor :STMicroelectronics FP-ATR-ASTRA1 2.0.0
2023-08-24 23:06:08,065 [INFO] ThirdParty:1030 - CMSIS Pack Vendor :STMicroelectronics lwIP 2.1.2
2023-08-24 23:06:08,065 [INFO] ThirdParty:1030 - CMSIS Pack Vendor :STMicroelectronics X-CUBE-SFXS2LP1 4.0.0
2023-08-24 23:06:08,065 [INFO] ThirdParty:1030 - CMSIS Pack Vendor :STMicroelectronics X-CUBE-BLE2 3.3.0
2023-08-24 23:06:08,065 [INFO] ThirdParty:1030 - CMSIS Pack Vendor :STMicroelectronics PDM2PCM 3.2.0
2023-08-24 23:06:08,065 [INFO] ThirdParty:841 - exiting critical section [change project]
2023-08-24 23:06:08,374 [INFO] PinOutPanel:1499 - setPackage(No Configuration,No Configuration)
2023-08-24 23:06:08,376 [INFO] PinOutPanel:1499 - setPackage(STM32F767ZITx,LQFP144)
2023-08-24 23:06:08,814 [INFO] UtilMem:75 - Before build in PCC Used Memory: 889942176 Bytes (1073741824)
2023-08-24 23:06:09,393 [INFO] UtilMem:75 - After build in PCC Used Memory: 534499328 Bytes (1073741824)
2023-08-24 23:06:09,417 [INFO] IPUIPlugin:80 - create IPUIPlugin
2023-08-24 23:06:09,417 [INFO] IPUIPlugin:80 - create IPUIPlugin
2023-08-24 23:06:09,417 [INFO] IPUIPlugin:80 - create IPUIPlugin
2023-08-24 23:06:09,418 [INFO] IPUIPlugin:80 - create IPUIPlugin
2023-08-24 23:06:09,418 [INFO] IPUIPlugin:80 - create IPUIPlugin
2023-08-24 23:06:09,418 [INFO] IPUIPlugin:80 - create IPUIPlugin
2023-08-24 23:06:09,418 [INFO] IPUIPlugin:80 - create IPUIPlugin
2023-08-24 23:06:09,418 [INFO] IPUIPlugin:80 - create IPUIPlugin
2023-08-24 23:06:09,418 [INFO] IPUIPlugin:80 - create IPUIPlugin
2023-08-24 23:06:09,418 [INFO] IPUIPlugin:80 - create IPUIPlugin
2023-08-24 23:06:09,418 [INFO] IPUIPlugin:80 - create IPUIPlugin
2023-08-24 23:06:09,418 [INFO] IPUIPlugin:80 - create IPUIPlugin
2023-08-24 23:06:09,418 [INFO] IPUIPlugin:80 - create IPUIPlugin
2023-08-24 23:06:09,418 [INFO] IPUIPlugin:80 - create IPUIPlugin
2023-08-24 23:06:09,419 [INFO] IPUIPlugin:80 - create IPUIPlugin
2023-08-24 23:06:09,419 [INFO] IPUIPlugin:80 - create IPUIPlugin
2023-08-24 23:06:09,419 [INFO] IPUIPlugin:80 - create IPUIPlugin
2023-08-24 23:06:09,419 [INFO] IPUIPlugin:80 - create IPUIPlugin
2023-08-24 23:06:09,419 [INFO] IPUIPlugin:80 - create IPUIPlugin
2023-08-24 23:06:09,419 [INFO] IPUIPlugin:80 - create IPUIPlugin
2023-08-24 23:06:09,419 [INFO] IPUIPlugin:80 - create IPUIPlugin
2023-08-24 23:06:09,419 [INFO] IPUIPlugin:80 - create IPUIPlugin
2023-08-24 23:06:09,419 [INFO] IPUIPlugin:80 - create IPUIPlugin
2023-08-24 23:06:09,420 [INFO] IPUIPlugin:80 - create IPUIPlugin
2023-08-24 23:06:09,420 [INFO] IPUIPlugin:80 - create IPUIPlugin
2023-08-24 23:06:09,420 [INFO] IPUIPlugin:80 - create IPUIPlugin
2023-08-24 23:06:09,420 [INFO] IPUIPlugin:80 - create IPUIPlugin
2023-08-24 23:06:09,420 [INFO] IPUIPlugin:80 - create IPUIPlugin
2023-08-24 23:06:09,421 [INFO] IPUIPlugin:80 - create IPUIPlugin
2023-08-24 23:06:09,421 [INFO] IPUIPlugin:80 - create IPUIPlugin
2023-08-24 23:06:09,421 [INFO] IPUIPlugin:80 - create IPUIPlugin
2023-08-24 23:06:09,422 [INFO] IPUIPlugin:80 - create IPUIPlugin
2023-08-24 23:06:09,422 [INFO] IPUIPlugin:80 - create IPUIPlugin
2023-08-24 23:06:09,422 [INFO] IPUIPlugin:80 - create IPUIPlugin
2023-08-24 23:06:09,422 [INFO] IPUIPlugin:80 - create IPUIPlugin
2023-08-24 23:06:09,423 [INFO] IPUIPlugin:80 - create IPUIPlugin
2023-08-24 23:06:09,423 [INFO] IPUIPlugin:80 - create IPUIPlugin
2023-08-24 23:06:09,424 [INFO] IPUIPlugin:80 - create IPUIPlugin
2023-08-24 23:06:09,424 [INFO] IPUIPlugin:80 - create IPUIPlugin
2023-08-24 23:06:09,424 [INFO] IPUIPlugin:80 - create IPUIPlugin
2023-08-24 23:06:09,424 [INFO] IPUIPlugin:80 - create IPUIPlugin
2023-08-24 23:06:09,425 [INFO] IPUIPlugin:80 - create IPUIPlugin
2023-08-24 23:06:09,425 [INFO] IPUIPlugin:80 - create IPUIPlugin
2023-08-24 23:06:09,425 [INFO] IPUIPlugin:80 - create IPUIPlugin
2023-08-24 23:06:09,425 [INFO] IPUIPlugin:80 - create IPUIPlugin
2023-08-24 23:06:09,425 [INFO] IPUIPlugin:80 - create IPUIPlugin
2023-08-24 23:06:09,426 [INFO] IPUIPlugin:80 - create IPUIPlugin
2023-08-24 23:06:09,426 [INFO] IPUIPlugin:80 - create IPUIPlugin
2023-08-24 23:06:09,426 [INFO] IPUIPlugin:80 - create IPUIPlugin
2023-08-24 23:06:09,426 [INFO] IPUIPlugin:80 - create IPUIPlugin
2023-08-24 23:06:09,426 [INFO] IPUIPlugin:80 - create IPUIPlugin
2023-08-24 23:06:09,426 [INFO] IPUIPlugin:80 - create IPUIPlugin
2023-08-24 23:06:09,427 [INFO] IPUIPlugin:80 - create IPUIPlugin
2023-08-24 23:06:09,427 [INFO] IPUIPlugin:80 - create IPUIPlugin
2023-08-24 23:06:09,427 [INFO] IPUIPlugin:80 - create IPUIPlugin
2023-08-24 23:06:09,427 [INFO] IPUIPlugin:80 - create IPUIPlugin
2023-08-24 23:06:09,427 [INFO] IPUIPlugin:80 - create IPUIPlugin
2023-08-24 23:06:09,427 [INFO] IPUIPlugin:80 - create IPUIPlugin
2023-08-24 23:06:09,428 [INFO] IPUIPlugin:80 - create IPUIPlugin
2023-08-24 23:06:09,428 [INFO] IPUIPlugin:80 - create IPUIPlugin
2023-08-24 23:06:09,428 [INFO] IPUIPlugin:80 - create IPUIPlugin
2023-08-24 23:06:09,428 [INFO] IPUIPlugin:80 - create IPUIPlugin
2023-08-24 23:06:09,428 [INFO] IPUIPlugin:80 - create IPUIPlugin
2023-08-24 23:06:09,429 [INFO] IPUIPlugin:80 - create IPUIPlugin
2023-08-24 23:06:09,429 [INFO] IPUIPlugin:80 - create IPUIPlugin
2023-08-24 23:06:09,429 [INFO] IPUIPlugin:80 - create IPUIPlugin
2023-08-24 23:06:09,430 [INFO] IPUIPlugin:80 - create IPUIPlugin
2023-08-24 23:06:09,430 [INFO] IPUIPlugin:80 - create IPUIPlugin
2023-08-24 23:06:09,430 [INFO] IPUIPlugin:80 - create IPUIPlugin
2023-08-24 23:06:09,431 [INFO] IPUIPlugin:80 - create IPUIPlugin
2023-08-24 23:06:09,431 [INFO] IPUIPlugin:80 - create IPUIPlugin
2023-08-24 23:06:09,432 [INFO] IPUIPlugin:80 - create IPUIPlugin
2023-08-24 23:06:09,432 [INFO] IPUIPlugin:80 - create IPUIPlugin
2023-08-24 23:06:09,433 [INFO] IPUIPlugin:80 - create IPUIPlugin
2023-08-24 23:06:09,433 [INFO] IPUIPlugin:80 - create IPUIPlugin
2023-08-24 23:06:09,434 [INFO] IPUIPlugin:80 - create IPUIPlugin
2023-08-24 23:06:09,434 [INFO] IPUIPlugin:80 - create IPUIPlugin
2023-08-24 23:06:09,434 [INFO] IPUIPlugin:80 - create IPUIPlugin
2023-08-24 23:06:09,435 [INFO] IPUIPlugin:80 - create IPUIPlugin
2023-08-24 23:06:09,514 [INFO] ApiDbMcu:507 - Load IP Config File for PDM2PCM
2023-08-24 23:06:09,650 [INFO] CADModel:165 - CPN selected for project levelSTM32F767ZIT6
2023-08-24 23:06:09,650 [INFO] CADModel:114 - Register for checkConnection events
2023-08-24 23:06:09,697 [INFO] OpenFileManager:328 - Restore cursor
2023-08-24 23:06:14,657 [INFO] ADCParametersView:116 -                Rank 1 : false
2023-08-24 23:06:14,773 [INFO] ADCParametersView:116 -                Rank 1 : false
2023-08-24 23:06:14,773 [INFO] ADCParametersView:116 -                Rank 1 : false
2023-08-24 23:06:14,773 [INFO] ADCParametersView:116 -                Rank 1 : false
2023-08-24 23:06:14,773 [INFO] ADCParametersView:116 -                Rank 1 : false
2023-08-24 23:06:14,774 [INFO] ADCParametersView:116 -                Rank 1 : false
2023-08-24 23:06:14,774 [INFO] ADCParametersView:116 -                Rank 1 : false
2023-08-24 23:06:14,774 [INFO] ADCParametersView:116 -                Rank 1 : false
2023-08-24 23:06:14,774 [INFO] ADCParametersView:116 -                Rank 1 : false
2023-08-24 23:06:14,774 [INFO] ADCParametersView:116 -                Rank 1 : false
2023-08-24 23:06:14,774 [INFO] ADCParametersView:116 -                Rank 1 : false
2023-08-24 23:06:14,774 [INFO] ADCParametersView:116 -                Rank 1 : false
2023-08-24 23:06:14,774 [INFO] ADCParametersView:116 -                Rank 1 : false
2023-08-24 23:06:14,774 [INFO] ADCParametersView:116 -                Rank 1 : false
2023-08-24 23:06:14,774 [INFO] ADCParametersView:116 -                Rank 1 : false
2023-08-24 23:06:14,819 [INFO] ADCParametersView:116 -                Rank 1 : false
2023-08-24 23:06:23,405 [INFO] NvicIntPanel:101 - NVIC parent = com.st.microxplorer.plugins.ip.nvic.MultiNvicIntPanel[,0,0,0x0,invalid,layout=javax.swing.BoxLayout,alignmentX=0.0,alignmentY=0.0,border=,flags=9,maximumSize=,minimumSize=,preferredSize=]
2023-08-24 23:06:23,470 [INFO] ADCParametersView:116 -                Rank 1 : false
2023-08-24 23:06:23,472 [INFO] ADCParametersView:116 -                Rank 1 : false
2023-08-24 23:06:23,472 [INFO] ADCParametersView:116 -                Rank 1 : false
2023-08-24 23:06:23,473 [INFO] ADCParametersView:116 -                Rank 1 : false
2023-08-24 23:06:23,473 [INFO] ADCParametersView:116 -                Rank 1 : false
2023-08-24 23:06:23,473 [INFO] ADCParametersView:116 -                Rank 1 : false
2023-08-24 23:06:23,473 [INFO] ADCParametersView:116 -                Rank 1 : false
2023-08-24 23:06:23,473 [INFO] ADCParametersView:116 -                Rank 1 : false
2023-08-24 23:06:23,473 [INFO] ADCParametersView:116 -                Rank 1 : false
2023-08-24 23:06:23,473 [INFO] ADCParametersView:116 -                Rank 1 : false
2023-08-24 23:06:23,473 [INFO] ADCParametersView:116 -                Rank 1 : false
2023-08-24 23:06:23,473 [INFO] ADCParametersView:116 -                Rank 1 : false
2023-08-24 23:06:23,473 [INFO] ADCParametersView:116 -                Rank 1 : false
2023-08-24 23:06:23,473 [INFO] ADCParametersView:116 -                Rank 1 : false
2023-08-24 23:06:23,508 [INFO] ADCParametersView:116 -                Rank 1 : false
2023-08-24 23:07:42,827 [INFO] ADCParametersView:116 -                Rank 1 : false
2023-08-24 23:07:42,829 [INFO] ADCParametersView:116 -                Rank 1 : false
2023-08-24 23:07:42,829 [INFO] ADCParametersView:116 -                Rank 1 : false
2023-08-24 23:07:42,829 [INFO] ADCParametersView:116 -                Rank 1 : false
2023-08-24 23:07:42,829 [INFO] ADCParametersView:116 -                Rank 1 : false
2023-08-24 23:07:42,829 [INFO] ADCParametersView:116 -                Rank 1 : false
2023-08-24 23:07:42,829 [INFO] ADCParametersView:116 -                Rank 1 : false
2023-08-24 23:07:42,829 [INFO] ADCParametersView:116 -                Rank 1 : false
2023-08-24 23:07:42,829 [INFO] ADCParametersView:116 -                Rank 1 : false
2023-08-24 23:07:42,829 [INFO] ADCParametersView:116 -                Rank 1 : false
2023-08-24 23:07:42,829 [INFO] ADCParametersView:116 -                Rank 1 : false
2023-08-24 23:07:42,829 [INFO] ADCParametersView:116 -                Rank 1 : false
2023-08-24 23:07:42,829 [INFO] ADCParametersView:116 -                Rank 1 : false
2023-08-24 23:07:42,829 [INFO] ADCParametersView:116 -                Rank 1 : false
2023-08-24 23:07:42,863 [INFO] ADCParametersView:116 -                Rank 1 : false
2023-08-24 23:07:42,910 [INFO] ADCParametersView:116 -                Rank 1 : false
2023-08-24 23:07:42,912 [INFO] ADCParametersView:116 -                Rank 1 : false
2023-08-24 23:07:42,912 [INFO] ADCParametersView:116 -                Rank 1 : false
2023-08-24 23:07:42,912 [INFO] ADCParametersView:116 -                Rank 1 : false
2023-08-24 23:07:42,912 [INFO] ADCParametersView:116 -                Rank 1 : false
2023-08-24 23:07:42,912 [INFO] ADCParametersView:116 -                Rank 1 : false
2023-08-24 23:07:42,912 [INFO] ADCParametersView:116 -                Rank 1 : false
2023-08-24 23:07:42,912 [INFO] ADCParametersView:116 -                Rank 1 : false
2023-08-24 23:07:42,912 [INFO] ADCParametersView:116 -                Rank 1 : false
2023-08-24 23:07:42,912 [INFO] ADCParametersView:116 -                Rank 1 : false
2023-08-24 23:07:42,912 [INFO] ADCParametersView:116 -                Rank 1 : false
2023-08-24 23:07:42,912 [INFO] ADCParametersView:116 -                Rank 1 : false
2023-08-24 23:07:42,912 [INFO] ADCParametersView:116 -                Rank 1 : false
2023-08-24 23:07:42,912 [INFO] ADCParametersView:116 -                Rank 1 : false
2023-08-24 23:07:42,952 [INFO] ADCParametersView:116 -                Rank 1 : false
2023-08-24 23:07:46,871 [INFO] UtilMem:75 - End SaveConfig() Used Memory: 582665176 Bytes (1073741824)
2023-08-24 23:08:00,321 [INFO] UtilMem:75 - End SaveConfig() Used Memory: 697990744 Bytes (1073741824)
2023-08-24 23:08:00,585 [INFO] BlockDiagram:2759 - set Specific Code input for plugin: SYS
2023-08-24 23:08:00,585 [INFO] BlockDiagram:2759 - set Specific Code input for plugin: ADC
2023-08-24 23:08:00,585 [INFO] BlockDiagram:2759 - set Specific Code input for plugin: RCC
2023-08-24 23:08:00,586 [INFO] BlockDiagram:2759 - set Specific Code input for plugin: USB_OTG_FS
2023-08-24 23:08:00,586 [INFO] BlockDiagram:2759 - set Specific Code input for plugin: NVIC
2023-08-24 23:08:00,586 [INFO] BlockDiagram:2759 - set Specific Code input for plugin: USART
2023-08-24 23:08:00,586 [INFO] BlockDiagram:2759 - set Specific Code input for plugin: GPIO
2023-08-24 23:08:00,586 [INFO] BlockDiagram:2759 - set Specific Code input for plugin: ETH
2023-08-24 23:08:00,587 [INFO] CodeGenerator:799 - code generatio: config db path: D:\Programs\STM32CubeIDE_1.13.1\STM32CubeIDE\plugins\com.st.stm32cube.common.mx_6.9.1.202307191849\\db\
2023-08-24 23:08:00,804 [INFO] CodeEngine:255 - oldGeneratedFile, D:\Workspace\STM32CubeIDE\workspace_1.13.1\first_project\MXTmpFiles\license.tmp_save
2023-08-24 23:08:01,034 [INFO] CodeEngine:279 - Generated code: D:\Workspace\STM32CubeIDE\workspace_1.13.1\first_project\MXTmpFiles\license.tmp
2023-08-24 23:08:01,119 [INFO] CodeEngine:255 - oldGeneratedFile, D:\Workspace\STM32CubeIDE\workspace_1.13.1\first_project\MXTmpFiles\gpio.tmp_save
2023-08-24 23:08:01,278 [INFO] CodeEngine:279 - Generated code: D:\Workspace\STM32CubeIDE\workspace_1.13.1\first_project\MXTmpFiles\gpio.tmp
2023-08-24 23:08:01,693 [WARN] IPConfigManager:2937 - Warning: the RefConfig PWREx_EnableUSBVoltageDetector is not available in your config.xml file
2023-08-24 23:08:01,713 [INFO] CodeEngine:255 - oldGeneratedFile, D:\Workspace\STM32CubeIDE\workspace_1.13.1\first_project\MXTmpFiles\cortex.tmp_save
2023-08-24 23:08:01,792 [INFO] CodeEngine:279 - Generated code: D:\Workspace\STM32CubeIDE\workspace_1.13.1\first_project\MXTmpFiles\cortex.tmp
2023-08-24 23:08:01,817 [INFO] CodeEngine:255 - oldGeneratedFile, D:\Workspace\STM32CubeIDE\workspace_1.13.1\first_project\Core\Src\stm32f7xx_it.c_save
2023-08-24 23:08:01,898 [INFO] CodeEngine:279 - Generated code: D:\Workspace\STM32CubeIDE\workspace_1.13.1\first_project\Core\Src\stm32f7xx_it.c
2023-08-24 23:08:01,906 [INFO] CodeEngine:255 - oldGeneratedFile, D:\Workspace\STM32CubeIDE\workspace_1.13.1\first_project\Core\Inc\stm32f7xx_it.h_save
2023-08-24 23:08:01,962 [INFO] CodeEngine:279 - Generated code: D:\Workspace\STM32CubeIDE\workspace_1.13.1\first_project\Core\Inc\stm32f7xx_it.h
2023-08-24 23:08:01,984 [INFO] CodeEngine:255 - oldGeneratedFile, D:\Workspace\STM32CubeIDE\workspace_1.13.1\first_project\Core\Src\stm32f7xx_hal_msp.c_save
2023-08-24 23:08:02,100 [INFO] CodeEngine:279 - Generated code: D:\Workspace\STM32CubeIDE\workspace_1.13.1\first_project\Core\Src\stm32f7xx_hal_msp.c
2023-08-24 23:08:02,108 [INFO] CodeEngine:255 - oldGeneratedFile, D:\Workspace\STM32CubeIDE\workspace_1.13.1\first_project\MXTmpFiles\system.tmp_save
2023-08-24 23:08:02,150 [INFO] CodeEngine:279 - Generated code: D:\Workspace\STM32CubeIDE\workspace_1.13.1\first_project\MXTmpFiles\system.tmp
2023-08-24 23:08:02,168 [INFO] CodeEngine:311 - oldGeneratedFile, D:\Workspace\STM32CubeIDE\workspace_1.13.1\first_project\Core\Inc\stm32f7xx_hal_conf.h_save
2023-08-24 23:08:02,245 [INFO] CodeEngine:335 - Generated code: D:\Workspace\STM32CubeIDE\workspace_1.13.1\first_project\Core\Inc\stm32f7xx_hal_conf.h
2023-08-24 23:08:02,277 [WARN] IPConfigManager:3431 - IP not found : USB_OTG
2023-08-24 23:08:02,278 [WARN] CodeGenerator:3760 - IP not found : null
2023-08-24 23:08:02,298 [INFO] CodeEngine:255 - oldGeneratedFile, D:\Workspace\STM32CubeIDE\workspace_1.13.1\first_project\Core\Inc\main.h_save
2023-08-24 23:08:02,371 [INFO] CodeEngine:279 - Generated code: D:\Workspace\STM32CubeIDE\workspace_1.13.1\first_project\Core\Inc\main.h
2023-08-24 23:08:02,389 [INFO] CodeEngine:255 - oldGeneratedFile, D:\Workspace\STM32CubeIDE\workspace_1.13.1\first_project\Core\Src\main.c_save
2023-08-24 23:08:02,512 [INFO] CodeEngine:279 - Generated code: D:\Workspace\STM32CubeIDE\workspace_1.13.1\first_project\Core\Src\main.c
2023-08-24 23:08:02,872 [INFO] ProjectBuilder:3064 - Time for Copy HAL[1] : 128mS.
2023-08-24 23:08:02,876 [INFO] ProjectBuilder:4404 - Project Generator version: 4.1.0
2023-08-24 23:08:02,990 [INFO] ConfigFileManager:1457 - The Die is : DIE451
2023-08-24 23:08:03,000 [INFO] ApiDbMcu:507 - Load IP Config File for FATFS
2023-08-24 23:08:03,008 [INFO] ApiDbMcu:507 - Load IP Config File for FREERTOS
2023-08-24 23:08:03,014 [INFO] ApiDbMcu:507 - Load IP Config File for LIBJPEG
2023-08-24 23:08:03,022 [INFO] ApiDbMcu:507 - Load IP Config File for LWIP
2023-08-24 23:08:03,030 [INFO] ApiDbMcu:507 - Load IP Config File for MBEDTLS
2023-08-24 23:08:03,039 [INFO] ApiDbMcu:507 - Load IP Config File for USB_DEVICE
2023-08-24 23:08:03,046 [INFO] ApiDbMcu:507 - Load IP Config File for USB_HOST
2023-08-24 23:08:03,727 [INFO] LogOutputStream:77 - [STDOUT_REDIRECT] 
2023-08-24 23:08:04,812 [INFO] ProjectBuilder:4626 - Time for Generating toolchain IDE Files: 1936mS.
2023-08-24 23:08:04,813 [INFO] ProjectBuilder:2935 - Time for Copy CMSIS : 0mS.
2023-08-24 23:08:04,814 [INFO] ProjectBuilder:2935 - Time for Copy CMSIS : 0mS.
