2023-09-11 23:23:21,586 [INFO] Activator:176 - 


2023-09-11 23:23:21,590 [INFO] Activator:177 - !SESSION log4j initialized
2023-09-11 23:23:28,048 [INFO] LogOutputStream:77 - [STDOUT_REDIRECT] 
2023-09-11 23:23:30,416 [INFO] ApplicationProperties:184 - Using Application install path: D:\Programs\STM32CubeIDE_1.13.1\STM32CubeIDE\plugins\com.st.stm32cube.common.mx_6.9.1.202307191849
2023-09-11 23:23:30,443 [INFO] DbMcusXml:78 - Set database path to: D:\Programs\STM32CubeIDE_1.13.1\STM32CubeIDE\plugins\com.st.stm32cube.common.mx_6.9.1.202307191849\\db\/mcu/
2023-09-11 23:23:30,444 [INFO] ApiDb:274 - Set plugin database path to: D:\Programs\STM32CubeIDE_1.13.1\STM32CubeIDE\plugins\com.st.stm32cube.common.mx_6.9.1.202307191849\\db\/plugins/boardmanager/
2023-09-11 23:23:30,444 [WARN] ApiDb:259 - Overriding images path with different value:  => D:\Programs\STM32CubeIDE_1.13.1\STM32CubeIDE\plugins\com.st.stm32cube.common.mx_6.9.1.202307191849\\db\/plugins/mcufinder/images/
2023-09-11 23:23:30,455 [INFO] ApiDb:250 - Set database path to: C:\Users\baris\.stmcufinder\plugins\mcufinder//mcu/
2023-09-11 23:23:30,456 [INFO] DbMcusAds:125 - Set database path to: C:\Users\baris\.stmcufinder\plugins\mcufinder//mcu/
2023-09-11 23:23:30,457 [INFO] CrossReferenceDbSqlite:203 - Set database path to: C:\Users\baris\.stmcufinder\plugins\mcufinder//mcu/cs/
2023-09-11 23:23:30,572 [INFO] RulesReader:64 - Compatibility file has been processed (293 Rules)
2023-09-11 23:23:49,065 [INFO] McuFinderGlobals:63 - Set McuFinder mode to 2 (CubeIDE integrated)
2023-09-11 23:24:33,811 [INFO] DbMcusXml:78 - Set database path to: D:\Programs\STM32CubeIDE_1.13.1\STM32CubeIDE\plugins\com.st.stm32cube.common.mx_6.9.1.202307191849\\db\/mcu/
2023-09-11 23:24:33,812 [INFO] ApiDb:274 - Set plugin database path to: D:\Programs\STM32CubeIDE_1.13.1\STM32CubeIDE\plugins\com.st.stm32cube.common.mx_6.9.1.202307191849\\db\/plugins/boardmanager/
2023-09-11 23:24:33,812 [INFO] ApiDb:261 - Set plugin images path to: D:\Programs\STM32CubeIDE_1.13.1\STM32CubeIDE\plugins\com.st.stm32cube.common.mx_6.9.1.202307191849\\db\/plugins/mcufinder/images/
2023-09-11 23:24:33,812 [WARN] DbFile:41 - Overriding database path with different value: C:\Users\baris\.stmcufinder\plugins\mcufinder/ => C:\Users\baris\.stmcufinder\plugins\mcufinder
2023-09-11 23:24:33,812 [INFO] ApiDb:250 - Set database path to: C:\Users\baris\.stmcufinder\plugins\mcufinder//mcu/
2023-09-11 23:24:33,812 [WARN] DbFile:41 - Overriding database path with different value: C:\Users\baris\.stmcufinder\plugins\mcufinder/ => C:\Users\baris\.stmcufinder\plugins\mcufinder
2023-09-11 23:24:33,814 [INFO] DbMcusAds:125 - Set database path to: C:\Users\baris\.stmcufinder\plugins\mcufinder//mcu/
2023-09-11 23:24:33,814 [WARN] DbFile:41 - Overriding database path with different value: C:\Users\baris\.stmcufinder\plugins\mcufinder/ => C:\Users\baris\.stmcufinder\plugins\mcufinder
2023-09-11 23:24:33,814 [WARN] DbFile:41 - Overriding database path with different value: C:\Users\baris\.stmcufinder\plugins\mcufinder/ => C:\Users\baris\.stmcufinder\plugins\mcufinder
2023-09-11 23:24:33,826 [INFO] CrossReferenceDbSqlite:203 - Set database path to: C:\Users\baris\.stmcufinder\plugins\mcufinder//mcu/cs/
2023-09-11 23:24:33,915 [INFO] MainPanel:262 - HeapMemory: 268435456
2023-09-11 23:24:34,018 [INFO] DbMcusXml:78 - Set database path to: D:\Programs\STM32CubeIDE_1.13.1\STM32CubeIDE\plugins\com.st.stm32cube.common.mx_6.9.1.202307191849\\db\/mcu/
2023-09-11 23:24:34,019 [INFO] ApiDb:274 - Set plugin database path to: D:\Programs\STM32CubeIDE_1.13.1\STM32CubeIDE\plugins\com.st.stm32cube.common.mx_6.9.1.202307191849\\db\/plugins/boardmanager/
2023-09-11 23:24:34,019 [INFO] ApiDb:261 - Set plugin images path to: D:\Programs\STM32CubeIDE_1.13.1\STM32CubeIDE\plugins\com.st.stm32cube.common.mx_6.9.1.202307191849\\db\/plugins/mcufinder/images/
2023-09-11 23:24:34,019 [WARN] DbFile:41 - Overriding database path with different value: C:\Users\baris\.stmcufinder\plugins\mcufinder/ => C:\Users\baris\.stmcufinder\plugins\mcufinder
2023-09-11 23:24:34,019 [INFO] ApiDb:250 - Set database path to: C:\Users\baris\.stmcufinder\plugins\mcufinder//mcu/
2023-09-11 23:24:34,019 [WARN] DbFile:41 - Overriding database path with different value: C:\Users\baris\.stmcufinder\plugins\mcufinder/ => C:\Users\baris\.stmcufinder\plugins\mcufinder
2023-09-11 23:24:34,019 [INFO] DbMcusAds:125 - Set database path to: C:\Users\baris\.stmcufinder\plugins\mcufinder//mcu/
2023-09-11 23:24:34,020 [WARN] DbFile:41 - Overriding database path with different value: C:\Users\baris\.stmcufinder\plugins\mcufinder/ => C:\Users\baris\.stmcufinder\plugins\mcufinder
2023-09-11 23:24:34,020 [WARN] DbFile:41 - Overriding database path with different value: C:\Users\baris\.stmcufinder\plugins\mcufinder/ => C:\Users\baris\.stmcufinder\plugins\mcufinder
2023-09-11 23:24:34,020 [INFO] CrossReferenceDbSqlite:203 - Set database path to: C:\Users\baris\.stmcufinder\plugins\mcufinder//mcu/cs/
2023-09-11 23:24:34,043 [INFO] ApplicationProperties:184 - Using Application install path: D:\Programs\STM32CubeIDE_1.13.1\STM32CubeIDE\plugins\com.st.stm32cube.common.mx_6.9.1.202307191849
2023-09-11 23:24:34,044 [INFO] PluginManage:196 - Search for loadable plugins [exclusion list=, ]
2023-09-11 23:24:34,045 [INFO] PluginManage:310 - Check plugin analytics
2023-09-11 23:24:34,247 [INFO] AnalyticsPlugin:253 - Accepted Software Licenses: 
2023-09-11 23:24:34,247 [INFO] AnalyticsPlugin:255 - Accepted CMSIS Pack Licenses: 
2023-09-11 23:24:34,248 [INFO] AnalyticsPlugin:257 - Accepted Firmware Licenses: FW.F4.1.27.0,FW.F7.1.17.0
2023-09-11 23:24:34,253 [INFO] PluginManage:359 - Loaded plugin analytics (category:tool,tabindex:-1)
2023-09-11 23:24:34,255 [INFO] PluginManage:310 - Check plugin cadmodel
2023-09-11 23:24:34,273 [INFO] CADModel:105 - Init CAD model plugin
2023-09-11 23:24:34,273 [INFO] PluginManage:359 - Loaded plugin cadmodel (category:power,tabindex:5)
2023-09-11 23:24:34,273 [INFO] PluginManage:310 - Check plugin clock
2023-09-11 23:24:34,295 [INFO] PluginManage:359 - Loaded plugin clock (category:base,tabindex:2)
2023-09-11 23:24:34,296 [INFO] PluginManage:310 - Check plugin ddr
2023-09-11 23:24:34,298 [INFO] PluginManage:359 - Loaded plugin ddr (category:tool,tabindex:6)
2023-09-11 23:24:34,298 [INFO] PluginManage:310 - Check plugin filemanager
2023-09-11 23:24:34,462 [INFO] PluginManage:359 - Loaded plugin filemanager (category:base,tabindex:10)
2023-09-11 23:24:34,462 [INFO] PluginManage:310 - Check plugin ipmanager
2023-09-11 23:24:34,471 [INFO] PluginManage:359 - Loaded plugin ipmanager (category:base,tabindex:5)
2023-09-11 23:24:34,471 [INFO] PluginManage:310 - Check plugin lpbam
2023-09-11 23:24:34,493 [INFO] PluginManage:359 - Loaded plugin lpbam (category:base,tabindex:0)
2023-09-11 23:24:34,493 [INFO] PluginManage:310 - Check plugin memorymap
2023-09-11 23:24:34,520 [INFO] PluginManage:359 - Loaded plugin memorymap (category:base,tabindex:4)
2023-09-11 23:24:34,520 [INFO] PluginManage:310 - Check plugin pinoutandconfiguration
2023-09-11 23:24:34,536 [INFO] PluginManage:359 - Loaded plugin pinoutandconfiguration (category:base,tabindex:1)
2023-09-11 23:24:34,536 [INFO] PluginManage:310 - Check plugin pinoutconfig
2023-09-11 23:24:34,637 [WARN] SupportedApi:132 - Cannot load RTOS API schema: s4s-elt-must-match.1: The content of 'definitions' must match (annotation?, (simpleType | complexType)?, (unique | key | keyref)*)). A problem was found starting at: attribute.
2023-09-11 23:24:34,791 [INFO] PluginManage:359 - Loaded plugin pinoutconfig (category:base,tabindex:0)
2023-09-11 23:24:34,791 [INFO] PluginManage:310 - Check plugin power
2023-09-11 23:24:34,820 [INFO] PluginManage:359 - Loaded plugin power (category:power,tabindex:4)
2023-09-11 23:24:34,820 [INFO] PluginManage:310 - Check plugin projectmanager
2023-09-11 23:24:34,845 [INFO] PluginManage:359 - Loaded plugin projectmanager (category:projectmanager,tabindex:3)
2023-09-11 23:24:34,845 [INFO] PluginManage:310 - Check plugin thirdparty
2023-09-11 23:24:35,126 [INFO] PluginManage:359 - Loaded plugin thirdparty (category:base,tabindex:-1)
2023-09-11 23:24:35,126 [WARN] IntegrityCheckThread:84 - waiting for thirdparty lock release [integrity check]
2023-09-11 23:24:35,128 [INFO] PluginManage:310 - Check plugin tools
2023-09-11 23:24:35,128 [INFO] IntegrityCheckThread:86 - entering critical section [integrity check]
2023-09-11 23:24:35,128 [INFO] ThirdPartyUpdaterWithRetryManager:70 - Updater plugin not ready yet. [1/15]
2023-09-11 23:24:35,153 [INFO] PluginManage:359 - Loaded plugin tools (category:base,tabindex:7)
2023-09-11 23:24:35,153 [INFO] PluginManage:310 - Check plugin tutovideos
2023-09-11 23:24:35,336 [INFO] PluginManage:359 - Loaded plugin tutovideos (category:base,tabindex:-1)
2023-09-11 23:24:35,336 [INFO] PluginManage:310 - Check plugin updater
2023-09-11 23:24:35,349 [INFO] PluginManage:359 - Loaded plugin updater (category:base,tabindex:12)
2023-09-11 23:24:35,349 [INFO] PluginManage:310 - Check plugin userauth
2023-09-11 23:24:35,356 [INFO] UserAuth:113 - Init User Auth plugin
2023-09-11 23:24:35,356 [INFO] PluginManage:359 - Loaded plugin userauth (category:base,tabindex:14)
2023-09-11 23:24:35,357 [INFO] PluginManage:283 - PluginManage : Loaded plugins [17]
2023-09-11 23:24:35,622 [INFO] PinOutPanel:1499 - setPackage(No Configuration,No Configuration)
2023-09-11 23:24:35,746 [INFO] CADModel:165 - CPN selected for project level
2023-09-11 23:24:35,747 [INFO] CADModel:114 - Register for checkConnection events
2023-09-11 23:24:35,773 [INFO] IPUIPlugin:80 - create IPUIPlugin
2023-09-11 23:24:35,773 [INFO] PluginManager:220 - loadIPPluginJar : add adc
2023-09-11 23:24:35,806 [INFO] IPUIPlugin:80 - create IPUIPlugin
2023-09-11 23:24:35,806 [INFO] PluginManager:220 - loadIPPluginJar : add aes
2023-09-11 23:24:35,846 [INFO] IPUIPlugin:80 - create IPUIPlugin
2023-09-11 23:24:35,846 [INFO] PluginManager:220 - loadIPPluginJar : add can
2023-09-11 23:24:35,865 [INFO] IPUIPlugin:80 - create IPUIPlugin
2023-09-11 23:24:35,865 [INFO] PluginManager:220 - loadIPPluginJar : add comp
2023-09-11 23:24:35,888 [INFO] IPUIPlugin:80 - create IPUIPlugin
2023-09-11 23:24:35,888 [INFO] PluginManager:220 - loadIPPluginJar : add cryp
2023-09-11 23:24:35,907 [INFO] IPUIPlugin:80 - create IPUIPlugin
2023-09-11 23:24:35,907 [INFO] PluginManager:220 - loadIPPluginJar : add dfsdm
2023-09-11 23:24:35,919 [INFO] IPUIPlugin:80 - create IPUIPlugin
2023-09-11 23:24:35,919 [INFO] PluginManager:220 - loadIPPluginJar : add dma
2023-09-11 23:24:35,951 [INFO] IPUIPlugin:80 - create IPUIPlugin
2023-09-11 23:24:35,952 [INFO] PluginManager:220 - loadIPPluginJar : add dma3
2023-09-11 23:24:35,966 [INFO] IPUIPlugin:80 - create IPUIPlugin
2023-09-11 23:24:35,966 [INFO] PluginManager:220 - loadIPPluginJar : add fatfs
2023-09-11 23:24:36,010 [INFO] IPUIPlugin:80 - create IPUIPlugin
2023-09-11 23:24:36,010 [INFO] PluginManager:220 - loadIPPluginJar : add fmc
2023-09-11 23:24:36,024 [INFO] IPUIPlugin:80 - create IPUIPlugin
2023-09-11 23:24:36,024 [INFO] PluginManager:220 - loadIPPluginJar : add freertos
2023-09-11 23:24:36,039 [INFO] IPUIPlugin:80 - create IPUIPlugin
2023-09-11 23:24:36,040 [INFO] PluginManager:220 - loadIPPluginJar : add genericplugin
2023-09-11 23:24:36,104 [INFO] IPUIPlugin:80 - create IPUIPlugin
2023-09-11 23:24:36,104 [INFO] PluginManager:220 - loadIPPluginJar : add gfxmmu
2023-09-11 23:24:36,195 [INFO] IPUIPlugin:80 - create IPUIPlugin
2023-09-11 23:24:36,195 [INFO] PluginManager:220 - loadIPPluginJar : add gic
2023-09-11 23:24:36,205 [INFO] IPUIPlugin:80 - create IPUIPlugin
2023-09-11 23:24:36,205 [INFO] PluginManager:220 - loadIPPluginJar : add gpio
2023-09-11 23:24:36,268 [INFO] IPUIPlugin:80 - create IPUIPlugin
2023-09-11 23:24:36,268 [INFO] PluginManager:220 - loadIPPluginJar : add gtzc
2023-09-11 23:24:36,297 [INFO] IPUIPlugin:80 - create IPUIPlugin
2023-09-11 23:24:36,298 [INFO] PluginManager:220 - loadIPPluginJar : add hash
2023-09-11 23:24:36,333 [INFO] IPUIPlugin:80 - create IPUIPlugin
2023-09-11 23:24:36,333 [INFO] PluginManager:220 - loadIPPluginJar : add i2c
2023-09-11 23:24:36,361 [INFO] IPUIPlugin:80 - create IPUIPlugin
2023-09-11 23:24:36,361 [INFO] PluginManager:220 - loadIPPluginJar : add i2s
2023-09-11 23:24:36,389 [INFO] IPUIPlugin:80 - create IPUIPlugin
2023-09-11 23:24:36,389 [INFO] PluginManager:220 - loadIPPluginJar : add i3c
2023-09-11 23:24:36,468 [INFO] IPUIPlugin:80 - create IPUIPlugin
2023-09-11 23:24:36,468 [INFO] PluginManager:220 - loadIPPluginJar : add ipddr
2023-09-11 23:24:36,542 [INFO] IPUIPlugin:80 - create IPUIPlugin
2023-09-11 23:24:36,542 [INFO] PluginManager:220 - loadIPPluginJar : add linkedlist
2023-09-11 23:24:36,590 [INFO] IPUIPlugin:80 - create IPUIPlugin
2023-09-11 23:24:36,590 [INFO] PluginManager:220 - loadIPPluginJar : add lorawan
2023-09-11 23:24:36,618 [INFO] IPUIPlugin:80 - create IPUIPlugin
2023-09-11 23:24:36,618 [INFO] PluginManager:220 - loadIPPluginJar : add ltdc
2023-09-11 23:24:36,630 [INFO] IPUIPlugin:80 - create IPUIPlugin
2023-09-11 23:24:36,631 [INFO] PluginManager:220 - loadIPPluginJar : add mdma
2023-09-11 23:24:36,644 [INFO] IPUIPlugin:80 - create IPUIPlugin
2023-09-11 23:24:36,644 [INFO] PluginManager:220 - loadIPPluginJar : add nvic
2023-09-11 23:24:36,669 [INFO] IPUIPlugin:80 - create IPUIPlugin
2023-09-11 23:24:36,669 [INFO] PluginManager:220 - loadIPPluginJar : add opamp
2023-09-11 23:24:36,708 [INFO] IPUIPlugin:80 - create IPUIPlugin
2023-09-11 23:24:36,708 [INFO] PluginManager:220 - loadIPPluginJar : add openamp
2023-09-11 23:24:36,736 [INFO] IPUIPlugin:80 - create IPUIPlugin
2023-09-11 23:24:36,736 [INFO] PluginManager:220 - loadIPPluginJar : add pdm2pcm
2023-09-11 23:24:36,748 [INFO] IPUIPlugin:80 - create IPUIPlugin
2023-09-11 23:24:36,750 [INFO] PluginManager:220 - loadIPPluginJar : add plateformsettings
2023-09-11 23:24:36,764 [INFO] IPUIPlugin:80 - create IPUIPlugin
2023-09-11 23:24:36,764 [INFO] PluginManager:220 - loadIPPluginJar : add quadspi
2023-09-11 23:24:36,772 [INFO] IPUIPlugin:80 - create IPUIPlugin
2023-09-11 23:24:36,772 [INFO] PluginManager:220 - loadIPPluginJar : add resmgrutility
2023-09-11 23:24:36,820 [INFO] IPUIPlugin:80 - create IPUIPlugin
2023-09-11 23:24:36,820 [INFO] PluginManager:220 - loadIPPluginJar : add sai
2023-09-11 23:24:36,849 [INFO] IPUIPlugin:80 - create IPUIPlugin
2023-09-11 23:24:36,849 [INFO] PluginManager:220 - loadIPPluginJar : add spi
2023-09-11 23:24:36,894 [INFO] IPUIPlugin:80 - create IPUIPlugin
2023-09-11 23:24:36,894 [INFO] PluginManager:220 - loadIPPluginJar : add stm32_wpan
2023-09-11 23:24:36,912 [INFO] IPUIPlugin:80 - create IPUIPlugin
2023-09-11 23:24:36,912 [INFO] PluginManager:220 - loadIPPluginJar : add tim
2023-09-11 23:24:36,947 [INFO] IPUIPlugin:80 - create IPUIPlugin
2023-09-11 23:24:36,948 [INFO] PluginManager:220 - loadIPPluginJar : add touchsensing
2023-09-11 23:24:36,962 [INFO] IPUIPlugin:80 - create IPUIPlugin
2023-09-11 23:24:36,962 [INFO] PluginManager:220 - loadIPPluginJar : add tracer_emb
2023-09-11 23:24:36,990 [INFO] IPUIPlugin:80 - create IPUIPlugin
2023-09-11 23:24:36,990 [INFO] PluginManager:220 - loadIPPluginJar : add ts
2023-09-11 23:24:37,008 [INFO] IPUIPlugin:80 - create IPUIPlugin
2023-09-11 23:24:37,008 [INFO] PluginManager:220 - loadIPPluginJar : add tsc
2023-09-11 23:24:37,022 [INFO] IPUIPlugin:80 - create IPUIPlugin
2023-09-11 23:24:37,022 [INFO] PluginManager:220 - loadIPPluginJar : add ucpd
2023-09-11 23:24:37,059 [INFO] IPUIPlugin:80 - create IPUIPlugin
2023-09-11 23:24:37,059 [INFO] PluginManager:220 - loadIPPluginJar : add usart
2023-09-11 23:24:37,090 [INFO] IPUIPlugin:80 - create IPUIPlugin
2023-09-11 23:24:37,090 [INFO] PluginManager:220 - loadIPPluginJar : add usbx
2023-09-11 23:24:37,234 [INFO] CADModel:165 - CPN selected for project level
2023-09-11 23:24:37,234 [INFO] CADModel:114 - Register for checkConnection events
2023-09-11 23:24:37,234 [FATAL] Updater:308 - Updater called before beeing initialized
2023-09-11 23:24:37,235 [ERROR] CADModel:125 - Updater not yet initialized, retry later 
2023-09-11 23:24:37,417 [INFO] CADModel:165 - CPN selected for project level
2023-09-11 23:24:37,417 [INFO] CADModel:114 - Register for checkConnection events
2023-09-11 23:24:37,417 [FATAL] Updater:308 - Updater called before beeing initialized
2023-09-11 23:24:37,418 [ERROR] CADModel:125 - Updater not yet initialized, retry later 
2023-09-11 23:24:37,421 [FATAL] Updater:308 - Updater called before beeing initialized
2023-09-11 23:24:37,555 [FATAL] Updater:308 - Updater called before beeing initialized
2023-09-11 23:24:37,570 [INFO] DbMcusAds:53 - JSON generation date=Tue Mar 07 11:50:55 TRT 2023 (1678179055114)
2023-09-11 23:24:37,570 [FATAL] Updater:308 - Updater called before beeing initialized
2023-09-11 23:24:37,643 [WARN] DetailPanel:346 - Failed to get advertising image, set to default
2023-09-11 23:24:37,727 [FATAL] Updater:308 - Updater called before beeing initialized
2023-09-11 23:24:37,730 [FATAL] Updater:308 - Updater called before beeing initialized
2023-09-11 23:24:37,730 [FATAL] Updater:308 - Updater called before beeing initialized
2023-09-11 23:24:37,730 [WARN] DetailPanel:346 - Failed to get advertising image, set to default
2023-09-11 23:24:37,731 [FATAL] Updater:308 - Updater called before beeing initialized
2023-09-11 23:24:37,806 [ERROR] Updater:1120 - MainUpdater not yet initialized. External WinMGr cannot be set.
2023-09-11 23:24:37,816 [INFO] Updater:1056 - Updater Version found : 6.9.1
2023-09-11 23:24:37,835 [INFO] ApplicationProperties:184 - Using Application install path: D:\Programs\STM32CubeIDE_1.13.1\STM32CubeIDE\plugins\com.st.stm32cube.common.mx_6.9.1.202307191849
2023-09-11 23:24:38,021 [INFO] MainUpdater:2868 - connection check result : 10
2023-09-11 23:24:38,022 [INFO] MainUpdater:285 - Updater Check For Update Now.
2023-09-11 23:24:38,022 [INFO] MicroXplorer:498 - Change Database Version : DB.6.0.91
2023-09-11 23:24:38,041 [INFO] McuFinderGlobals:63 - Set McuFinder mode to 2 (CubeIDE integrated)
2023-09-11 23:24:38,129 [WARN] MainUpdater:1189 - Updater busy. Cannot search thirdparties
2023-09-11 23:24:38,129 [INFO] ThirdPartyUpdaterWithRetryManager:96 - Updater plugin is busy. [1/15]
2023-09-11 23:24:38,279 [INFO] CheckServerUpdateThread:120 - End of CheckServer Thread
2023-09-11 23:24:38,459 [INFO] MainUpdater:2868 - connection check result : 10
2023-09-11 23:24:38,470 [INFO] MainUpdater:2868 - connection check result : 10
2023-09-11 23:24:38,663 [INFO] MicroXplorer:468 - Change Database Path : 
2023-09-11 23:24:38,663 [INFO] MicroXplorer:498 - Change Database Version : DB.6.0.91
2023-09-11 23:24:38,667 [WARN] ThirdParty:871 - waiting for thirdparty lock release [close project]
2023-09-11 23:24:41,335 [WARN] PackLoader:240 - Cannot read IP mode file for STMicroelectronics.X-CUBE-SMBUS.2.1.0
2023-09-11 23:24:41,392 [WARN] PackLoader:240 - Cannot read IP mode file for STMicroelectronics.X-CUBE-AZRTOS-F7.1.1.0
2023-09-11 23:24:41,419 [WARN] PackLoader:240 - Cannot read IP mode file for STMicroelectronics.FP-SNS-MOTENV1.4.3.2
2023-09-11 23:24:41,450 [WARN] PackLoader:240 - Cannot read IP mode file for STMicroelectronics.X-CUBE-BLE1.6.2.4
2023-09-11 23:24:41,467 [WARN] PackLoader:240 - Cannot read IP mode file for STMicroelectronics.FP-SNS-FLIGHT1.5.0.2
2023-09-11 23:24:41,487 [WARN] PackLoader:240 - Cannot read IP mode file for STMicroelectronics.X-CUBE-DISPLAY.3.0.0
2023-09-11 23:24:41,505 [WARN] PackLoader:240 - Cannot read IP mode file for STMicroelectronics.X-CUBE-BLE1.7.0.0
2023-09-11 23:24:41,523 [WARN] PackLoader:240 - Cannot read IP mode file for STMicroelectronics.X-CUBE-TOUCHGFX.4.22.0
2023-09-11 23:24:41,535 [WARN] PackLoader:240 - Cannot read IP mode file for STMicroelectronics.FP-SNS-SMARTAG2.1.2.0
2023-09-11 23:24:41,560 [INFO] LogOutputStream:77 - [STDOUT_REDIRECT] 1 : Invalid condition id : UX_CORESTACK_Condition cause : null
2023-09-11 23:24:41,561 [INFO] LogOutputStream:77 - [STDOUT_REDIRECT] 1 : Invalid condition id : UX_CORESTACK_Condition cause : null
2023-09-11 23:24:41,563 [INFO] LogOutputStream:77 - [STDOUT_REDIRECT] 1 : Invalid condition id : UX_CORESTACK_Condition cause : null
2023-09-11 23:24:41,564 [INFO] LogOutputStream:77 - [STDOUT_REDIRECT] 1 : Invalid condition id : UX_CORESTACK_Condition cause : null
2023-09-11 23:24:41,566 [INFO] LogOutputStream:77 - [STDOUT_REDIRECT] 1 : Invalid condition id : UX_CORESTACK_Condition cause : null
2023-09-11 23:24:41,568 [WARN] PackLoader:240 - Cannot read IP mode file for STMicroelectronics.X-CUBE-AZRTOS-WL.2.0.0
2023-09-11 23:24:41,587 [WARN] PackLoader:240 - Cannot read IP mode file for WES.I-CUBE-Cesium.1.3.0
2023-09-11 23:24:41,601 [WARN] PackLoader:240 - Cannot read IP mode file for STMicroelectronics.X-CUBE-BLE2.3.3.0
2023-09-11 23:24:41,612 [WARN] PackLoader:240 - Cannot read IP mode file for STMicroelectronics.X-CUBE-TOUCHGFX.4.21.3
2023-09-11 23:24:41,626 [WARN] PackLoader:240 - Cannot read IP mode file for STMicroelectronics.X-CUBE-ALGOBUILD.1.3.0
2023-09-11 23:24:41,682 [WARN] PackLoader:240 - Cannot read IP mode file for STMicroelectronics.X-CUBE-AZRTOS-G0.1.1.0
2023-09-11 23:24:41,702 [WARN] PackLoader:240 - Cannot read IP mode file for STMicroelectronics.X-CUBE-NFC4.3.0.0
2023-09-11 23:24:41,716 [WARN] PackLoader:240 - Cannot read IP mode file for STMicroelectronics.FP-ATR-SIGFOX1.3.2.0
2023-09-11 23:24:41,769 [WARN] PackLoader:240 - Cannot read IP mode file for STMicroelectronics.X-CUBE-MEMS1.9.5.0
2023-09-11 23:24:42,041 [WARN] PackLoader:240 - Cannot read IP mode file for SEGGER.I-CUBE-embOS.1.3.1
2023-09-11 23:24:42,094 [WARN] PackLoader:240 - Cannot read IP mode file for STMicroelectronics.X-CUBE-GNSS1.6.0.0
2023-09-11 23:24:42,138 [WARN] PackLoader:240 - Cannot read IP mode file for STMicroelectronics.X-CUBE-AZRTOS-F4.1.1.0
2023-09-11 23:24:42,157 [WARN] PackLoader:240 - Cannot read IP mode file for wolfSSL.I-CUBE-wolfSSL.5.6.0
2023-09-11 23:24:42,196 [WARN] PackLoader:240 - Cannot read IP mode file for STMicroelectronics.X-CUBE-AZRTOS-L5.2.0.0
2023-09-11 23:24:42,253 [WARN] PackLoader:240 - Cannot read IP mode file for STMicroelectronics.X-CUBE-MEMS1.9.6.0
2023-09-11 23:24:42,395 [WARN] PackLoader:240 - Cannot read IP mode file for emotas.I-CUBE-CANOPEN.1.1.3
2023-09-11 23:24:42,414 [WARN] PackLoader:240 - Cannot read IP mode file for STMicroelectronics.X-CUBE-BLEMGR.2.0.0
2023-09-11 23:24:42,454 [WARN] ConditionMgr:438 - getConditionDescription Invalid condition id : UX DEVICE CLASS RTOS Condition cause : null
2023-09-11 23:24:42,454 [WARN] ConditionMgr:438 - getConditionDescription Invalid condition id : UX DEVICE CLASS RTOS Condition cause : null
2023-09-11 23:24:42,458 [WARN] PackLoader:240 - Cannot read IP mode file for STMicroelectronics.X-CUBE-AZRTOS-H7.3.1.0
2023-09-11 23:24:42,460 [WARN] ConditionMgr:1039 - genDependencies : Invalid condition id : UX DEVICE CLASS RTOS Condition cause : null
2023-09-11 23:24:42,460 [WARN] ConditionMgr:1039 - genDependencies : Invalid condition id : UX DEVICE CLASS RTOS Condition cause : null
2023-09-11 23:24:42,461 [WARN] ConditionMgr:1039 - genDependencies : Invalid condition id : UX DEVICE CLASS RTOS Condition cause : null
2023-09-11 23:24:42,461 [WARN] ConditionMgr:1039 - genDependencies : Invalid condition id : UX DEVICE CLASS RTOS Condition cause : null
2023-09-11 23:24:42,462 [WARN] ConditionMgr:1039 - genDependencies : Invalid condition id : UX DEVICE CLASS RTOS Condition cause : null
2023-09-11 23:24:42,481 [WARN] PackLoader:240 - Cannot read IP mode file for STMicroelectronics.X-CUBE-NFC7.1.0.1
2023-09-11 23:24:42,498 [WARN] PackLoader:240 - Cannot read IP mode file for STMicroelectronics.X-CUBE-NFC7.1.0.0
2023-09-11 23:24:42,525 [WARN] PackLoader:240 - Cannot read IP mode file for STMicroelectronics.X-CUBE-NFC6.3.0.0
2023-09-11 23:24:42,546 [WARN] PackLoader:240 - Cannot read IP mode file for STMicroelectronics.X-CUBE-EEPRMA1.4.1.0
2023-09-11 23:24:42,562 [WARN] PackLoader:240 - Cannot read IP mode file for STMicroelectronics.X-CUBE-AI.8.1.0
2023-09-11 23:24:42,597 [WARN] ConditionMgr:438 - getConditionDescription Invalid condition id : LAN8742 Phy interface Condition cause : null
2023-09-11 23:24:42,598 [WARN] PackLoader:240 - Cannot read IP mode file for STMicroelectronics.X-CUBE-AZRTOS-L4.2.0.0
2023-09-11 23:24:42,600 [WARN] ConditionMgr:1039 - genDependencies : Invalid condition id : LAN8742 Phy interface Condition cause : null
2023-09-11 23:24:42,600 [WARN] ConditionMgr:1039 - genDependencies : Invalid condition id : LAN8742 Phy interface Condition cause : null
2023-09-11 23:24:42,601 [WARN] ConditionMgr:1039 - genDependencies : Invalid condition id : LAN8742 Phy interface Condition cause : null
2023-09-11 23:24:42,616 [WARN] PackLoader:240 - Cannot read IP mode file for STMicroelectronics.X-CUBE-SFXS2LP1.4.0.0
2023-09-11 23:24:42,631 [WARN] PackLoader:240 - Cannot read IP mode file for STMicroelectronics.X-CUBE-ISPU.1.1.0
2023-09-11 23:24:42,643 [WARN] PackLoader:240 - Cannot read IP mode file for STMicroelectronics.X-CUBE-AI.8.0.0
2023-09-11 23:24:42,673 [WARN] ConditionMgr:438 - getConditionDescription Invalid condition id : UX DEVICE CLASS RTOS Condition cause : null
2023-09-11 23:24:42,673 [WARN] ConditionMgr:438 - getConditionDescription Invalid condition id : UX DEVICE CLASS RTOS Condition cause : null
2023-09-11 23:24:42,675 [WARN] PackLoader:240 - Cannot read IP mode file for STMicroelectronics.X-CUBE-AZRTOS-WB.2.0.0
2023-09-11 23:24:42,676 [WARN] ConditionMgr:1039 - genDependencies : Invalid condition id : UX DEVICE CLASS RTOS Condition cause : null
2023-09-11 23:24:42,676 [WARN] ConditionMgr:1039 - genDependencies : Invalid condition id : UX DEVICE CLASS RTOS Condition cause : null
2023-09-11 23:24:42,677 [WARN] ConditionMgr:1039 - genDependencies : Invalid condition id : UX DEVICE CLASS RTOS Condition cause : null
2023-09-11 23:24:42,677 [WARN] ConditionMgr:1039 - genDependencies : Invalid condition id : UX DEVICE CLASS RTOS Condition cause : null
2023-09-11 23:24:42,677 [WARN] ConditionMgr:1039 - genDependencies : Invalid condition id : UX DEVICE CLASS RTOS Condition cause : null
2023-09-11 23:24:42,694 [WARN] PackLoader:240 - Cannot read IP mode file for STMicroelectronics.X-CUBE-FREERTOS.1.0.1
2023-09-11 23:24:42,725 [WARN] PackLoader:240 - Cannot read IP mode file for STMicroelectronics.X-CUBE-AZRTOS-L5.1.1.0
2023-09-11 23:24:42,751 [WARN] PackLoader:240 - Cannot read IP mode file for STMicroelectronics.X-CUBE-SUBG2.5.0.0
2023-09-11 23:24:42,772 [WARN] PackLoader:240 - Cannot read IP mode file for STMicroelectronics.X-CUBE-TOF1.3.3.1
2023-09-11 23:24:42,801 [WARN] PackLoader:240 - Cannot read IP mode file for STMicroelectronics.X-CUBE-AZRTOS-G4.2.0.0
2023-09-11 23:24:42,821 [WARN] PackLoader:240 - Cannot read IP mode file for STMicroelectronics.X-CUBE-TOF1.3.3.0
2023-09-11 23:24:42,854 [WARN] PackLoader:240 - Cannot read IP mode file for STMicroelectronics.X-CUBE-AZRTOS-G4.1.0.0
2023-09-11 23:24:42,885 [WARN] PackLoader:240 - Cannot read IP mode file for STMicroelectronics.X-CUBE-AZRTOS-L4.1.0.0
2023-09-11 23:24:42,903 [WARN] PackLoader:240 - Cannot read IP mode file for STMicroelectronics.X-CUBE-FREERTOS.1.1.0
2023-09-11 23:24:42,924 [WARN] PackLoader:240 - Cannot read IP mode file for STMicroelectronics.X-CUBE-AZRTOS-WL.1.0.0
2023-09-11 23:24:42,938 [WARN] PackLoader:240 - Cannot read IP mode file for portGmbH.I-Cube-SoM-uGOAL.1.1.0
2023-09-11 23:24:42,951 [WARN] PackLoader:240 - Cannot read IP mode file for STMicroelectronics.X-CUBE-ALS.1.0.1
2023-09-11 23:24:42,976 [WARN] PackLoader:240 - Cannot read IP mode file for STMicroelectronics.X-CUBE-AZRTOS-WB.1.1.0
2023-09-11 23:24:42,992 [WARN] PackLoader:240 - Cannot read IP mode file for STMicroelectronics.FP-ATR-ASTRA1.2.0.0
2023-09-11 23:24:42,993 [INFO] ThirdParty:978 - Integrity check success = true
2023-09-11 23:24:42,993 [INFO] IntegrityCheckThread:100 - exiting critical section [integrity check]
2023-09-11 23:24:42,993 [INFO] IntegrityCheckThread:103 - End integrity checks thread
2023-09-11 23:24:42,994 [INFO] ThirdParty:873 - entering critical section [close project]
2023-09-11 23:24:42,997 [INFO] ThirdParty:883 - exiting critical section [close project]
2023-09-11 23:24:43,002 [INFO] PinOutPanel:1499 - setPackage(No Configuration,No Configuration)
2023-09-11 23:24:43,025 [INFO] UtilMem:75 - Begin LoadConfig() Used Memory: 137017328 Bytes (282066944)
2023-09-11 23:24:43,029 [INFO] MicroXplorer:468 - Change Database Path : 
2023-09-11 23:24:43,029 [INFO] MicroXplorer:498 - Change Database Version : DB.6.0.91
2023-09-11 23:24:43,029 [INFO] OpenFileManager:308 - Change cursor
2023-09-11 23:24:43,085 [INFO] Mcu:1946 - Initializing MCU STM32F401R(D-E)Tx STM32F401RETx STM32F401RET6
2023-09-11 23:24:44,629 [INFO] Context:659 - Trying to add GPIOservice into a context  which must be forbidden
2023-09-11 23:24:45,225 [INFO] RtosManager:555 - Registered RTOS mode: class=CMSIS, group=RTOS, mode=CMSIS_V1, owner=FREERTOS
2023-09-11 23:24:45,225 [INFO] RtosManager:555 - Registered RTOS mode: class=CMSIS, group=RTOS2, mode=CMSIS_V2, owner=FREERTOS
2023-09-11 23:24:45,225 [INFO] RtosManager:555 - Registered RTOS mode: class=RTOS, group=Core, mode=CMSIS_V1, owner=FREERTOS
2023-09-11 23:24:45,225 [INFO] RtosManager:555 - Registered RTOS mode: class=RTOS, group=Core, mode=CMSIS_V2, owner=FREERTOS
2023-09-11 23:24:45,225 [WARN] ModelIntegratedComponent:184 - Missing modes for component STMicroelectronics:FreeRTOS:0.0.1:STMicroelectronics:RTOS:FreeRTOS:Core:::10.2.0:
2023-09-11 23:24:45,243 [WARN] ModelIntegratedComponent:63 - No mode defined for component null
2023-09-11 23:24:45,244 [WARN] ModelIntegratedComponent:63 - No mode defined for component null
2023-09-11 23:24:45,244 [WARN] ModelIntegratedComponent:63 - No mode defined for component null
2023-09-11 23:24:45,244 [WARN] ModelIntegratedComponent:63 - No mode defined for component null
2023-09-11 23:24:45,244 [WARN] ModelIntegratedComponent:63 - No mode defined for component null
2023-09-11 23:24:45,244 [WARN] ModelIntegratedComponent:63 - No mode defined for component null
2023-09-11 23:24:45,244 [WARN] ModelIntegratedComponent:63 - No mode defined for component null
2023-09-11 23:24:45,244 [WARN] ModelIntegratedComponent:63 - No mode defined for component null
2023-09-11 23:24:45,244 [WARN] ModelIntegratedComponent:63 - No mode defined for component null
2023-09-11 23:24:45,244 [WARN] ModelIntegratedComponent:63 - No mode defined for component null
2023-09-11 23:24:45,244 [WARN] ModelIntegratedComponent:63 - No mode defined for component null
2023-09-11 23:24:45,244 [WARN] ModelIntegratedComponent:63 - No mode defined for component null
2023-09-11 23:24:45,244 [WARN] ModelIntegratedComponent:63 - No mode defined for component null
2023-09-11 23:24:45,244 [WARN] ModelIntegratedComponent:63 - No mode defined for component null
2023-09-11 23:24:45,244 [WARN] ModelIntegratedComponent:63 - No mode defined for component null
2023-09-11 23:24:45,244 [WARN] ModelIntegratedComponent:63 - No mode defined for component null
2023-09-11 23:24:45,244 [WARN] ModelIntegratedComponent:63 - No mode defined for component null
2023-09-11 23:24:45,244 [WARN] ModelIntegratedComponent:63 - No mode defined for component null
2023-09-11 23:24:45,244 [WARN] ModelIntegratedComponent:63 - No mode defined for component null
2023-09-11 23:24:45,244 [WARN] ModelIntegratedComponent:63 - No mode defined for component null
2023-09-11 23:24:45,244 [WARN] ModelIntegratedComponent:63 - No mode defined for component null
2023-09-11 23:24:45,244 [WARN] ModelIntegratedComponent:63 - No mode defined for component null
2023-09-11 23:24:45,244 [WARN] ModelIntegratedComponent:63 - No mode defined for component null
2023-09-11 23:24:45,244 [WARN] ModelIntegratedComponent:63 - No mode defined for component null
2023-09-11 23:24:45,244 [WARN] ModelIntegratedComponent:63 - No mode defined for component null
2023-09-11 23:24:45,245 [WARN] ModelIntegratedComponent:63 - No mode defined for component null
2023-09-11 23:24:45,245 [WARN] ModelIntegratedComponent:63 - No mode defined for component null
2023-09-11 23:24:45,245 [WARN] ModelIntegratedComponent:63 - No mode defined for component null
2023-09-11 23:24:45,245 [WARN] ModelIntegratedComponent:63 - No mode defined for component null
2023-09-11 23:24:45,245 [WARN] ModelIntegratedComponent:63 - No mode defined for component null
2023-09-11 23:24:45,245 [WARN] ModelIntegratedComponent:63 - No mode defined for component null
2023-09-11 23:24:45,245 [WARN] ModelIntegratedComponent:63 - No mode defined for component null
2023-09-11 23:24:45,245 [WARN] ModelIntegratedComponent:63 - No mode defined for component null
2023-09-11 23:24:45,361 [INFO] ThirdPartyModel:298 - Start build external matchings
2023-09-11 23:24:45,942 [INFO] ThirdPartyModel:316 - End build external matchings
2023-09-11 23:24:45,966 [INFO] RtosManager:919 - Current active RTOS is FREERTOS [Cortex-M4NS]
2023-09-11 23:24:46,362 [INFO] UtilMem:75 - End LoadConfig() Used Memory: 277289840 Bytes (538968064)
2023-09-11 23:24:46,516 [INFO] ApiDb:581 - Connected to CubeFinder SQLite database (C:\Users\baris\.stmcufinder\plugins\mcufinder\mcu\cube-finder-db.db)
2023-09-11 23:24:46,638 [INFO] ApiDb:668 - CubeFinder database Data Model version=2.1
2023-09-11 23:24:46,638 [INFO] ApiDb:669 - CubeFinder database Configuration version=3.0.37
2023-09-11 23:24:46,638 [INFO] ApiDb:670 - CubeFinder database generation date=2023-08-09 (1691586011)
2023-09-11 23:24:46,638 [INFO] ApiDb:671 - CubeFinder database FW Pack versions=[FP-ATR-ASTRA1_V2.0.0, FP-SNS-FLIGHT1_V5.0.1, FP-SNS-FLIGHT1_V5.0.2, FP-SNS-MOTENV1_V4.3.1, FP-SNS-MOTENV1_V4.3.2, STM32Cube_FW_C0_V1.1.0, STM32Cube_FW_F4_V1.27.1, STM32Cube_FW_F7_V1.17.0, STM32Cube_FW_G0_V1.6.1, STM32Cube_FW_G4_V1.5.1, STM32Cube_FW_H5_V0.5.1, STM32Cube_FW_H5_V1.1.0, STM32Cube_FW_H7_V1.11.0, STM32Cube_FW_L0_V1.12.2, STM32Cube_FW_L5_V1.5.0, STM32Cube_FW_U5_V1.3.0, STM32Cube_FW_U5_V1.3.0RC4, STM32Cube_FW_WBA_V1.0.0RC1, STM32Cube_FW_WBA_V1.1.0, STM32Cube_FW_WBA_V1.1.0RC1, STM32Cube_FW_WB_V1.15.0RC1, STM32Cube_FW_WB_V1.16.0, STM32Cube_FW_WB_V1.16.0RC2, STM32Cube_FW_WB_V1.17.0, STM32Cube_FW_WL_V1.3.0, X-CUBE-ALGOBUILD_V1.3.0, X-CUBE-ALS_V1.0.1, X-CUBE-AZRTOS-F4_V1.1.0, X-CUBE-AZRTOS-F7_V1.1.0, X-CUBE-AZRTOS-G0_V1.1.0, X-CUBE-AZRTOS-G4_V2.0.0, X-CUBE-AZRTOS-H7_V3.1.0, X-CUBE-AZRTOS-L4_V1.0.0, X-CUBE-AZRTOS-L4_V2.0.0, X-CUBE-AZRTOS-L5_V1.1.0, X-CUBE-AZRTOS-WB_V1.1.0, X-CUBE-AZRTOS-WL_V2.0.0, X-CUBE-BLE1_V7.0.0, X-CUBE-BLE2_V3.3.0, X-CUBE-BLEMGR_V2.0.0, X-CUBE-EEPRMA1_V4.1.0, X-CUBE-FREERTOS_V1.1.0, X-CUBE-GNSS1_V6.0.0, X-CUBE-MEMS1_V9.1.0, X-CUBE-MEMS1_V9.4.0, X-CUBE-MEMS1_V9.6.0, X-CUBE-NFC4_V3.0.0, X-CUBE-NFC7_V1.0.0, X-CUBE-SFXS2LP1_V4.0.0, X-CUBE-SUBG2_V5.0.0, X-CUBE-TOF1_V3.3.1]
2023-09-11 23:24:48,751 [INFO] ApiDb:240 - Found 323 in-development CPN: [B-G473E-ZEST1S, B-WB1M-WPAN1, B-WL5M-SUBG1, NUCLEO-C031C6, NUCLEO-H503RB, NUCLEO-H563ZI, NUCLEO-U545RE-Q, NUCLEO-U5A5ZJ-Q, NUCLEO-WBA52CG, STEVAL-PROTEUS1, STEVAL-SMARTAG2, STEVAL-STWINBX1, STM320518-EVAL, STM32C0116-DK, STM32C011D6Y3TR, STM32C011D6Y6TR, STM32C011F4P3, STM32C011F4P6, STM32C011F4U3, STM32C011F4U6TR, STM32C011F6P3, STM32C011F6P6, STM32C011F6U3, STM32C011F6U6TR, STM32C011J4M3, STM32C011J4M6, STM32C011J6M3, STM32C011J6M6, STM32C0316-DK, STM32C031C4T3, STM32C031C4T6, STM32C031C4U3, STM32C031C4U6, STM32C031C6T3, STM32C031C6T6, STM32C031C6U3, STM32C031C6U6, STM32C031F4P3, STM32C031F4P6, STM32C031F6P3, STM32C031F6P6, STM32C031G4U3, STM32C031G4U6, STM32C031G6U3, STM32C031G6U6, STM32C031K4T3, STM32C031K4T6, STM32C031K4U3, STM32C031K4U6, STM32C031K6T3, STM32C031K6T6, STM32C031K6U3, STM32C031K6U6, STM32G071K8TXN, STM32G071K8UXN, STM32G081GBU6N, STM32G081KBT6N, STM32G081KBUXN, STM32G0B1CCT6N, STM32G0B1KCT6, STM32G0B1NEY6TR, STM32G0B1RCT6N, STM32G0C1CCT6, STM32G0C1CCT6N, STM32G0C1CCU6N, STM32G0C1CET6N, STM32G0C1CEU6N, STM32G0C1KCT6, STM32G0C1NEY6TR, STM32G0C1RCI6N, STM32G0C1RCT6N, STM32G0C1REI6N, STM32G0C1RET6N, STM32G0C1VCI6, STM32G0C1VEI6, STM32G471CCT6, STM32G471CCU6, STM32G471CET3, STM32G471CET6, STM32G471CEU3, STM32G471CEU6, STM32G471MCT6, STM32G471MET3, STM32G471MET6, STM32G471MEY6TR, STM32G471QCT6, STM32G471QET3, STM32G471RCT6, STM32G471RET3, STM32G471RET6, STM32G471VCH6, STM32G471VCI6, STM32G471VCT6, STM32G471VEH3, STM32G471VEH6, STM32G471VEI3, STM32G471VEI6, STM32G471VET3, STM32G471VET6, STM32G474CCT6, STM32H503CBT6, STM32H503CBU6, STM32H503EBY6TR, STM32H503KBU6, STM32H503RBT6, STM32H562AGI6, STM32H562AII6, STM32H562IGK6, STM32H562IGT6, STM32H562IIK6, STM32H562IIT6, STM32H562RGT6, STM32H562RGV6, STM32H562RIT6, STM32H562RIV6, STM32H562VGT6, STM32H562VIT6, STM32H562ZGT6, STM32H562ZIT6, STM32H563AGI6, STM32H563AII3Q, STM32H563AII6, STM32H563IGK6, STM32H563IGT6, STM32H563IIK3Q, STM32H563IIK6, STM32H563IIT3Q, STM32H563IIT6, STM32H563MIY3QTR, STM32H563RGT6, STM32H563RGV6, STM32H563RIT6, STM32H563RIV6, STM32H563VGT6, STM32H563VIT3Q, STM32H563VIT6, STM32H563ZGT6, STM32H563ZIT3Q, STM32H563ZIT6, STM32H573AII3Q, STM32H573AII6, STM32H573I-DK, STM32H573IIK3Q, STM32H573IIK6, STM32H573IIT3Q, STM32H573IIT6, STM32H573MIY3QTR, STM32H573RIT6, STM32H573RIV6, STM32H573VIT3Q, STM32H573VIT6, STM32H573ZIT3Q, STM32H573ZIT6, STM32L4R5QGI6STR, STM32MP131AAE3, STM32MP131AAF3, STM32MP131AAG3, STM32MP131CAE3, STM32MP131CAF3, STM32MP131CAG3, STM32MP131DAE7, STM32MP131DAF7, STM32MP131DAG7, STM32MP131FAE7, STM32MP131FAF7, STM32MP131FAG7, STM32MP133AAE3, STM32MP133AAF3, STM32MP133AAG3, STM32MP133CAE3, STM32MP133CAF3, STM32MP133CAG3, STM32MP133DAE7, STM32MP133DAF7, STM32MP133DAG7, STM32MP133FAE7, STM32MP133FAF7, STM32MP133FAG7, STM32MP135AAE3, STM32MP135AAF3, STM32MP135AAG3, STM32MP135CAE3, STM32MP135CAF3, STM32MP135CAG3, STM32MP135DAE7, STM32MP135DAF7, STM32MP135DAG7, STM32MP135F-DK, STM32MP135FAE7, STM32MP135FAF7, STM32MP135FAF7T, STM32MP135FAF7U, STM32MP135FAG7, STM32U535CBT6, STM32U535CBT6Q, STM32U535CBU6, STM32U535CBU6Q, STM32U535CCT6, STM32U535CCT6Q, STM32U535CCU6, STM32U535CCU6Q, STM32U535CET6, STM32U535CET6Q, STM32U535CEU6, STM32U535CEU6Q, STM32U535JEY6QTR, STM32U535NCY6QTR, STM32U535NEY6QTR, STM32U535RBI6, STM32U535RBI6Q, STM32U535RBT6, STM32U535RBT6Q, STM32U535RCI6, STM32U535RCI6Q, STM32U535RCT6, STM32U535RCT6Q, STM32U535REI6, STM32U535REI6Q, STM32U535RET6, STM32U535RET6Q, STM32U535VCI6, STM32U535VCI6Q, STM32U535VCT6, STM32U535VCT6Q, STM32U535VEI6, STM32U535VEI6Q, STM32U535VET6, STM32U535VET6Q, STM32U545CET6, STM32U545CET6Q, STM32U545CEU6, STM32U545CEU6Q, STM32U545JEY6QTR, STM32U545NEY6QTR, STM32U545REI6, STM32U545REI6Q, STM32U545RET6, STM32U545RET6Q, STM32U545VEI6, STM32U545VEI6Q, STM32U545VET6, STM32U545VET6Q, STM32U595AIH6, STM32U595AIH6Q, STM32U595AJH6, STM32U595AJH6Q, STM32U595QII6, STM32U595QII6Q, STM32U595QJI6, STM32U595QJI6Q, STM32U595RIT6, STM32U595RIT6Q, STM32U595RJT6, STM32U595RJT6Q, STM32U595VIT6, STM32U595VIT6Q, STM32U595VJT6, STM32U595VJT6Q, STM32U595ZIT6, STM32U595ZIT6Q, STM32U595ZIY6QTR, STM32U595ZJT6, STM32U595ZJT6Q, STM32U595ZJY6QTR, STM32U599BJY6QTR, STM32U599NIH6Q, STM32U599NJH6Q, STM32U599VIT6Q, STM32U599VJT6, STM32U599VJT6Q, STM32U599ZIT6Q, STM32U599ZIY6QTR, STM32U599ZJT6Q, STM32U599ZJY6QTR, STM32U5A5AJH6, STM32U5A5AJH6Q, STM32U5A5QJI6, STM32U5A5QJI6Q, STM32U5A5RJT6, STM32U5A5RJT6Q, STM32U5A5VJT6, STM32U5A5VJT6Q, STM32U5A5ZJT6, STM32U5A5ZJT6Q, STM32U5A5ZJY6QTR, STM32U5A9BJY6QTR, STM32U5A9J-DK, STM32U5A9NJH6Q, STM32U5A9VJT6Q, STM32U5A9ZJT6Q, STM32U5A9ZJY6QTR, STM32U5F7VIT6, STM32U5F7VIT6Q, STM32U5F7VJT6, STM32U5F7VJT6Q, STM32U5F9BJY6QTR, STM32U5F9NJH6Q, STM32U5F9VIT6Q, STM32U5F9VJT6Q, STM32U5F9ZIJ6QTR, STM32U5F9ZIT6Q, STM32U5F9ZJJ6QTR, STM32U5F9ZJT6Q, STM32U5G7VJT6, STM32U5G7VJT6Q, STM32U5G9BJY6QTR, STM32U5G9J-DK1, STM32U5G9J-DK2, STM32U5G9NJH6Q, STM32U5G9VJT6Q, STM32U5G9ZJJ6QTR, STM32U5G9ZJT6Q, STM32WB1MMCH6, STM32WBA52CEU6, STM32WBA52CEU6T, STM32WBA52CGU6, STM32WBA52CGU6T, STM32WBA52KEU6, STM32WBA52KEU6T, STM32WBA52KGU6, STM32WBA52KGU6T, STM32WL5MOCH6, STM32WL5MOCH6TR]
2023-09-11 23:24:48,758 [INFO] DbMcus:217 - Found 3848 MCUs, 3848 are supported
2023-09-11 23:24:48,759 [INFO] ApiDb:423 - Load user favorites file C:\Users\baris/.stm32cubeide/favorites.mcus.txt: 0 item(s)
2023-09-11 23:24:48,759 [INFO] ApiDb:427 - User favorites MCUs=[]
2023-09-11 23:24:48,760 [INFO] DbMcus:223 - Set 0 / 0 favorites MCUs
2023-09-11 23:24:49,119 [WARN] ThirdParty:833 - waiting for thirdparty lock release [change project]
2023-09-11 23:24:49,119 [INFO] ThirdParty:835 - entering critical section [change project]
2023-09-11 23:24:49,119 [INFO] ThirdParty:1030 - CMSIS Pack Vendor :STMicroelectronics X-CUBE-ISPU 1.1.0
2023-09-11 23:24:49,119 [INFO] ThirdParty:1030 - CMSIS Pack Vendor :STMicroelectronics USBPD 4.1
2023-09-11 23:24:49,119 [INFO] ThirdParty:1030 - CMSIS Pack Vendor :STMicroelectronics X-CUBE-GNSS1 6.0.0
2023-09-11 23:24:49,119 [INFO] ThirdParty:1030 - CMSIS Pack Vendor :STMicroelectronics USB_HOST 2.0.0
2023-09-11 23:24:49,119 [INFO] ThirdParty:1030 - CMSIS Pack Vendor :STMicroelectronics X-CUBE-AZRTOS-F4 1.1.0
2023-09-11 23:24:49,119 [INFO] ThirdParty:1030 - CMSIS Pack Vendor :STMicroelectronics LIBJPEG 8.0.0
2023-09-11 23:24:49,120 [INFO] ThirdParty:1030 - CMSIS Pack Vendor :STMicroelectronics X-CUBE-SMBUS 2.1.0
2023-09-11 23:24:49,120 [INFO] ThirdParty:1030 - CMSIS Pack Vendor :wolfSSL I-CUBE-wolfSSL 5.6.0
2023-09-11 23:24:49,120 [INFO] ThirdParty:1030 - CMSIS Pack Vendor :STMicroelectronics USB_DEVICE 3.0.0
2023-09-11 23:24:49,120 [INFO] ThirdParty:1030 - CMSIS Pack Vendor :STMicroelectronics X-CUBE-AI 8.0.0
2023-09-11 23:24:49,120 [INFO] ThirdParty:1030 - CMSIS Pack Vendor :STMicroelectronics X-CUBE-AZRTOS-WB 2.0.0
2023-09-11 23:24:49,120 [INFO] ThirdParty:1030 - CMSIS Pack Vendor :STMicroelectronics X-CUBE-FREERTOS 1.0.1
2023-09-11 23:24:49,120 [INFO] ThirdParty:1030 - CMSIS Pack Vendor :STMicroelectronics X-CUBE-TOUCHGFX 4.21.3
2023-09-11 23:24:49,120 [INFO] ThirdParty:1030 - CMSIS Pack Vendor :STMicroelectronics X-CUBE-AZRTOS-F7 1.1.0
2023-09-11 23:24:49,120 [INFO] ThirdParty:1030 - CMSIS Pack Vendor :STMicroelectronics X-CUBE-AZRTOS-L5 2.0.0
2023-09-11 23:24:49,120 [INFO] ThirdParty:1030 - CMSIS Pack Vendor :STMicroelectronics USB_DEVICE 2.0.0
2023-09-11 23:24:49,120 [INFO] ThirdParty:1030 - CMSIS Pack Vendor :STMicroelectronics X-CUBE-MEMS1 9.6.0
2023-09-11 23:24:49,120 [INFO] ThirdParty:1030 - CMSIS Pack Vendor :STMicroelectronics FP-SNS-MOTENV1 4.3.2
2023-09-11 23:24:49,120 [INFO] ThirdParty:1030 - CMSIS Pack Vendor :STMicroelectronics X-CUBE-ALGOBUILD 1.3.0
2023-09-11 23:24:49,120 [INFO] ThirdParty:1030 - CMSIS Pack Vendor :STMicroelectronics X-CUBE-BLE1 6.2.4
2023-09-11 23:24:49,120 [INFO] ThirdParty:1030 - CMSIS Pack Vendor :STMicroelectronics X-CUBE-AZRTOS-L5 1.1.0
2023-09-11 23:24:49,120 [INFO] ThirdParty:1030 - CMSIS Pack Vendor :STMicroelectronics FreeRTOS 0.0.1
2023-09-11 23:24:49,120 [INFO] ThirdParty:1030 - CMSIS Pack Vendor :STMicroelectronics X-CUBE-AZRTOS-G0 1.1.0
2023-09-11 23:24:49,120 [INFO] ThirdParty:1030 - CMSIS Pack Vendor :emotas I-CUBE-CANOPEN 1.1.3
2023-09-11 23:24:49,120 [INFO] ThirdParty:1030 - CMSIS Pack Vendor :STMicroelectronics X-CUBE-BLEMGR 2.0.0
2023-09-11 23:24:49,120 [INFO] ThirdParty:1030 - CMSIS Pack Vendor :STMicroelectronics X-CUBE-NFC4 3.0.0
2023-09-11 23:24:49,120 [INFO] ThirdParty:1030 - CMSIS Pack Vendor :STMicroelectronics X-CUBE-SUBG2 5.0.0
2023-09-11 23:24:49,120 [INFO] ThirdParty:1030 - CMSIS Pack Vendor :STMicroelectronics STM32_WPAN 1.0.0
2023-09-11 23:24:49,120 [INFO] ThirdParty:1030 - CMSIS Pack Vendor :STMicroelectronics lwIP 2.0.3
2023-09-11 23:24:49,120 [INFO] ThirdParty:1030 - CMSIS Pack Vendor :STMicroelectronics FP-SNS-FLIGHT1 5.0.2
2023-09-11 23:24:49,120 [INFO] ThirdParty:1030 - CMSIS Pack Vendor :STMicroelectronics USB_HOST 1.0.0
2023-09-11 23:24:49,120 [INFO] ThirdParty:1030 - CMSIS Pack Vendor :STMicroelectronics X-CUBE-TOF1 3.3.1
2023-09-11 23:24:49,120 [INFO] ThirdParty:1030 - CMSIS Pack Vendor :STMicroelectronics X-CUBE-AZRTOS-G4 2.0.0
2023-09-11 23:24:49,120 [INFO] ThirdParty:1030 - CMSIS Pack Vendor :STMicroelectronics PDM2PCM 3.1.0
2023-09-11 23:24:49,120 [INFO] ThirdParty:1030 - CMSIS Pack Vendor :STMicroelectronics X-CUBE-AZRTOS-H7 3.1.0
2023-09-11 23:24:49,120 [INFO] ThirdParty:1030 - CMSIS Pack Vendor :STMicroelectronics X-CUBE-TOF1 3.3.0
2023-09-11 23:24:49,120 [INFO] ThirdParty:1030 - CMSIS Pack Vendor :STMicroelectronics PDM2PCM 3.3.0
2023-09-11 23:24:49,120 [INFO] ThirdParty:1030 - CMSIS Pack Vendor :STMicroelectronics X-CUBE-DISPLAY 3.0.0
2023-09-11 23:24:49,120 [INFO] ThirdParty:1030 - CMSIS Pack Vendor :STMicroelectronics X-CUBE-BLE1 7.0.0
2023-09-11 23:24:49,120 [INFO] ThirdParty:1030 - CMSIS Pack Vendor :STMicroelectronics FP-ATR-SIGFOX1 3.2.0
2023-09-11 23:24:49,120 [INFO] ThirdParty:1030 - CMSIS Pack Vendor :STMicroelectronics X-CUBE-AZRTOS-G4 1.0.0
2023-09-11 23:24:49,120 [INFO] ThirdParty:1030 - CMSIS Pack Vendor :STMicroelectronics X-CUBE-AZRTOS-L4 1.0.0
2023-09-11 23:24:49,120 [INFO] ThirdParty:1030 - CMSIS Pack Vendor :STMicroelectronics HAL Drivers 0.0.0
2023-09-11 23:24:49,120 [INFO] ThirdParty:1030 - CMSIS Pack Vendor :STMicroelectronics MBEDTLS 2.16.2
2023-09-11 23:24:49,120 [INFO] ThirdParty:1030 - CMSIS Pack Vendor :STMicroelectronics X-CUBE-FREERTOS 1.1.0
2023-09-11 23:24:49,121 [INFO] ThirdParty:1030 - CMSIS Pack Vendor :STMicroelectronics X-CUBE-TOUCHGFX 4.22.0
2023-09-11 23:24:49,121 [INFO] ThirdParty:1030 - CMSIS Pack Vendor :STMicroelectronics X-CUBE-NFC7 1.0.1
2023-09-11 23:24:49,121 [INFO] ThirdParty:1030 - CMSIS Pack Vendor :STMicroelectronics MBEDTLS 2.14.1
2023-09-11 23:24:49,121 [INFO] ThirdParty:1030 - CMSIS Pack Vendor :STMicroelectronics X-CUBE-NFC7 1.0.0
2023-09-11 23:24:49,121 [INFO] ThirdParty:1030 - CMSIS Pack Vendor :STMicroelectronics X-CUBE-AZRTOS-WL 1.0.0
2023-09-11 23:24:49,121 [INFO] ThirdParty:1030 - CMSIS Pack Vendor :STMicroelectronics X-CUBE-NFC6 3.0.0
2023-09-11 23:24:49,121 [INFO] ThirdParty:1030 - CMSIS Pack Vendor :STMicroelectronics X-CUBE-EEPRMA1 4.1.0
2023-09-11 23:24:49,121 [INFO] ThirdParty:1030 - CMSIS Pack Vendor :portGmbH I-Cube-SoM-uGOAL 1.1.0
2023-09-11 23:24:49,121 [INFO] ThirdParty:1030 - CMSIS Pack Vendor :STMicroelectronics X-CUBE-ALS 1.0.1
2023-09-11 23:24:49,121 [INFO] ThirdParty:1030 - CMSIS Pack Vendor :STMicroelectronics X-CUBE-MEMS1 9.5.0
2023-09-11 23:24:49,121 [INFO] ThirdParty:1030 - CMSIS Pack Vendor :STMicroelectronics ThreadX 1.0.0
2023-09-11 23:24:49,121 [INFO] ThirdParty:1030 - CMSIS Pack Vendor :STMicroelectronics FP-SNS-SMARTAG2 1.2.0
2023-09-11 23:24:49,121 [INFO] ThirdParty:1030 - CMSIS Pack Vendor :STMicroelectronics X-CUBE-AZRTOS-WB 1.1.0
2023-09-11 23:24:49,121 [INFO] ThirdParty:1030 - CMSIS Pack Vendor :STMicroelectronics X-CUBE-AZRTOS-WL 2.0.0
2023-09-11 23:24:49,121 [INFO] ThirdParty:1030 - CMSIS Pack Vendor :SEGGER I-CUBE-embOS 1.3.1
2023-09-11 23:24:49,121 [INFO] ThirdParty:1030 - CMSIS Pack Vendor :STMicroelectronics USB_DEVICE 1.0.0
2023-09-11 23:24:49,121 [INFO] ThirdParty:1030 - CMSIS Pack Vendor :STMicroelectronics X-CUBE-AI 8.1.0
2023-09-11 23:24:49,121 [INFO] ThirdParty:1030 - CMSIS Pack Vendor :STMicroelectronics X-CUBE-AZRTOS-L4 2.0.0
2023-09-11 23:24:49,121 [INFO] ThirdParty:1030 - CMSIS Pack Vendor :STMicroelectronics ThreadX 0.0.2
2023-09-11 23:24:49,121 [INFO] ThirdParty:1030 - CMSIS Pack Vendor :WES I-CUBE-Cesium 1.3.0
2023-09-11 23:24:49,121 [INFO] ThirdParty:1030 - CMSIS Pack Vendor :STMicroelectronics FP-ATR-ASTRA1 2.0.0
2023-09-11 23:24:49,122 [INFO] ThirdParty:1030 - CMSIS Pack Vendor :STMicroelectronics lwIP 2.1.2
2023-09-11 23:24:49,122 [INFO] ThirdParty:1030 - CMSIS Pack Vendor :STMicroelectronics X-CUBE-SFXS2LP1 4.0.0
2023-09-11 23:24:49,122 [INFO] ThirdParty:1030 - CMSIS Pack Vendor :STMicroelectronics X-CUBE-BLE2 3.3.0
2023-09-11 23:24:49,122 [INFO] ThirdParty:1030 - CMSIS Pack Vendor :STMicroelectronics PDM2PCM 3.2.0
2023-09-11 23:24:49,122 [INFO] ThirdParty:841 - exiting critical section [change project]
2023-09-11 23:24:49,474 [INFO] PinOutPanel:1499 - setPackage(No Configuration,No Configuration)
2023-09-11 23:24:49,475 [INFO] PinOutPanel:1499 - setPackage(STM32F401RETx,LQFP64)
2023-09-11 23:24:50,022 [INFO] UtilMem:75 - Before build in PCC Used Memory: 194027144 Bytes (538968064)
2023-09-11 23:24:51,115 [INFO] UtilMem:75 - After build in PCC Used Memory: 265330312 Bytes (538968064)
2023-09-11 23:24:51,240 [INFO] ApiDbMcu:507 - Load IP Config File for FREERTOS
2023-09-11 23:24:51,277 [INFO] IPUIPlugin:80 - create IPUIPlugin
2023-09-11 23:24:51,278 [INFO] IPUIPlugin:80 - create IPUIPlugin
2023-09-11 23:24:51,278 [INFO] IPUIPlugin:80 - create IPUIPlugin
2023-09-11 23:24:51,278 [INFO] IPUIPlugin:80 - create IPUIPlugin
2023-09-11 23:24:51,278 [INFO] IPUIPlugin:80 - create IPUIPlugin
2023-09-11 23:24:51,278 [INFO] IPUIPlugin:80 - create IPUIPlugin
2023-09-11 23:24:51,278 [INFO] IPUIPlugin:80 - create IPUIPlugin
2023-09-11 23:24:51,278 [INFO] IPUIPlugin:80 - create IPUIPlugin
2023-09-11 23:24:51,279 [INFO] IPUIPlugin:80 - create IPUIPlugin
2023-09-11 23:24:51,279 [INFO] IPUIPlugin:80 - create IPUIPlugin
2023-09-11 23:24:51,279 [INFO] IPUIPlugin:80 - create IPUIPlugin
2023-09-11 23:24:51,279 [INFO] IPUIPlugin:80 - create IPUIPlugin
2023-09-11 23:24:51,279 [INFO] IPUIPlugin:80 - create IPUIPlugin
2023-09-11 23:24:51,280 [INFO] IPUIPlugin:80 - create IPUIPlugin
2023-09-11 23:24:51,280 [INFO] IPUIPlugin:80 - create IPUIPlugin
2023-09-11 23:24:51,280 [INFO] IPUIPlugin:80 - create IPUIPlugin
2023-09-11 23:24:51,280 [INFO] IPUIPlugin:80 - create IPUIPlugin
2023-09-11 23:24:51,281 [INFO] IPUIPlugin:80 - create IPUIPlugin
2023-09-11 23:24:51,281 [INFO] IPUIPlugin:80 - create IPUIPlugin
2023-09-11 23:24:51,281 [INFO] IPUIPlugin:80 - create IPUIPlugin
2023-09-11 23:24:51,281 [INFO] IPUIPlugin:80 - create IPUIPlugin
2023-09-11 23:24:51,282 [INFO] IPUIPlugin:80 - create IPUIPlugin
2023-09-11 23:24:51,282 [INFO] IPUIPlugin:80 - create IPUIPlugin
2023-09-11 23:24:51,282 [INFO] IPUIPlugin:80 - create IPUIPlugin
2023-09-11 23:24:51,282 [INFO] IPUIPlugin:80 - create IPUIPlugin
2023-09-11 23:24:51,283 [INFO] IPUIPlugin:80 - create IPUIPlugin
2023-09-11 23:24:51,283 [INFO] IPUIPlugin:80 - create IPUIPlugin
2023-09-11 23:24:51,283 [INFO] IPUIPlugin:80 - create IPUIPlugin
2023-09-11 23:24:51,283 [INFO] IPUIPlugin:80 - create IPUIPlugin
2023-09-11 23:24:51,283 [INFO] IPUIPlugin:80 - create IPUIPlugin
2023-09-11 23:24:51,284 [INFO] IPUIPlugin:80 - create IPUIPlugin
2023-09-11 23:24:51,284 [INFO] IPUIPlugin:80 - create IPUIPlugin
2023-09-11 23:24:51,284 [INFO] IPUIPlugin:80 - create IPUIPlugin
2023-09-11 23:24:51,285 [INFO] IPUIPlugin:80 - create IPUIPlugin
2023-09-11 23:24:51,285 [INFO] IPUIPlugin:80 - create IPUIPlugin
2023-09-11 23:24:51,285 [INFO] IPUIPlugin:80 - create IPUIPlugin
2023-09-11 23:24:51,286 [INFO] IPUIPlugin:80 - create IPUIPlugin
2023-09-11 23:24:51,286 [INFO] IPUIPlugin:80 - create IPUIPlugin
2023-09-11 23:24:51,313 [INFO] ApiDbMcu:507 - Load IP Config File for PDM2PCM
2023-09-11 23:24:51,381 [WARN] FreeRTOS:1023 - Null or empty value: should not occur! (nothing added to the table)
2023-09-11 23:24:51,633 [INFO] CADModel:165 - CPN selected for project levelSTM32F401RET6
2023-09-11 23:24:51,633 [INFO] CADModel:114 - Register for checkConnection events
2023-09-11 23:24:51,637 [INFO] RtosManager:697 - Active RTOS found at IOC load: FREERTOS [Cortex-M4NS]
2023-09-11 23:24:51,677 [INFO] OpenFileManager:328 - Restore cursor
2023-09-11 23:24:59,408 [ERROR] LogOutputStream:75 - [STDERR_REDIRECT] SLF4J: Failed to load class "org.slf4j.impl.StaticLoggerBinder".
2023-09-11 23:24:59,409 [ERROR] LogOutputStream:75 - [STDERR_REDIRECT] SLF4J: Defaulting to no-operation (NOP) logger implementation
2023-09-11 23:24:59,411 [ERROR] LogOutputStream:75 - [STDERR_REDIRECT] SLF4J: See http://www.slf4j.org/codes.html#StaticLoggerBinder for further details.
